[0.033s] Invoking command in '/root/deepracer_ws/aws-deepracer-launcher/build/inference_pkg': AMENT_PREFIX_PATH=/root/deepracer_ws/aws-deepracer-launcher/install/deepracer_interfaces_pkg:${AMENT_PREFIX_PATH} CMAKE_PREFIX_PATH=/root/deepracer_ws/aws-deepracer-launcher/install/deepracer_interfaces_pkg:/opt/ros/foxy LD_LIBRARY_PATH=/root/deepracer_ws/aws-deepracer-launcher/install/deepracer_interfaces_pkg/lib:${LD_LIBRARY_PATH} PYTHONPATH=/root/deepracer_ws/aws-deepracer-launcher/install/deepracer_interfaces_pkg/lib/python3.8/site-packages:${PYTHONPATH} /usr/bin/cmake /root/deepracer_ws/aws-deepracer-launcher/aws-deepracer-inference-pkg/inference_pkg -DCMAKE_INSTALL_PREFIX=/root/deepracer_ws/aws-deepracer-launcher/install/inference_pkg
[0.249s] -- The C compiler identification is GNU 9.3.0
[0.440s] -- The CXX compiler identification is GNU 9.3.0
[0.617s] -- Check for working C compiler: /usr/bin/cc
[0.832s] -- Check for working C compiler: /usr/bin/cc -- works
[0.835s] -- Detecting C compiler ABI info
[1.082s] -- Detecting C compiler ABI info - done
[1.136s] -- Detecting C compile features
[1.138s] -- Detecting C compile features - done
[1.321s] -- Check for working CXX compiler: /usr/bin/c++
[1.583s] -- Check for working CXX compiler: /usr/bin/c++ -- works
[1.587s] -- Detecting CXX compiler ABI info
[2.013s] -- Detecting CXX compiler ABI info - done
[2.062s] -- Detecting CXX compile features
[2.064s] -- Detecting CXX compile features - done
[2.073s] -- Found ament_cmake: 0.9.8 (/opt/ros/foxy/share/ament_cmake/cmake)
[2.169s] -- Found PythonInterp: /usr/bin/python3 (found suitable version "3.8.5", minimum required is "3") 
[2.169s] -- Using PYTHON_EXECUTABLE: /usr/bin/python3
[3.199s] -- Found rclcpp: 2.3.0 (/opt/ros/foxy/share/rclcpp/cmake)
[3.346s] -- Using all available rosidl_typesupport_c: rosidl_typesupport_fastrtps_c;rosidl_typesupport_introspection_c
[3.369s] -- Found rosidl_adapter: 1.2.0 (/opt/ros/foxy/share/rosidl_adapter/cmake)
[3.620s] -- Found OpenSSL: /usr/lib/x86_64-linux-gnu/libcrypto.so (found version "1.1.1f")  
[3.719s] -- Found FastRTPS: /opt/ros/foxy/include  
[3.969s] -- Using all available rosidl_typesupport_cpp: rosidl_typesupport_fastrtps_cpp;rosidl_typesupport_introspection_cpp
[4.168s] -- Found rmw_implementation_cmake: 1.0.2 (/opt/ros/foxy/share/rmw_implementation_cmake/cmake)
[4.173s] -- Using RMW implementation 'rmw_fastrtps_cpp' as default
[4.179s] -- Looking for pthread.h
[4.419s] -- Looking for pthread.h - found
[4.421s] -- Performing Test CMAKE_HAVE_LIBC_PTHREAD
[4.661s] -- Performing Test CMAKE_HAVE_LIBC_PTHREAD - Failed
[4.663s] -- Looking for pthread_create in pthreads
[4.845s] -- Looking for pthread_create in pthreads - not found
[4.845s] -- Looking for pthread_create in pthread
[5.068s] -- Looking for pthread_create in pthread - found
[5.072s] -- Found Threads: TRUE  
[5.629s] -- Found deepracer_interfaces_pkg: 0.0.1 (/root/deepracer_ws/aws-deepracer-launcher/install/deepracer_interfaces_pkg/share/deepracer_interfaces_pkg/cmake)
[6.536s] -- Found image_transport: 2.3.0 (/opt/ros/foxy/share/image_transport/cmake)
[6.693s] -- Found cv_bridge: 2.2.1 (/opt/ros/foxy/share/cv_bridge/cmake)
[6.891s] -- Found InferenceEngine: /opt/intel/openvino_2021/deployment_tools/inference_engine/lib/intel64/libinference_engine.so  
[6.962s] -- Found ament_lint_auto: 0.9.6 (/opt/ros/foxy/share/ament_lint_auto/cmake)
[7.396s] -- Added test 'copyright' to check source files copyright and LICENSE
[7.401s] -- Added test 'cppcheck' to perform static code analysis on C / C++ code
[7.403s] -- Configured cppcheck include dirs: /root/deepracer_ws/aws-deepracer-launcher/aws-deepracer-inference-pkg/inference_pkg/include
[7.403s] -- Configured cppcheck exclude dirs and/or files: 
[7.408s] -- Added test 'cpplint' to check C / C++ code against the Google style
[7.408s] -- Configured cpplint exclude dirs and/or files: 
[7.411s] -- Added test 'flake8' to check Python code syntax and style conventions
[7.414s] -- Added test 'lint_cmake' to check CMake code style
[7.417s] -- Added test 'pep257' to check Python code against some of the style conventions in PEP 257
[7.421s] -- Added test 'uncrustify' to check C / C++ code style
[7.421s] -- Configured uncrustify additional arguments: 
[7.424s] -- Added test 'xmllint' to check XML markup files
[7.437s] -- Configuring done
[7.659s] -- Generating done
[7.667s] -- Build files have been written to: /root/deepracer_ws/aws-deepracer-launcher/build/inference_pkg
[7.700s] Invoked command in '/root/deepracer_ws/aws-deepracer-launcher/build/inference_pkg' returned '0': AMENT_PREFIX_PATH=/root/deepracer_ws/aws-deepracer-launcher/install/deepracer_interfaces_pkg:${AMENT_PREFIX_PATH} CMAKE_PREFIX_PATH=/root/deepracer_ws/aws-deepracer-launcher/install/deepracer_interfaces_pkg:/opt/ros/foxy LD_LIBRARY_PATH=/root/deepracer_ws/aws-deepracer-launcher/install/deepracer_interfaces_pkg/lib:${LD_LIBRARY_PATH} PYTHONPATH=/root/deepracer_ws/aws-deepracer-launcher/install/deepracer_interfaces_pkg/lib/python3.8/site-packages:${PYTHONPATH} /usr/bin/cmake /root/deepracer_ws/aws-deepracer-launcher/aws-deepracer-inference-pkg/inference_pkg -DCMAKE_INSTALL_PREFIX=/root/deepracer_ws/aws-deepracer-launcher/install/inference_pkg
[7.701s] Invoking command in '/root/deepracer_ws/aws-deepracer-launcher/build/inference_pkg': AMENT_PREFIX_PATH=/root/deepracer_ws/aws-deepracer-launcher/install/deepracer_interfaces_pkg:${AMENT_PREFIX_PATH} CMAKE_PREFIX_PATH=/root/deepracer_ws/aws-deepracer-launcher/install/deepracer_interfaces_pkg:/opt/ros/foxy LD_LIBRARY_PATH=/root/deepracer_ws/aws-deepracer-launcher/install/deepracer_interfaces_pkg/lib:${LD_LIBRARY_PATH} PYTHONPATH=/root/deepracer_ws/aws-deepracer-launcher/install/deepracer_interfaces_pkg/lib/python3.8/site-packages:${PYTHONPATH} /usr/bin/cmake --build /root/deepracer_ws/aws-deepracer-launcher/build/inference_pkg -- -j2 -l2
[7.833s] [35m[1mScanning dependencies of target inference_node[0m
[8.231s] [ 25%] [32mBuilding CXX object CMakeFiles/inference_node.dir/src/inference_node.cpp.o[0m
[25.238s] [ 50%] [32mBuilding CXX object CMakeFiles/inference_node.dir/src/intel_inference_eng.cpp.o[0m
[54.299s] [ 75%] [32mBuilding CXX object CMakeFiles/inference_node.dir/src/image_process.cpp.o[0m
[65.454s] [100%] [32m[1mLinking CXX executable inference_node[0m
[69.020s] /usr/bin/ld: warning: libopencv_imgcodecs.so.4.2, needed by /opt/ros/foxy/lib/libcv_bridge.so, may conflict with libopencv_imgcodecs.so.4.5
[69.021s] /usr/bin/ld: warning: libopencv_imgproc.so.4.2, needed by /opt/ros/foxy/lib/libcv_bridge.so, may conflict with libopencv_imgproc.so.4.5
[69.026s] /usr/bin/ld: warning: libopencv_core.so.4.2, needed by /opt/ros/foxy/lib/libcv_bridge.so, may conflict with libopencv_core.so.4.5
[69.055s] [100%] Built target inference_node
[69.092s] Invoked command in '/root/deepracer_ws/aws-deepracer-launcher/build/inference_pkg' returned '0': AMENT_PREFIX_PATH=/root/deepracer_ws/aws-deepracer-launcher/install/deepracer_interfaces_pkg:${AMENT_PREFIX_PATH} CMAKE_PREFIX_PATH=/root/deepracer_ws/aws-deepracer-launcher/install/deepracer_interfaces_pkg:/opt/ros/foxy LD_LIBRARY_PATH=/root/deepracer_ws/aws-deepracer-launcher/install/deepracer_interfaces_pkg/lib:${LD_LIBRARY_PATH} PYTHONPATH=/root/deepracer_ws/aws-deepracer-launcher/install/deepracer_interfaces_pkg/lib/python3.8/site-packages:${PYTHONPATH} /usr/bin/cmake --build /root/deepracer_ws/aws-deepracer-launcher/build/inference_pkg -- -j2 -l2
[69.192s] Invoking command in '/root/deepracer_ws/aws-deepracer-launcher/build/inference_pkg': AMENT_PREFIX_PATH=/root/deepracer_ws/aws-deepracer-launcher/install/deepracer_interfaces_pkg:${AMENT_PREFIX_PATH} CMAKE_PREFIX_PATH=/root/deepracer_ws/aws-deepracer-launcher/install/deepracer_interfaces_pkg:/opt/ros/foxy LD_LIBRARY_PATH=/root/deepracer_ws/aws-deepracer-launcher/install/deepracer_interfaces_pkg/lib:${LD_LIBRARY_PATH} PYTHONPATH=/root/deepracer_ws/aws-deepracer-launcher/install/deepracer_interfaces_pkg/lib/python3.8/site-packages:${PYTHONPATH} /usr/bin/cmake --install /root/deepracer_ws/aws-deepracer-launcher/build/inference_pkg
[69.219s] -- Install configuration: ""
[69.227s] -- Installing: /root/deepracer_ws/aws-deepracer-launcher/install/inference_pkg/lib/inference_pkg/inference_node
[69.400s] -- Set runtime path of "/root/deepracer_ws/aws-deepracer-launcher/install/inference_pkg/lib/inference_pkg/inference_node" to ""
[69.400s] -- Installing: /root/deepracer_ws/aws-deepracer-launcher/install/inference_pkg/include
[69.401s] -- Installing: /root/deepracer_ws/aws-deepracer-launcher/install/inference_pkg/include/inference_pkg
[69.401s] -- Installing: /root/deepracer_ws/aws-deepracer-launcher/install/inference_pkg/include/inference_pkg/image_process.hpp
[69.402s] -- Installing: /root/deepracer_ws/aws-deepracer-launcher/install/inference_pkg/include/inference_pkg/inference_base.hpp
[69.403s] -- Installing: /root/deepracer_ws/aws-deepracer-launcher/install/inference_pkg/include/inference_pkg/intel_inference_eng.hpp
[69.403s] -- Installing: /root/deepracer_ws/aws-deepracer-launcher/install/inference_pkg/share/inference_pkg//launch
[69.404s] -- Installing: /root/deepracer_ws/aws-deepracer-launcher/install/inference_pkg/share/inference_pkg//launch/inference_pkg_launch.py
[69.404s] -- Installing: /root/deepracer_ws/aws-deepracer-launcher/install/inference_pkg/share/ament_index/resource_index/package_run_dependencies/inference_pkg
[69.405s] -- Installing: /root/deepracer_ws/aws-deepracer-launcher/install/inference_pkg/share/ament_index/resource_index/parent_prefix_path/inference_pkg
[69.406s] -- Installing: /root/deepracer_ws/aws-deepracer-launcher/install/inference_pkg/share/inference_pkg/environment/ament_prefix_path.sh
[69.406s] -- Installing: /root/deepracer_ws/aws-deepracer-launcher/install/inference_pkg/share/inference_pkg/environment/ament_prefix_path.dsv
[69.406s] -- Installing: /root/deepracer_ws/aws-deepracer-launcher/install/inference_pkg/share/inference_pkg/environment/path.sh
[69.406s] -- Installing: /root/deepracer_ws/aws-deepracer-launcher/install/inference_pkg/share/inference_pkg/environment/path.dsv
[69.407s] -- Installing: /root/deepracer_ws/aws-deepracer-launcher/install/inference_pkg/share/inference_pkg/local_setup.bash
[69.407s] -- Installing: /root/deepracer_ws/aws-deepracer-launcher/install/inference_pkg/share/inference_pkg/local_setup.sh
[69.407s] -- Installing: /root/deepracer_ws/aws-deepracer-launcher/install/inference_pkg/share/inference_pkg/local_setup.zsh
[69.408s] -- Installing: /root/deepracer_ws/aws-deepracer-launcher/install/inference_pkg/share/inference_pkg/local_setup.dsv
[69.423s] -- Installing: /root/deepracer_ws/aws-deepracer-launcher/install/inference_pkg/share/inference_pkg/package.dsv
[69.423s] -- Installing: /root/deepracer_ws/aws-deepracer-launcher/install/inference_pkg/share/ament_index/resource_index/packages/inference_pkg
[69.424s] -- Installing: /root/deepracer_ws/aws-deepracer-launcher/install/inference_pkg/share/inference_pkg/cmake/ament_cmake_export_include_directories-extras.cmake
[69.424s] -- Installing: /root/deepracer_ws/aws-deepracer-launcher/install/inference_pkg/share/inference_pkg/cmake/ament_cmake_export_dependencies-extras.cmake
[69.424s] -- Installing: /root/deepracer_ws/aws-deepracer-launcher/install/inference_pkg/share/inference_pkg/cmake/inference_pkgConfig.cmake
[69.425s] -- Installing: /root/deepracer_ws/aws-deepracer-launcher/install/inference_pkg/share/inference_pkg/cmake/inference_pkgConfig-version.cmake
[69.425s] -- Installing: /root/deepracer_ws/aws-deepracer-launcher/install/inference_pkg/share/inference_pkg/package.xml
[69.426s] Invoked command in '/root/deepracer_ws/aws-deepracer-launcher/build/inference_pkg' returned '0': AMENT_PREFIX_PATH=/root/deepracer_ws/aws-deepracer-launcher/install/deepracer_interfaces_pkg:${AMENT_PREFIX_PATH} CMAKE_PREFIX_PATH=/root/deepracer_ws/aws-deepracer-launcher/install/deepracer_interfaces_pkg:/opt/ros/foxy LD_LIBRARY_PATH=/root/deepracer_ws/aws-deepracer-launcher/install/deepracer_interfaces_pkg/lib:${LD_LIBRARY_PATH} PYTHONPATH=/root/deepracer_ws/aws-deepracer-launcher/install/deepracer_interfaces_pkg/lib/python3.8/site-packages:${PYTHONPATH} /usr/bin/cmake --install /root/deepracer_ws/aws-deepracer-launcher/build/inference_pkg
