[0.058s] Invoking command in '/root/deepracer_ws/aws-deepracer-launcher/build/i2c_pkg': AMENT_PREFIX_PATH=/root/deepracer_ws/aws-deepracer-launcher/install/deepracer_interfaces_pkg:${AMENT_PREFIX_PATH} CMAKE_PREFIX_PATH=/root/deepracer_ws/aws-deepracer-launcher/install/deepracer_interfaces_pkg:/opt/ros/foxy LD_LIBRARY_PATH=/root/deepracer_ws/aws-deepracer-launcher/install/deepracer_interfaces_pkg/lib:${LD_LIBRARY_PATH} PYTHONPATH=/root/deepracer_ws/aws-deepracer-launcher/install/deepracer_interfaces_pkg/lib/python3.8/site-packages:${PYTHONPATH} /usr/bin/cmake /root/deepracer_ws/aws-deepracer-launcher/aws-deepracer-i2c-pkg/i2c_pkg -DCMAKE_INSTALL_PREFIX=/root/deepracer_ws/aws-deepracer-launcher/install/i2c_pkg
[0.272s] -- The C compiler identification is GNU 9.3.0
[0.459s] -- The CXX compiler identification is GNU 9.3.0
[0.631s] -- Check for working C compiler: /usr/bin/cc
[0.856s] -- Check for working C compiler: /usr/bin/cc -- works
[0.859s] -- Detecting C compiler ABI info
[1.237s] -- Detecting C compiler ABI info - done
[1.280s] -- Detecting C compile features
[1.283s] -- Detecting C compile features - done
[1.294s] -- Check for working CXX compiler: /usr/bin/c++
[1.569s] -- Check for working CXX compiler: /usr/bin/c++ -- works
[1.573s] -- Detecting CXX compiler ABI info
[1.997s] -- Detecting CXX compiler ABI info - done
[2.047s] -- Detecting CXX compile features
[2.050s] -- Detecting CXX compile features - done
[2.236s] -- Found ament_cmake: 0.9.8 (/opt/ros/foxy/share/ament_cmake/cmake)
[2.333s] -- Found PythonInterp: /usr/bin/python3 (found suitable version "3.8.5", minimum required is "3") 
[2.334s] -- Using PYTHON_EXECUTABLE: /usr/bin/python3
[3.538s] -- Found rclcpp: 2.3.0 (/opt/ros/foxy/share/rclcpp/cmake)
[3.687s] -- Using all available rosidl_typesupport_c: rosidl_typesupport_fastrtps_c;rosidl_typesupport_introspection_c
[3.712s] -- Found rosidl_adapter: 1.2.0 (/opt/ros/foxy/share/rosidl_adapter/cmake)
[3.971s] -- Found OpenSSL: /usr/lib/x86_64-linux-gnu/libcrypto.so (found version "1.1.1f")  
[4.066s] -- Found FastRTPS: /opt/ros/foxy/include  
[4.337s] -- Using all available rosidl_typesupport_cpp: rosidl_typesupport_fastrtps_cpp;rosidl_typesupport_introspection_cpp
[4.556s] -- Found rmw_implementation_cmake: 1.0.2 (/opt/ros/foxy/share/rmw_implementation_cmake/cmake)
[4.561s] -- Using RMW implementation 'rmw_fastrtps_cpp' as default
[4.565s] -- Looking for pthread.h
[4.810s] -- Looking for pthread.h - found
[4.812s] -- Performing Test CMAKE_HAVE_LIBC_PTHREAD
[5.067s] -- Performing Test CMAKE_HAVE_LIBC_PTHREAD - Failed
[5.069s] -- Looking for pthread_create in pthreads
[5.250s] -- Looking for pthread_create in pthreads - not found
[5.251s] -- Looking for pthread_create in pthread
[5.494s] -- Looking for pthread_create in pthread - found
[5.498s] -- Found Threads: TRUE  
[6.109s] -- Found deepracer_interfaces_pkg: 0.0.1 (/root/deepracer_ws/aws-deepracer-launcher/install/deepracer_interfaces_pkg/share/deepracer_interfaces_pkg/cmake)
[7.099s] -- Found ament_lint_auto: 0.9.6 (/opt/ros/foxy/share/ament_lint_auto/cmake)
[7.525s] -- Added test 'copyright' to check source files copyright and LICENSE
[7.530s] -- Added test 'cppcheck' to perform static code analysis on C / C++ code
[7.532s] -- Configured cppcheck include dirs: /root/deepracer_ws/aws-deepracer-launcher/aws-deepracer-i2c-pkg/i2c_pkg/include
[7.533s] -- Configured cppcheck exclude dirs and/or files: 
[7.537s] -- Added test 'cpplint' to check C / C++ code against the Google style
[7.538s] -- Configured cpplint exclude dirs and/or files: 
[7.541s] -- Added test 'flake8' to check Python code syntax and style conventions
[7.544s] -- Added test 'lint_cmake' to check CMake code style
[7.546s] -- Added test 'pep257' to check Python code against some of the style conventions in PEP 257
[7.551s] -- Added test 'uncrustify' to check C / C++ code style
[7.551s] -- Configured uncrustify additional arguments: 
[7.554s] -- Added test 'xmllint' to check XML markup files
[7.565s] -- Configuring done
[7.596s] -- Generating done
[7.605s] -- Build files have been written to: /root/deepracer_ws/aws-deepracer-launcher/build/i2c_pkg
[7.634s] Invoked command in '/root/deepracer_ws/aws-deepracer-launcher/build/i2c_pkg' returned '0': AMENT_PREFIX_PATH=/root/deepracer_ws/aws-deepracer-launcher/install/deepracer_interfaces_pkg:${AMENT_PREFIX_PATH} CMAKE_PREFIX_PATH=/root/deepracer_ws/aws-deepracer-launcher/install/deepracer_interfaces_pkg:/opt/ros/foxy LD_LIBRARY_PATH=/root/deepracer_ws/aws-deepracer-launcher/install/deepracer_interfaces_pkg/lib:${LD_LIBRARY_PATH} PYTHONPATH=/root/deepracer_ws/aws-deepracer-launcher/install/deepracer_interfaces_pkg/lib/python3.8/site-packages:${PYTHONPATH} /usr/bin/cmake /root/deepracer_ws/aws-deepracer-launcher/aws-deepracer-i2c-pkg/i2c_pkg -DCMAKE_INSTALL_PREFIX=/root/deepracer_ws/aws-deepracer-launcher/install/i2c_pkg
[7.645s] Invoking command in '/root/deepracer_ws/aws-deepracer-launcher/build/i2c_pkg': AMENT_PREFIX_PATH=/root/deepracer_ws/aws-deepracer-launcher/install/deepracer_interfaces_pkg:${AMENT_PREFIX_PATH} CMAKE_PREFIX_PATH=/root/deepracer_ws/aws-deepracer-launcher/install/deepracer_interfaces_pkg:/opt/ros/foxy LD_LIBRARY_PATH=/root/deepracer_ws/aws-deepracer-launcher/install/deepracer_interfaces_pkg/lib:${LD_LIBRARY_PATH} PYTHONPATH=/root/deepracer_ws/aws-deepracer-launcher/install/deepracer_interfaces_pkg/lib/python3.8/site-packages:${PYTHONPATH} /usr/bin/cmake --build /root/deepracer_ws/aws-deepracer-launcher/build/i2c_pkg -- -j2 -l2
[7.775s] [35m[1mScanning dependencies of target battery_node[0m
[8.087s] [ 33%] [32mBuilding CXX object CMakeFiles/battery_node.dir/src/battery_node.cpp.o[0m
[20.333s] [ 66%] [32mBuilding CXX object CMakeFiles/battery_node.dir/src/i2c.cpp.o[0m
[28.646s] [100%] [32m[1mLinking CXX executable battery_node[0m
[29.373s] [100%] Built target battery_node
[29.412s] Invoked command in '/root/deepracer_ws/aws-deepracer-launcher/build/i2c_pkg' returned '0': AMENT_PREFIX_PATH=/root/deepracer_ws/aws-deepracer-launcher/install/deepracer_interfaces_pkg:${AMENT_PREFIX_PATH} CMAKE_PREFIX_PATH=/root/deepracer_ws/aws-deepracer-launcher/install/deepracer_interfaces_pkg:/opt/ros/foxy LD_LIBRARY_PATH=/root/deepracer_ws/aws-deepracer-launcher/install/deepracer_interfaces_pkg/lib:${LD_LIBRARY_PATH} PYTHONPATH=/root/deepracer_ws/aws-deepracer-launcher/install/deepracer_interfaces_pkg/lib/python3.8/site-packages:${PYTHONPATH} /usr/bin/cmake --build /root/deepracer_ws/aws-deepracer-launcher/build/i2c_pkg -- -j2 -l2
[29.514s] Invoking command in '/root/deepracer_ws/aws-deepracer-launcher/build/i2c_pkg': AMENT_PREFIX_PATH=/root/deepracer_ws/aws-deepracer-launcher/install/deepracer_interfaces_pkg:${AMENT_PREFIX_PATH} CMAKE_PREFIX_PATH=/root/deepracer_ws/aws-deepracer-launcher/install/deepracer_interfaces_pkg:/opt/ros/foxy LD_LIBRARY_PATH=/root/deepracer_ws/aws-deepracer-launcher/install/deepracer_interfaces_pkg/lib:${LD_LIBRARY_PATH} PYTHONPATH=/root/deepracer_ws/aws-deepracer-launcher/install/deepracer_interfaces_pkg/lib/python3.8/site-packages:${PYTHONPATH} /usr/bin/cmake --install /root/deepracer_ws/aws-deepracer-launcher/build/i2c_pkg
[29.542s] -- Install configuration: ""
[29.545s] -- Installing: /root/deepracer_ws/aws-deepracer-launcher/install/i2c_pkg/lib/i2c_pkg/battery_node
[29.706s] -- Set runtime path of "/root/deepracer_ws/aws-deepracer-launcher/install/i2c_pkg/lib/i2c_pkg/battery_node" to ""
[29.706s] -- Installing: /root/deepracer_ws/aws-deepracer-launcher/install/i2c_pkg/include
[29.707s] -- Installing: /root/deepracer_ws/aws-deepracer-launcher/install/i2c_pkg/include/i2c_pkg
[29.707s] -- Installing: /root/deepracer_ws/aws-deepracer-launcher/install/i2c_pkg/include/i2c_pkg/i2c.hpp
[29.708s] -- Installing: /root/deepracer_ws/aws-deepracer-launcher/install/i2c_pkg/share/i2c_pkg//launch
[29.708s] -- Installing: /root/deepracer_ws/aws-deepracer-launcher/install/i2c_pkg/share/i2c_pkg//launch/i2c_pkg_launch.py
[29.709s] -- Installing: /root/deepracer_ws/aws-deepracer-launcher/install/i2c_pkg/share/ament_index/resource_index/package_run_dependencies/i2c_pkg
[29.709s] -- Installing: /root/deepracer_ws/aws-deepracer-launcher/install/i2c_pkg/share/ament_index/resource_index/parent_prefix_path/i2c_pkg
[29.711s] -- Installing: /root/deepracer_ws/aws-deepracer-launcher/install/i2c_pkg/share/i2c_pkg/environment/ament_prefix_path.sh
[29.711s] -- Installing: /root/deepracer_ws/aws-deepracer-launcher/install/i2c_pkg/share/i2c_pkg/environment/ament_prefix_path.dsv
[29.712s] -- Installing: /root/deepracer_ws/aws-deepracer-launcher/install/i2c_pkg/share/i2c_pkg/environment/path.sh
[29.720s] -- Installing: /root/deepracer_ws/aws-deepracer-launcher/install/i2c_pkg/share/i2c_pkg/environment/path.dsv
[29.720s] -- Installing: /root/deepracer_ws/aws-deepracer-launcher/install/i2c_pkg/share/i2c_pkg/local_setup.bash
[29.722s] -- Installing: /root/deepracer_ws/aws-deepracer-launcher/install/i2c_pkg/share/i2c_pkg/local_setup.sh
[29.736s] -- Installing: /root/deepracer_ws/aws-deepracer-launcher/install/i2c_pkg/share/i2c_pkg/local_setup.zsh
[29.736s] -- Installing: /root/deepracer_ws/aws-deepracer-launcher/install/i2c_pkg/share/i2c_pkg/local_setup.dsv
[29.737s] -- Installing: /root/deepracer_ws/aws-deepracer-launcher/install/i2c_pkg/share/i2c_pkg/package.dsv
[29.737s] -- Installing: /root/deepracer_ws/aws-deepracer-launcher/install/i2c_pkg/share/ament_index/resource_index/packages/i2c_pkg
[29.737s] -- Installing: /root/deepracer_ws/aws-deepracer-launcher/install/i2c_pkg/share/i2c_pkg/cmake/ament_cmake_export_include_directories-extras.cmake
[29.738s] -- Installing: /root/deepracer_ws/aws-deepracer-launcher/install/i2c_pkg/share/i2c_pkg/cmake/ament_cmake_export_dependencies-extras.cmake
[29.738s] -- Installing: /root/deepracer_ws/aws-deepracer-launcher/install/i2c_pkg/share/i2c_pkg/cmake/i2c_pkgConfig.cmake
[29.738s] -- Installing: /root/deepracer_ws/aws-deepracer-launcher/install/i2c_pkg/share/i2c_pkg/cmake/i2c_pkgConfig-version.cmake
[29.738s] -- Installing: /root/deepracer_ws/aws-deepracer-launcher/install/i2c_pkg/share/i2c_pkg/package.xml
[29.739s] Invoked command in '/root/deepracer_ws/aws-deepracer-launcher/build/i2c_pkg' returned '0': AMENT_PREFIX_PATH=/root/deepracer_ws/aws-deepracer-launcher/install/deepracer_interfaces_pkg:${AMENT_PREFIX_PATH} CMAKE_PREFIX_PATH=/root/deepracer_ws/aws-deepracer-launcher/install/deepracer_interfaces_pkg:/opt/ros/foxy LD_LIBRARY_PATH=/root/deepracer_ws/aws-deepracer-launcher/install/deepracer_interfaces_pkg/lib:${LD_LIBRARY_PATH} PYTHONPATH=/root/deepracer_ws/aws-deepracer-launcher/install/deepracer_interfaces_pkg/lib/python3.8/site-packages:${PYTHONPATH} /usr/bin/cmake --install /root/deepracer_ws/aws-deepracer-launcher/build/i2c_pkg
