[0.030s] Invoking command in '/root/deepracer_ws/aws-deepracer-launcher/build/rplidar_ros2': CMAKE_PREFIX_PATH=/opt/ros/foxy /usr/bin/cmake /root/deepracer_ws/aws-deepracer-launcher/rplidar_ros -DCMAKE_INSTALL_PREFIX=/root/deepracer_ws/aws-deepracer-launcher/install/rplidar_ros2
[0.298s] -- The C compiler identification is GNU 9.3.0
[0.479s] -- The CXX compiler identification is GNU 9.3.0
[0.650s] -- Check for working C compiler: /usr/bin/cc
[0.874s] -- Check for working C compiler: /usr/bin/cc -- works
[0.877s] -- Detecting C compiler ABI info
[1.268s] -- Detecting C compiler ABI info - done
[1.312s] -- Detecting C compile features
[1.314s] -- Detecting C compile features - done
[1.326s] -- Check for working CXX compiler: /usr/bin/c++
[1.579s] -- Check for working CXX compiler: /usr/bin/c++ -- works
[1.583s] -- Detecting CXX compiler ABI info
[1.992s] -- Detecting CXX compiler ABI info - done
[2.039s] -- Detecting CXX compile features
[2.042s] -- Detecting CXX compile features - done
[2.225s] -- Found ament_cmake: 0.9.8 (/opt/ros/foxy/share/ament_cmake/cmake)
[2.316s] -- Found PythonInterp: /usr/bin/python3 (found suitable version "3.8.5", minimum required is "3") 
[2.317s] -- Using PYTHON_EXECUTABLE: /usr/bin/python3
[3.281s] -- Found rclcpp: 2.3.0 (/opt/ros/foxy/share/rclcpp/cmake)
[3.419s] -- Using all available rosidl_typesupport_c: rosidl_typesupport_fastrtps_c;rosidl_typesupport_introspection_c
[3.442s] -- Found rosidl_adapter: 1.2.0 (/opt/ros/foxy/share/rosidl_adapter/cmake)
[3.679s] -- Found OpenSSL: /usr/lib/x86_64-linux-gnu/libcrypto.so (found version "1.1.1f")  
[3.766s] -- Found FastRTPS: /opt/ros/foxy/include  
[4.012s] -- Using all available rosidl_typesupport_cpp: rosidl_typesupport_fastrtps_cpp;rosidl_typesupport_introspection_cpp
[4.214s] -- Found rmw_implementation_cmake: 1.0.2 (/opt/ros/foxy/share/rmw_implementation_cmake/cmake)
[4.219s] -- Using RMW implementation 'rmw_fastrtps_cpp' as default
[4.223s] -- Looking for pthread.h
[4.453s] -- Looking for pthread.h - found
[4.455s] -- Performing Test CMAKE_HAVE_LIBC_PTHREAD
[4.686s] -- Performing Test CMAKE_HAVE_LIBC_PTHREAD - Failed
[4.687s] -- Looking for pthread_create in pthreads
[4.852s] -- Looking for pthread_create in pthreads - not found
[4.853s] -- Looking for pthread_create in pthread
[5.077s] -- Looking for pthread_create in pthread - found
[5.081s] -- Found Threads: TRUE  
[5.640s] -- Found sensor_msgs: 2.0.3 (/opt/ros/foxy/share/sensor_msgs/cmake)
[6.164s] -- Found std_srvs: 2.0.3 (/opt/ros/foxy/share/std_srvs/cmake)
[6.599s] -- Configuring done
[6.633s] -- Generating done
[6.640s] -- Build files have been written to: /root/deepracer_ws/aws-deepracer-launcher/build/rplidar_ros2
[6.659s] Invoked command in '/root/deepracer_ws/aws-deepracer-launcher/build/rplidar_ros2' returned '0': CMAKE_PREFIX_PATH=/opt/ros/foxy /usr/bin/cmake /root/deepracer_ws/aws-deepracer-launcher/rplidar_ros -DCMAKE_INSTALL_PREFIX=/root/deepracer_ws/aws-deepracer-launcher/install/rplidar_ros2
[6.661s] Invoking command in '/root/deepracer_ws/aws-deepracer-launcher/build/rplidar_ros2': CMAKE_PREFIX_PATH=/opt/ros/foxy /usr/bin/cmake --build /root/deepracer_ws/aws-deepracer-launcher/build/rplidar_ros2 -- -j2 -l2
[6.795s] [35m[1mScanning dependencies of target rplidar_scan_publisher[0m
[7.116s] [ 14%] [32mBuilding CXX object CMakeFiles/rplidar_scan_publisher.dir/src/rplidar_scan_publisher.cpp.o[0m
[12.585s] In file included from [01m[K/root/deepracer_ws/aws-deepracer-launcher/rplidar_ros/./sdk/include/rplidar.h:39[m[K,
[12.586s]                  from [01m[K/root/deepracer_ws/aws-deepracer-launcher/rplidar_ros/src/rplidar_scan_publisher.cpp:38[m[K:
[12.587s] [01m[K/root/deepracer_ws/aws-deepracer-launcher/rplidar_ros/./sdk/include/rplidar_protocol.h:59:14:[m[K [01;35m[Kwarning: [m[KISO C++ forbids zero-size array ‘[01m[Kdata[m[K’ [[01;35m[K-Wpedantic[m[K]
[12.587s]    59 |     _u8 data[[01;35m[K0[m[K];
[12.588s]       |              [01;35m[K^[m[K
[12.591s] In file included from [01m[K/root/deepracer_ws/aws-deepracer-launcher/rplidar_ros/./sdk/include/rplidar.h:40[m[K,
[12.591s]                  from [01m[K/root/deepracer_ws/aws-deepracer-launcher/rplidar_ros/src/rplidar_scan_publisher.cpp:38[m[K:
[12.592s] [01m[K/root/deepracer_ws/aws-deepracer-launcher/rplidar_ros/./sdk/include/rplidar_cmd.h:260:18:[m[K [01;35m[Kwarning: [m[KISO C++ forbids zero-size array ‘[01m[Kpayload[m[K’ [[01;35m[K-Wpedantic[m[K]
[12.592s]   260 |     _u8  payload[[01;35m[K0[m[K];
[12.593s]       |                  [01;35m[K^[m[K
[21.235s] [ 28%] [32mBuilding CXX object CMakeFiles/rplidar_scan_publisher.dir/sdk/src/arch/linux/net_serial.cpp.o[0m
[22.689s] [ 42%] [32mBuilding CXX object CMakeFiles/rplidar_scan_publisher.dir/sdk/src/arch/linux/net_socket.cpp.o[0m
[23.735s] In file included from [01m[K/root/deepracer_ws/aws-deepracer-launcher/rplidar_ros/./sdk/include/rplidar.h:39[m[K,
[23.736s]                  from [01m[K/root/deepracer_ws/aws-deepracer-launcher/rplidar_ros/./sdk/src/sdkcommon.h:48[m[K,
[23.736s]                  from [01m[K/root/deepracer_ws/aws-deepracer-launcher/rplidar_ros/sdk/src/arch/linux/net_socket.cpp:10[m[K:
[23.737s] [01m[K/root/deepracer_ws/aws-deepracer-launcher/rplidar_ros/./sdk/include/rplidar_protocol.h:59:14:[m[K [01;35m[Kwarning: [m[KISO C++ forbids zero-size array ‘[01m[Kdata[m[K’ [[01;35m[K-Wpedantic[m[K]
[23.738s]    59 |     _u8 data[[01;35m[K0[m[K];
[23.738s]       |              [01;35m[K^[m[K
[23.741s] In file included from [01m[K/root/deepracer_ws/aws-deepracer-launcher/rplidar_ros/./sdk/include/rplidar.h:40[m[K,
[23.742s]                  from [01m[K/root/deepracer_ws/aws-deepracer-launcher/rplidar_ros/./sdk/src/sdkcommon.h:48[m[K,
[23.742s]                  from [01m[K/root/deepracer_ws/aws-deepracer-launcher/rplidar_ros/sdk/src/arch/linux/net_socket.cpp:10[m[K:
[23.743s] [01m[K/root/deepracer_ws/aws-deepracer-launcher/rplidar_ros/./sdk/include/rplidar_cmd.h:260:18:[m[K [01;35m[Kwarning: [m[KISO C++ forbids zero-size array ‘[01m[Kpayload[m[K’ [[01;35m[K-Wpedantic[m[K]
[23.743s]   260 |     _u8  payload[[01;35m[K0[m[K];
[23.745s]       |                  [01;35m[K^[m[K
[24.281s] [ 57%] [32mBuilding CXX object CMakeFiles/rplidar_scan_publisher.dir/sdk/src/arch/linux/timer.cpp.o[0m
[25.362s] [ 71%] [32mBuilding CXX object CMakeFiles/rplidar_scan_publisher.dir/sdk/src/hal/thread.cpp.o[0m
[26.377s] In file included from [01m[K/root/deepracer_ws/aws-deepracer-launcher/rplidar_ros/./sdk/include/rplidar.h:39[m[K,
[26.377s]                  from [01m[K/root/deepracer_ws/aws-deepracer-launcher/rplidar_ros/./sdk/src/sdkcommon.h:48[m[K,
[26.377s]                  from [01m[K/root/deepracer_ws/aws-deepracer-launcher/rplidar_ros/sdk/src/hal/thread.cpp:35[m[K:
[26.378s] [01m[K/root/deepracer_ws/aws-deepracer-launcher/rplidar_ros/./sdk/include/rplidar_protocol.h:59:14:[m[K [01;35m[Kwarning: [m[KISO C++ forbids zero-size array ‘[01m[Kdata[m[K’ [[01;35m[K-Wpedantic[m[K]
[26.378s]    59 |     _u8 data[[01;35m[K0[m[K];
[26.379s]       |              [01;35m[K^[m[K
[26.379s] In file included from [01m[K/root/deepracer_ws/aws-deepracer-launcher/rplidar_ros/./sdk/include/rplidar.h:40[m[K,
[26.379s]                  from [01m[K/root/deepracer_ws/aws-deepracer-launcher/rplidar_ros/./sdk/src/sdkcommon.h:48[m[K,
[26.380s]                  from [01m[K/root/deepracer_ws/aws-deepracer-launcher/rplidar_ros/sdk/src/hal/thread.cpp:35[m[K:
[26.380s] [01m[K/root/deepracer_ws/aws-deepracer-launcher/rplidar_ros/./sdk/include/rplidar_cmd.h:260:18:[m[K [01;35m[Kwarning: [m[KISO C++ forbids zero-size array ‘[01m[Kpayload[m[K’ [[01;35m[K-Wpedantic[m[K]
[26.380s]   260 |     _u8  payload[[01;35m[K0[m[K];
[26.381s]       |                  [01;35m[K^[m[K
[26.386s] In file included from [01m[K/root/deepracer_ws/aws-deepracer-launcher/rplidar_ros/sdk/src/hal/thread.cpp:43[m[K:
[26.386s] [01m[K/root/deepracer_ws/aws-deepracer-launcher/rplidar_ros/./sdk/src/arch/linux/thread.hpp:[m[K In static member function ‘[01m[Kstatic rp::hal::Thread rp::hal::Thread::create(thread_proc_t, void*)[m[K’:
[26.387s] [01m[K/root/deepracer_ws/aws-deepracer-launcher/rplidar_ros/./sdk/src/arch/linux/thread.hpp:48:77:[m[K [01;35m[Kwarning: [m[Kcast between incompatible function types from ‘[01m[Kthread_proc_t[m[K’ {aka ‘[01m[Klong unsigned int (*)(void*)[m[K’} to ‘[01m[Kvoid* (*)(void*)[m[K’ [[01;35m[K-Wcast-function-type[m[K]
[26.387s]    48 |     pthread_create((pthread_t *)&newborn._handle, NULL, (void * (*)(void *))[01;35m[Kproc[m[K, data);
[26.387s]       |                                                                             [01;35m[K^~~~[m[K
[26.661s] [ 85%] [32mBuilding CXX object CMakeFiles/rplidar_scan_publisher.dir/sdk/src/rplidar_driver.cpp.o[0m
[27.676s] In file included from [01m[K/root/deepracer_ws/aws-deepracer-launcher/rplidar_ros/./sdk/include/rplidar.h:39[m[K,
[27.677s]                  from [01m[K/root/deepracer_ws/aws-deepracer-launcher/rplidar_ros/sdk/src/sdkcommon.h:48[m[K,
[27.677s]                  from [01m[K/root/deepracer_ws/aws-deepracer-launcher/rplidar_ros/sdk/src/rplidar_driver.cpp:35[m[K:
[27.677s] [01m[K/root/deepracer_ws/aws-deepracer-launcher/rplidar_ros/./sdk/include/rplidar_protocol.h:59:14:[m[K [01;35m[Kwarning: [m[KISO C++ forbids zero-size array ‘[01m[Kdata[m[K’ [[01;35m[K-Wpedantic[m[K]
[27.678s]    59 |     _u8 data[[01;35m[K0[m[K];
[27.678s]       |              [01;35m[K^[m[K
[27.679s] In file included from [01m[K/root/deepracer_ws/aws-deepracer-launcher/rplidar_ros/./sdk/include/rplidar.h:40[m[K,
[27.679s]                  from [01m[K/root/deepracer_ws/aws-deepracer-launcher/rplidar_ros/sdk/src/sdkcommon.h:48[m[K,
[27.679s]                  from [01m[K/root/deepracer_ws/aws-deepracer-launcher/rplidar_ros/sdk/src/rplidar_driver.cpp:35[m[K:
[27.679s] [01m[K/root/deepracer_ws/aws-deepracer-launcher/rplidar_ros/./sdk/include/rplidar_cmd.h:260:18:[m[K [01;35m[Kwarning: [m[KISO C++ forbids zero-size array ‘[01m[Kpayload[m[K’ [[01;35m[K-Wpedantic[m[K]
[27.680s]   260 |     _u8  payload[[01;35m[K0[m[K];
[27.680s]       |                  [01;35m[K^[m[K
[27.879s] [01m[K/root/deepracer_ws/aws-deepracer-launcher/rplidar_ros/sdk/src/rplidar_driver.cpp:[m[K In member function ‘[01m[Kvirtual void rp::standalone::rplidar::RPlidarDriverImplCommon::_ultraCapsuleToNormal(const rplidar_response_ultra_capsule_measurement_nodes_t&, rplidar_response_measurement_node_hq_t*, size_t&)[m[K’:
[27.879s] [01m[K/root/deepracer_ws/aws-deepracer-launcher/rplidar_ros/sdk/src/rplidar_driver.cpp:1208:32:[m[K [01;35m[Kwarning: [m[Kcomparison of integer expressions of different signedness: ‘[01m[Kint[m[K’ and ‘[01m[Kunsigned int[m[K’ [[01;35m[K-Wsign-compare[m[K]
[27.879s]  1208 |             if (([01;35m[Kdist_predict1 == 0xFFFFFE00[m[K) || (dist_predict1 == 0x1FF)) {
[27.880s]       |                  [01;35m[K~~~~~~~~~~~~~~^~~~~~~~~~~~~[m[K
[27.880s] [01m[K/root/deepracer_ws/aws-deepracer-launcher/rplidar_ros/sdk/src/rplidar_driver.cpp:1216:32:[m[K [01;35m[Kwarning: [m[Kcomparison of integer expressions of different signedness: ‘[01m[Kint[m[K’ and ‘[01m[Kunsigned int[m[K’ [[01;35m[K-Wsign-compare[m[K]
[27.880s]  1216 |             if (([01;35m[Kdist_predict2 == 0xFFFFFE00[m[K) || (dist_predict2 == 0x1FF)) {
[27.881s]       |                  [01;35m[K~~~~~~~~~~~~~~^~~~~~~~~~~~~[m[K
[29.160s] [100%] [32m[1mLinking CXX executable rplidar_scan_publisher[0m
[30.401s] [100%] Built target rplidar_scan_publisher
[30.436s] Invoked command in '/root/deepracer_ws/aws-deepracer-launcher/build/rplidar_ros2' returned '0': CMAKE_PREFIX_PATH=/opt/ros/foxy /usr/bin/cmake --build /root/deepracer_ws/aws-deepracer-launcher/build/rplidar_ros2 -- -j2 -l2
[30.527s] Invoking command in '/root/deepracer_ws/aws-deepracer-launcher/build/rplidar_ros2': CMAKE_PREFIX_PATH=/opt/ros/foxy /usr/bin/cmake --install /root/deepracer_ws/aws-deepracer-launcher/build/rplidar_ros2
[30.561s] -- Install configuration: ""
[30.562s] -- Installing: /root/deepracer_ws/aws-deepracer-launcher/install/rplidar_ros2/share/rplidar_ros2/launch
[30.564s] -- Installing: /root/deepracer_ws/aws-deepracer-launcher/install/rplidar_ros2/share/rplidar_ros2/launch/rplidar_a3_launch.py
[30.565s] -- Installing: /root/deepracer_ws/aws-deepracer-launcher/install/rplidar_ros2/share/rplidar_ros2/launch/rplidar_launch.py
[30.566s] -- Installing: /root/deepracer_ws/aws-deepracer-launcher/install/rplidar_ros2/share/rplidar_ros2/launch/rplidar_s1_launch.py
[30.567s] -- Installing: /root/deepracer_ws/aws-deepracer-launcher/install/rplidar_ros2/share/rplidar_ros2/launch/rplidar_s1_tcp_launch.py
[30.568s] -- Installing: /root/deepracer_ws/aws-deepracer-launcher/install/rplidar_ros2/share/rplidar_ros2/launch/view_rplidar_a3_launch.py
[30.570s] -- Installing: /root/deepracer_ws/aws-deepracer-launcher/install/rplidar_ros2/share/rplidar_ros2/launch/view_rplidar_launch.py
[30.571s] -- Installing: /root/deepracer_ws/aws-deepracer-launcher/install/rplidar_ros2/share/rplidar_ros2/launch/view_rplidar_s1_launch.py
[30.572s] -- Installing: /root/deepracer_ws/aws-deepracer-launcher/install/rplidar_ros2/share/rplidar_ros2/launch/view_rplidar_s1_tcp_launch.py
[30.573s] -- Installing: /root/deepracer_ws/aws-deepracer-launcher/install/rplidar_ros2/share/rplidar_ros2/rviz
[30.574s] -- Installing: /root/deepracer_ws/aws-deepracer-launcher/install/rplidar_ros2/share/rplidar_ros2/rviz/rplidar_ros2.rviz
[30.576s] -- Installing: /root/deepracer_ws/aws-deepracer-launcher/install/rplidar_ros2/lib/rplidar_ros2/rplidar_scan_publisher
[30.748s] -- Set runtime path of "/root/deepracer_ws/aws-deepracer-launcher/install/rplidar_ros2/lib/rplidar_ros2/rplidar_scan_publisher" to ""
[30.750s] -- Installing: /root/deepracer_ws/aws-deepracer-launcher/install/rplidar_ros2/share/ament_index/resource_index/package_run_dependencies/rplidar_ros2
[30.752s] -- Installing: /root/deepracer_ws/aws-deepracer-launcher/install/rplidar_ros2/share/ament_index/resource_index/parent_prefix_path/rplidar_ros2
[30.753s] -- Installing: /root/deepracer_ws/aws-deepracer-launcher/install/rplidar_ros2/share/rplidar_ros2/environment/ament_prefix_path.sh
[30.755s] -- Installing: /root/deepracer_ws/aws-deepracer-launcher/install/rplidar_ros2/share/rplidar_ros2/environment/ament_prefix_path.dsv
[30.756s] -- Installing: /root/deepracer_ws/aws-deepracer-launcher/install/rplidar_ros2/share/rplidar_ros2/environment/path.sh
[30.757s] -- Installing: /root/deepracer_ws/aws-deepracer-launcher/install/rplidar_ros2/share/rplidar_ros2/environment/path.dsv
[30.759s] -- Installing: /root/deepracer_ws/aws-deepracer-launcher/install/rplidar_ros2/share/rplidar_ros2/local_setup.bash
[30.760s] -- Installing: /root/deepracer_ws/aws-deepracer-launcher/install/rplidar_ros2/share/rplidar_ros2/local_setup.sh
[30.762s] -- Installing: /root/deepracer_ws/aws-deepracer-launcher/install/rplidar_ros2/share/rplidar_ros2/local_setup.zsh
[30.763s] -- Installing: /root/deepracer_ws/aws-deepracer-launcher/install/rplidar_ros2/share/rplidar_ros2/local_setup.dsv
[30.765s] -- Installing: /root/deepracer_ws/aws-deepracer-launcher/install/rplidar_ros2/share/rplidar_ros2/package.dsv
[30.767s] -- Installing: /root/deepracer_ws/aws-deepracer-launcher/install/rplidar_ros2/share/ament_index/resource_index/packages/rplidar_ros2
[30.768s] -- Installing: /root/deepracer_ws/aws-deepracer-launcher/install/rplidar_ros2/share/rplidar_ros2/cmake/ament_cmake_export_dependencies-extras.cmake
[30.770s] -- Installing: /root/deepracer_ws/aws-deepracer-launcher/install/rplidar_ros2/share/rplidar_ros2/cmake/ament_cmake_export_include_directories-extras.cmake
[30.771s] -- Installing: /root/deepracer_ws/aws-deepracer-launcher/install/rplidar_ros2/share/rplidar_ros2/cmake/rplidar_ros2Config.cmake
[30.772s] -- Installing: /root/deepracer_ws/aws-deepracer-launcher/install/rplidar_ros2/share/rplidar_ros2/cmake/rplidar_ros2Config-version.cmake
[30.774s] -- Installing: /root/deepracer_ws/aws-deepracer-launcher/install/rplidar_ros2/share/rplidar_ros2/package.xml
[30.789s] Invoked command in '/root/deepracer_ws/aws-deepracer-launcher/build/rplidar_ros2' returned '0': CMAKE_PREFIX_PATH=/opt/ros/foxy /usr/bin/cmake --install /root/deepracer_ws/aws-deepracer-launcher/build/rplidar_ros2
