[0.162s] Invoking command in '/root/deepracer_ws/aws-deepracer-launcher/build/ctrl_pkg': AMENT_PREFIX_PATH=/root/deepracer_ws/aws-deepracer-launcher/install/servo_pkg:/root/deepracer_ws/aws-deepracer-launcher/install/model_optimizer_pkg:/root/deepracer_ws/aws-deepracer-launcher/install/inference_pkg:/root/deepracer_ws/aws-deepracer-launcher/install/deepracer_navigation_pkg:/root/deepracer_ws/aws-deepracer-launcher/install/camera_pkg:/root/deepracer_ws/aws-deepracer-launcher/install/deepracer_interfaces_pkg:${AMENT_PREFIX_PATH} CMAKE_PREFIX_PATH=/root/deepracer_ws/aws-deepracer-launcher/install/servo_pkg:/root/deepracer_ws/aws-deepracer-launcher/install/inference_pkg:/root/deepracer_ws/aws-deepracer-launcher/install/camera_pkg:/root/deepracer_ws/aws-deepracer-launcher/install/deepracer_interfaces_pkg:/opt/ros/foxy LD_LIBRARY_PATH=/root/deepracer_ws/aws-deepracer-launcher/install/deepracer_interfaces_pkg/lib:${LD_LIBRARY_PATH} PYTHONPATH=/root/deepracer_ws/aws-deepracer-launcher/install/model_optimizer_pkg/lib/python3.8/site-packages:/root/deepracer_ws/aws-deepracer-launcher/install/deepracer_navigation_pkg/lib/python3.8/site-packages:/root/deepracer_ws/aws-deepracer-launcher/install/deepracer_interfaces_pkg/lib/python3.8/site-packages:${PYTHONPATH} /usr/bin/cmake /root/deepracer_ws/aws-deepracer-launcher/aws-deepracer-ctrl-pkg/ctrl_pkg -DCMAKE_INSTALL_PREFIX=/root/deepracer_ws/aws-deepracer-launcher/install/ctrl_pkg
[0.358s] -- The C compiler identification is GNU 9.3.0
[0.551s] -- The CXX compiler identification is GNU 9.3.0
[0.721s] -- Check for working C compiler: /usr/bin/cc
[0.950s] -- Check for working C compiler: /usr/bin/cc -- works
[0.953s] -- Detecting C compiler ABI info
[1.340s] -- Detecting C compiler ABI info - done
[1.385s] -- Detecting C compile features
[1.387s] -- Detecting C compile features - done
[1.397s] -- Check for working CXX compiler: /usr/bin/c++
[1.659s] -- Check for working CXX compiler: /usr/bin/c++ -- works
[1.663s] -- Detecting CXX compiler ABI info
[2.068s] -- Detecting CXX compiler ABI info - done
[2.113s] -- Detecting CXX compile features
[2.115s] -- Detecting CXX compile features - done
[2.125s] -- Found ament_cmake: 0.9.8 (/opt/ros/foxy/share/ament_cmake/cmake)
[2.222s] -- Found PythonInterp: /usr/bin/python3 (found suitable version "3.8.5", minimum required is "3") 
[2.223s] -- Using PYTHON_EXECUTABLE: /usr/bin/python3
[3.387s] -- Found rclcpp: 2.3.0 (/opt/ros/foxy/share/rclcpp/cmake)
[3.542s] -- Using all available rosidl_typesupport_c: rosidl_typesupport_fastrtps_c;rosidl_typesupport_introspection_c
[3.570s] -- Found rosidl_adapter: 1.2.0 (/opt/ros/foxy/share/rosidl_adapter/cmake)
[3.898s] -- Found OpenSSL: /usr/lib/x86_64-linux-gnu/libcrypto.so (found version "1.1.1f")  
[3.914s] -- Found FastRTPS: /opt/ros/foxy/include  
[4.171s] -- Using all available rosidl_typesupport_cpp: rosidl_typesupport_fastrtps_cpp;rosidl_typesupport_introspection_cpp
[4.380s] -- Found rmw_implementation_cmake: 1.0.2 (/opt/ros/foxy/share/rmw_implementation_cmake/cmake)
[4.387s] -- Using RMW implementation 'rmw_fastrtps_cpp' as default
[4.390s] -- Looking for pthread.h
[4.626s] -- Looking for pthread.h - found
[4.627s] -- Performing Test CMAKE_HAVE_LIBC_PTHREAD
[4.859s] -- Performing Test CMAKE_HAVE_LIBC_PTHREAD - Failed
[4.860s] -- Looking for pthread_create in pthreads
[5.024s] -- Looking for pthread_create in pthreads - not found
[5.025s] -- Looking for pthread_create in pthread
[5.267s] -- Looking for pthread_create in pthread - found
[5.270s] -- Found Threads: TRUE  
[5.829s] -- Found deepracer_interfaces_pkg: 0.0.1 (/root/deepracer_ws/aws-deepracer-launcher/install/deepracer_interfaces_pkg/share/deepracer_interfaces_pkg/cmake)
[6.741s] -- Found ament_lint_auto: 0.9.6 (/opt/ros/foxy/share/ament_lint_auto/cmake)
[7.179s] -- Added test 'copyright' to check source files copyright and LICENSE
[7.183s] -- Added test 'cppcheck' to perform static code analysis on C / C++ code
[7.184s] -- Configured cppcheck include dirs: /root/deepracer_ws/aws-deepracer-launcher/aws-deepracer-ctrl-pkg/ctrl_pkg/include
[7.184s] -- Configured cppcheck exclude dirs and/or files: 
[7.187s] -- Added test 'cpplint' to check C / C++ code against the Google style
[7.188s] -- Configured cpplint exclude dirs and/or files: 
[7.189s] -- Added test 'flake8' to check Python code syntax and style conventions
[7.191s] -- Added test 'lint_cmake' to check CMake code style
[7.193s] -- Added test 'pep257' to check Python code against some of the style conventions in PEP 257
[7.196s] -- Added test 'uncrustify' to check C / C++ code style
[7.196s] -- Configured uncrustify additional arguments: 
[7.198s] -- Added test 'xmllint' to check XML markup files
[7.208s] -- Configuring done
[7.238s] -- Generating done
[7.243s] -- Build files have been written to: /root/deepracer_ws/aws-deepracer-launcher/build/ctrl_pkg
[7.277s] Invoked command in '/root/deepracer_ws/aws-deepracer-launcher/build/ctrl_pkg' returned '0': AMENT_PREFIX_PATH=/root/deepracer_ws/aws-deepracer-launcher/install/servo_pkg:/root/deepracer_ws/aws-deepracer-launcher/install/model_optimizer_pkg:/root/deepracer_ws/aws-deepracer-launcher/install/inference_pkg:/root/deepracer_ws/aws-deepracer-launcher/install/deepracer_navigation_pkg:/root/deepracer_ws/aws-deepracer-launcher/install/camera_pkg:/root/deepracer_ws/aws-deepracer-launcher/install/deepracer_interfaces_pkg:${AMENT_PREFIX_PATH} CMAKE_PREFIX_PATH=/root/deepracer_ws/aws-deepracer-launcher/install/servo_pkg:/root/deepracer_ws/aws-deepracer-launcher/install/inference_pkg:/root/deepracer_ws/aws-deepracer-launcher/install/camera_pkg:/root/deepracer_ws/aws-deepracer-launcher/install/deepracer_interfaces_pkg:/opt/ros/foxy LD_LIBRARY_PATH=/root/deepracer_ws/aws-deepracer-launcher/install/deepracer_interfaces_pkg/lib:${LD_LIBRARY_PATH} PYTHONPATH=/root/deepracer_ws/aws-deepracer-launcher/install/model_optimizer_pkg/lib/python3.8/site-packages:/root/deepracer_ws/aws-deepracer-launcher/install/deepracer_navigation_pkg/lib/python3.8/site-packages:/root/deepracer_ws/aws-deepracer-launcher/install/deepracer_interfaces_pkg/lib/python3.8/site-packages:${PYTHONPATH} /usr/bin/cmake /root/deepracer_ws/aws-deepracer-launcher/aws-deepracer-ctrl-pkg/ctrl_pkg -DCMAKE_INSTALL_PREFIX=/root/deepracer_ws/aws-deepracer-launcher/install/ctrl_pkg
[7.280s] Invoking command in '/root/deepracer_ws/aws-deepracer-launcher/build/ctrl_pkg': AMENT_PREFIX_PATH=/root/deepracer_ws/aws-deepracer-launcher/install/servo_pkg:/root/deepracer_ws/aws-deepracer-launcher/install/model_optimizer_pkg:/root/deepracer_ws/aws-deepracer-launcher/install/inference_pkg:/root/deepracer_ws/aws-deepracer-launcher/install/deepracer_navigation_pkg:/root/deepracer_ws/aws-deepracer-launcher/install/camera_pkg:/root/deepracer_ws/aws-deepracer-launcher/install/deepracer_interfaces_pkg:${AMENT_PREFIX_PATH} CMAKE_PREFIX_PATH=/root/deepracer_ws/aws-deepracer-launcher/install/servo_pkg:/root/deepracer_ws/aws-deepracer-launcher/install/inference_pkg:/root/deepracer_ws/aws-deepracer-launcher/install/camera_pkg:/root/deepracer_ws/aws-deepracer-launcher/install/deepracer_interfaces_pkg:/opt/ros/foxy LD_LIBRARY_PATH=/root/deepracer_ws/aws-deepracer-launcher/install/deepracer_interfaces_pkg/lib:${LD_LIBRARY_PATH} PYTHONPATH=/root/deepracer_ws/aws-deepracer-launcher/install/model_optimizer_pkg/lib/python3.8/site-packages:/root/deepracer_ws/aws-deepracer-launcher/install/deepracer_navigation_pkg/lib/python3.8/site-packages:/root/deepracer_ws/aws-deepracer-launcher/install/deepracer_interfaces_pkg/lib/python3.8/site-packages:${PYTHONPATH} /usr/bin/cmake --build /root/deepracer_ws/aws-deepracer-launcher/build/ctrl_pkg -- -j2 -l2
[7.412s] [35m[1mScanning dependencies of target ctrl_node[0m
[7.760s] [ 33%] [32mBuilding CXX object CMakeFiles/ctrl_node.dir/src/ctrl_node.cpp.o[0m
[35.025s] [ 66%] [32mBuilding CXX object CMakeFiles/ctrl_node.dir/src/ctrl_state.cpp.o[0m
[74.019s] [100%] [32m[1mLinking CXX executable ctrl_node[0m
[77.044s] [100%] Built target ctrl_node
[77.081s] Invoked command in '/root/deepracer_ws/aws-deepracer-launcher/build/ctrl_pkg' returned '0': AMENT_PREFIX_PATH=/root/deepracer_ws/aws-deepracer-launcher/install/servo_pkg:/root/deepracer_ws/aws-deepracer-launcher/install/model_optimizer_pkg:/root/deepracer_ws/aws-deepracer-launcher/install/inference_pkg:/root/deepracer_ws/aws-deepracer-launcher/install/deepracer_navigation_pkg:/root/deepracer_ws/aws-deepracer-launcher/install/camera_pkg:/root/deepracer_ws/aws-deepracer-launcher/install/deepracer_interfaces_pkg:${AMENT_PREFIX_PATH} CMAKE_PREFIX_PATH=/root/deepracer_ws/aws-deepracer-launcher/install/servo_pkg:/root/deepracer_ws/aws-deepracer-launcher/install/inference_pkg:/root/deepracer_ws/aws-deepracer-launcher/install/camera_pkg:/root/deepracer_ws/aws-deepracer-launcher/install/deepracer_interfaces_pkg:/opt/ros/foxy LD_LIBRARY_PATH=/root/deepracer_ws/aws-deepracer-launcher/install/deepracer_interfaces_pkg/lib:${LD_LIBRARY_PATH} PYTHONPATH=/root/deepracer_ws/aws-deepracer-launcher/install/model_optimizer_pkg/lib/python3.8/site-packages:/root/deepracer_ws/aws-deepracer-launcher/install/deepracer_navigation_pkg/lib/python3.8/site-packages:/root/deepracer_ws/aws-deepracer-launcher/install/deepracer_interfaces_pkg/lib/python3.8/site-packages:${PYTHONPATH} /usr/bin/cmake --build /root/deepracer_ws/aws-deepracer-launcher/build/ctrl_pkg -- -j2 -l2
[77.167s] Invoking command in '/root/deepracer_ws/aws-deepracer-launcher/build/ctrl_pkg': AMENT_PREFIX_PATH=/root/deepracer_ws/aws-deepracer-launcher/install/servo_pkg:/root/deepracer_ws/aws-deepracer-launcher/install/model_optimizer_pkg:/root/deepracer_ws/aws-deepracer-launcher/install/inference_pkg:/root/deepracer_ws/aws-deepracer-launcher/install/deepracer_navigation_pkg:/root/deepracer_ws/aws-deepracer-launcher/install/camera_pkg:/root/deepracer_ws/aws-deepracer-launcher/install/deepracer_interfaces_pkg:${AMENT_PREFIX_PATH} CMAKE_PREFIX_PATH=/root/deepracer_ws/aws-deepracer-launcher/install/servo_pkg:/root/deepracer_ws/aws-deepracer-launcher/install/inference_pkg:/root/deepracer_ws/aws-deepracer-launcher/install/camera_pkg:/root/deepracer_ws/aws-deepracer-launcher/install/deepracer_interfaces_pkg:/opt/ros/foxy LD_LIBRARY_PATH=/root/deepracer_ws/aws-deepracer-launcher/install/deepracer_interfaces_pkg/lib:${LD_LIBRARY_PATH} PYTHONPATH=/root/deepracer_ws/aws-deepracer-launcher/install/model_optimizer_pkg/lib/python3.8/site-packages:/root/deepracer_ws/aws-deepracer-launcher/install/deepracer_navigation_pkg/lib/python3.8/site-packages:/root/deepracer_ws/aws-deepracer-launcher/install/deepracer_interfaces_pkg/lib/python3.8/site-packages:${PYTHONPATH} /usr/bin/cmake --install /root/deepracer_ws/aws-deepracer-launcher/build/ctrl_pkg
[77.202s] -- Install configuration: ""
[77.211s] -- Installing: /root/deepracer_ws/aws-deepracer-launcher/install/ctrl_pkg/lib/ctrl_pkg/ctrl_node
[77.411s] -- Set runtime path of "/root/deepracer_ws/aws-deepracer-launcher/install/ctrl_pkg/lib/ctrl_pkg/ctrl_node" to ""
[77.411s] -- Installing: /root/deepracer_ws/aws-deepracer-launcher/install/ctrl_pkg/include
[77.412s] -- Installing: /root/deepracer_ws/aws-deepracer-launcher/install/ctrl_pkg/include/ctrl_pkg
[77.412s] -- Installing: /root/deepracer_ws/aws-deepracer-launcher/install/ctrl_pkg/include/ctrl_pkg/ctrl_state.hpp
[77.412s] -- Installing: /root/deepracer_ws/aws-deepracer-launcher/install/ctrl_pkg/include/ctrl_pkg/ctrl_state_base.hpp
[77.413s] -- Installing: /root/deepracer_ws/aws-deepracer-launcher/install/ctrl_pkg/share/ctrl_pkg//launch
[77.413s] -- Installing: /root/deepracer_ws/aws-deepracer-launcher/install/ctrl_pkg/share/ctrl_pkg//launch/ctrl_pkg_launch.py
[77.414s] -- Installing: /root/deepracer_ws/aws-deepracer-launcher/install/ctrl_pkg/share/ament_index/resource_index/package_run_dependencies/ctrl_pkg
[77.414s] -- Installing: /root/deepracer_ws/aws-deepracer-launcher/install/ctrl_pkg/share/ament_index/resource_index/parent_prefix_path/ctrl_pkg
[77.415s] -- Installing: /root/deepracer_ws/aws-deepracer-launcher/install/ctrl_pkg/share/ctrl_pkg/environment/ament_prefix_path.sh
[77.416s] -- Installing: /root/deepracer_ws/aws-deepracer-launcher/install/ctrl_pkg/share/ctrl_pkg/environment/ament_prefix_path.dsv
[77.416s] -- Installing: /root/deepracer_ws/aws-deepracer-launcher/install/ctrl_pkg/share/ctrl_pkg/environment/path.sh
[77.416s] -- Installing: /root/deepracer_ws/aws-deepracer-launcher/install/ctrl_pkg/share/ctrl_pkg/environment/path.dsv
[77.417s] -- Installing: /root/deepracer_ws/aws-deepracer-launcher/install/ctrl_pkg/share/ctrl_pkg/local_setup.bash
[77.417s] -- Installing: /root/deepracer_ws/aws-deepracer-launcher/install/ctrl_pkg/share/ctrl_pkg/local_setup.sh
[77.418s] -- Installing: /root/deepracer_ws/aws-deepracer-launcher/install/ctrl_pkg/share/ctrl_pkg/local_setup.zsh
[77.418s] -- Installing: /root/deepracer_ws/aws-deepracer-launcher/install/ctrl_pkg/share/ctrl_pkg/local_setup.dsv
[77.418s] -- Installing: /root/deepracer_ws/aws-deepracer-launcher/install/ctrl_pkg/share/ctrl_pkg/package.dsv
[77.419s] -- Installing: /root/deepracer_ws/aws-deepracer-launcher/install/ctrl_pkg/share/ament_index/resource_index/packages/ctrl_pkg
[77.419s] -- Installing: /root/deepracer_ws/aws-deepracer-launcher/install/ctrl_pkg/share/ctrl_pkg/cmake/ament_cmake_export_include_directories-extras.cmake
[77.419s] -- Installing: /root/deepracer_ws/aws-deepracer-launcher/install/ctrl_pkg/share/ctrl_pkg/cmake/ament_cmake_export_dependencies-extras.cmake
[77.419s] -- Installing: /root/deepracer_ws/aws-deepracer-launcher/install/ctrl_pkg/share/ctrl_pkg/cmake/ctrl_pkgConfig.cmake
[77.428s] -- Installing: /root/deepracer_ws/aws-deepracer-launcher/install/ctrl_pkg/share/ctrl_pkg/cmake/ctrl_pkgConfig-version.cmake
[77.428s] -- Installing: /root/deepracer_ws/aws-deepracer-launcher/install/ctrl_pkg/share/ctrl_pkg/package.xml
[77.430s] Invoked command in '/root/deepracer_ws/aws-deepracer-launcher/build/ctrl_pkg' returned '0': AMENT_PREFIX_PATH=/root/deepracer_ws/aws-deepracer-launcher/install/servo_pkg:/root/deepracer_ws/aws-deepracer-launcher/install/model_optimizer_pkg:/root/deepracer_ws/aws-deepracer-launcher/install/inference_pkg:/root/deepracer_ws/aws-deepracer-launcher/install/deepracer_navigation_pkg:/root/deepracer_ws/aws-deepracer-launcher/install/camera_pkg:/root/deepracer_ws/aws-deepracer-launcher/install/deepracer_interfaces_pkg:${AMENT_PREFIX_PATH} CMAKE_PREFIX_PATH=/root/deepracer_ws/aws-deepracer-launcher/install/servo_pkg:/root/deepracer_ws/aws-deepracer-launcher/install/inference_pkg:/root/deepracer_ws/aws-deepracer-launcher/install/camera_pkg:/root/deepracer_ws/aws-deepracer-launcher/install/deepracer_interfaces_pkg:/opt/ros/foxy LD_LIBRARY_PATH=/root/deepracer_ws/aws-deepracer-launcher/install/deepracer_interfaces_pkg/lib:${LD_LIBRARY_PATH} PYTHONPATH=/root/deepracer_ws/aws-deepracer-launcher/install/model_optimizer_pkg/lib/python3.8/site-packages:/root/deepracer_ws/aws-deepracer-launcher/install/deepracer_navigation_pkg/lib/python3.8/site-packages:/root/deepracer_ws/aws-deepracer-launcher/install/deepracer_interfaces_pkg/lib/python3.8/site-packages:${PYTHONPATH} /usr/bin/cmake --install /root/deepracer_ws/aws-deepracer-launcher/build/ctrl_pkg
