[2.853s] Invoking command in '/root/deepracer_ws/aws-deepracer-launcher/aws-deepracer-systems-pkg/deepracer_systems_pkg': AMENT_PREFIX_PATH=/root/deepracer_ws/aws-deepracer-launcher/install/usb_monitor_pkg:/root/deepracer_ws/aws-deepracer-launcher/install/status_led_pkg:/root/deepracer_ws/aws-deepracer-launcher/install/deepracer_interfaces_pkg:${AMENT_PREFIX_PATH} CMAKE_PREFIX_PATH=/root/deepracer_ws/aws-deepracer-launcher/install/deepracer_interfaces_pkg LD_LIBRARY_PATH=/root/deepracer_ws/aws-deepracer-launcher/install/deepracer_interfaces_pkg/lib:${LD_LIBRARY_PATH} PYTHONPATH=/root/deepracer_ws/aws-deepracer-launcher/install/deepracer_systems_pkg/lib/python3.8/site-packages:/root/deepracer_ws/aws-deepracer-launcher/install/usb_monitor_pkg/lib/python3.8/site-packages:/root/deepracer_ws/aws-deepracer-launcher/install/status_led_pkg/lib/python3.8/site-packages:/root/deepracer_ws/aws-deepracer-launcher/install/deepracer_interfaces_pkg/lib/python3.8/site-packages:${PYTHONPATH} /usr/bin/python3 setup.py egg_info --egg-base ../../build/deepracer_systems_pkg build --build-base /root/deepracer_ws/aws-deepracer-launcher/build/deepracer_systems_pkg/build install --prefix /root/deepracer_ws/aws-deepracer-launcher/install/deepracer_systems_pkg --record /root/deepracer_ws/aws-deepracer-launcher/build/deepracer_systems_pkg/install.log --single-version-externally-managed
[3.758s] running egg_info
[3.762s] creating ../../build/deepracer_systems_pkg/deepracer_systems_pkg.egg-info
[3.763s] writing ../../build/deepracer_systems_pkg/deepracer_systems_pkg.egg-info/PKG-INFO
[3.765s] writing dependency_links to ../../build/deepracer_systems_pkg/deepracer_systems_pkg.egg-info/dependency_links.txt
[3.767s] writing entry points to ../../build/deepracer_systems_pkg/deepracer_systems_pkg.egg-info/entry_points.txt
[3.768s] writing requirements to ../../build/deepracer_systems_pkg/deepracer_systems_pkg.egg-info/requires.txt
[3.769s] writing top-level names to ../../build/deepracer_systems_pkg/deepracer_systems_pkg.egg-info/top_level.txt
[3.775s] writing manifest file '../../build/deepracer_systems_pkg/deepracer_systems_pkg.egg-info/SOURCES.txt'
[4.058s] reading manifest file '../../build/deepracer_systems_pkg/deepracer_systems_pkg.egg-info/SOURCES.txt'
[4.063s] writing manifest file '../../build/deepracer_systems_pkg/deepracer_systems_pkg.egg-info/SOURCES.txt'
[4.065s] running build
[4.066s] running build_py
[4.067s] creating /root/deepracer_ws/aws-deepracer-launcher/build/deepracer_systems_pkg/build
[4.068s] creating /root/deepracer_ws/aws-deepracer-launcher/build/deepracer_systems_pkg/build/lib
[4.069s] creating /root/deepracer_ws/aws-deepracer-launcher/build/deepracer_systems_pkg/build/lib/deepracer_systems_pkg
[4.070s] copying deepracer_systems_pkg/__init__.py -> /root/deepracer_ws/aws-deepracer-launcher/build/deepracer_systems_pkg/build/lib/deepracer_systems_pkg
[4.072s] copying deepracer_systems_pkg/constants.py -> /root/deepracer_ws/aws-deepracer-launcher/build/deepracer_systems_pkg/build/lib/deepracer_systems_pkg
[4.075s] copying deepracer_systems_pkg/file_system_utils.py -> /root/deepracer_ws/aws-deepracer-launcher/build/deepracer_systems_pkg/build/lib/deepracer_systems_pkg
[4.077s] copying deepracer_systems_pkg/scheduler.py -> /root/deepracer_ws/aws-deepracer-launcher/build/deepracer_systems_pkg/build/lib/deepracer_systems_pkg
[4.080s] copying deepracer_systems_pkg/utility.py -> /root/deepracer_ws/aws-deepracer-launcher/build/deepracer_systems_pkg/build/lib/deepracer_systems_pkg
[4.082s] creating /root/deepracer_ws/aws-deepracer-launcher/build/deepracer_systems_pkg/build/lib/deepracer_systems_pkg/software_update_module
[4.084s] copying deepracer_systems_pkg/software_update_module/__init__.py -> /root/deepracer_ws/aws-deepracer-launcher/build/deepracer_systems_pkg/build/lib/deepracer_systems_pkg/software_update_module
[4.085s] copying deepracer_systems_pkg/software_update_module/cache_open_progress.py -> /root/deepracer_ws/aws-deepracer-launcher/build/deepracer_systems_pkg/build/lib/deepracer_systems_pkg/software_update_module
[4.087s] copying deepracer_systems_pkg/software_update_module/cache_update_progress.py -> /root/deepracer_ws/aws-deepracer-launcher/build/deepracer_systems_pkg/build/lib/deepracer_systems_pkg/software_update_module
[4.090s] copying deepracer_systems_pkg/software_update_module/fetch_progress.py -> /root/deepracer_ws/aws-deepracer-launcher/build/deepracer_systems_pkg/build/lib/deepracer_systems_pkg/software_update_module
[4.092s] copying deepracer_systems_pkg/software_update_module/install_progress.py -> /root/deepracer_ws/aws-deepracer-launcher/build/deepracer_systems_pkg/build/lib/deepracer_systems_pkg/software_update_module
[4.112s] copying deepracer_systems_pkg/software_update_module/software_update_config.py -> /root/deepracer_ws/aws-deepracer-launcher/build/deepracer_systems_pkg/build/lib/deepracer_systems_pkg/software_update_module
[4.136s] copying deepracer_systems_pkg/software_update_module/software_update_node.py -> /root/deepracer_ws/aws-deepracer-launcher/build/deepracer_systems_pkg/build/lib/deepracer_systems_pkg/software_update_module
[4.141s] copying deepracer_systems_pkg/software_update_module/software_update_utils.py -> /root/deepracer_ws/aws-deepracer-launcher/build/deepracer_systems_pkg/build/lib/deepracer_systems_pkg/software_update_module
[4.146s] creating /root/deepracer_ws/aws-deepracer-launcher/build/deepracer_systems_pkg/build/lib/deepracer_systems_pkg/model_loader_module
[4.147s] copying deepracer_systems_pkg/model_loader_module/__init__.py -> /root/deepracer_ws/aws-deepracer-launcher/build/deepracer_systems_pkg/build/lib/deepracer_systems_pkg/model_loader_module
[4.149s] copying deepracer_systems_pkg/model_loader_module/model_install_state.py -> /root/deepracer_ws/aws-deepracer-launcher/build/deepracer_systems_pkg/build/lib/deepracer_systems_pkg/model_loader_module
[4.154s] copying deepracer_systems_pkg/model_loader_module/model_loader_config.py -> /root/deepracer_ws/aws-deepracer-launcher/build/deepracer_systems_pkg/build/lib/deepracer_systems_pkg/model_loader_module
[4.159s] copying deepracer_systems_pkg/model_loader_module/model_loader_node.py -> /root/deepracer_ws/aws-deepracer-launcher/build/deepracer_systems_pkg/build/lib/deepracer_systems_pkg/model_loader_module
[4.164s] copying deepracer_systems_pkg/model_loader_module/model_metadata_file_utils.py -> /root/deepracer_ws/aws-deepracer-launcher/build/deepracer_systems_pkg/build/lib/deepracer_systems_pkg/model_loader_module
[4.169s] creating /root/deepracer_ws/aws-deepracer-launcher/build/deepracer_systems_pkg/build/lib/deepracer_systems_pkg/otg_module
[4.171s] copying deepracer_systems_pkg/otg_module/__init__.py -> /root/deepracer_ws/aws-deepracer-launcher/build/deepracer_systems_pkg/build/lib/deepracer_systems_pkg/otg_module
[4.173s] copying deepracer_systems_pkg/otg_module/otg_config.py -> /root/deepracer_ws/aws-deepracer-launcher/build/deepracer_systems_pkg/build/lib/deepracer_systems_pkg/otg_module
[4.174s] copying deepracer_systems_pkg/otg_module/otg_control_node.py -> /root/deepracer_ws/aws-deepracer-launcher/build/deepracer_systems_pkg/build/lib/deepracer_systems_pkg/otg_module
[4.178s] creating /root/deepracer_ws/aws-deepracer-launcher/build/deepracer_systems_pkg/build/lib/deepracer_systems_pkg/network_monitor_module
[4.179s] copying deepracer_systems_pkg/network_monitor_module/__init__.py -> /root/deepracer_ws/aws-deepracer-launcher/build/deepracer_systems_pkg/build/lib/deepracer_systems_pkg/network_monitor_module
[4.180s] copying deepracer_systems_pkg/network_monitor_module/network_config.py -> /root/deepracer_ws/aws-deepracer-launcher/build/deepracer_systems_pkg/build/lib/deepracer_systems_pkg/network_monitor_module
[4.182s] copying deepracer_systems_pkg/network_monitor_module/network_monitor_node.py -> /root/deepracer_ws/aws-deepracer-launcher/build/deepracer_systems_pkg/build/lib/deepracer_systems_pkg/network_monitor_module
[4.185s] copying deepracer_systems_pkg/network_monitor_module/network_utils.py -> /root/deepracer_ws/aws-deepracer-launcher/build/deepracer_systems_pkg/build/lib/deepracer_systems_pkg/network_monitor_module
[4.187s] copying deepracer_systems_pkg/network_monitor_module/wifi_config_utils.py -> /root/deepracer_ws/aws-deepracer-launcher/build/deepracer_systems_pkg/build/lib/deepracer_systems_pkg/network_monitor_module
[4.190s] creating /root/deepracer_ws/aws-deepracer-launcher/build/deepracer_systems_pkg/build/lib/deepracer_systems_pkg/deepracer_systems_scripts_module
[4.191s] copying deepracer_systems_pkg/deepracer_systems_scripts_module/__init__.py -> /root/deepracer_ws/aws-deepracer-launcher/build/deepracer_systems_pkg/build/lib/deepracer_systems_pkg/deepracer_systems_scripts_module
[4.194s] copying deepracer_systems_pkg/deepracer_systems_scripts_module/deepracer_systems_scripts_node.py -> /root/deepracer_ws/aws-deepracer-launcher/build/deepracer_systems_pkg/build/lib/deepracer_systems_pkg/deepracer_systems_scripts_module
[4.198s] running install
[4.202s] running install_lib
[4.206s] creating /root/deepracer_ws/aws-deepracer-launcher/install/deepracer_systems_pkg/lib/python3.8/site-packages/deepracer_systems_pkg
[4.207s] copying /root/deepracer_ws/aws-deepracer-launcher/build/deepracer_systems_pkg/build/lib/deepracer_systems_pkg/__init__.py -> /root/deepracer_ws/aws-deepracer-launcher/install/deepracer_systems_pkg/lib/python3.8/site-packages/deepracer_systems_pkg
[4.209s] copying /root/deepracer_ws/aws-deepracer-launcher/build/deepracer_systems_pkg/build/lib/deepracer_systems_pkg/constants.py -> /root/deepracer_ws/aws-deepracer-launcher/install/deepracer_systems_pkg/lib/python3.8/site-packages/deepracer_systems_pkg
[4.210s] copying /root/deepracer_ws/aws-deepracer-launcher/build/deepracer_systems_pkg/build/lib/deepracer_systems_pkg/file_system_utils.py -> /root/deepracer_ws/aws-deepracer-launcher/install/deepracer_systems_pkg/lib/python3.8/site-packages/deepracer_systems_pkg
[4.212s] copying /root/deepracer_ws/aws-deepracer-launcher/build/deepracer_systems_pkg/build/lib/deepracer_systems_pkg/scheduler.py -> /root/deepracer_ws/aws-deepracer-launcher/install/deepracer_systems_pkg/lib/python3.8/site-packages/deepracer_systems_pkg
[4.213s] copying /root/deepracer_ws/aws-deepracer-launcher/build/deepracer_systems_pkg/build/lib/deepracer_systems_pkg/utility.py -> /root/deepracer_ws/aws-deepracer-launcher/install/deepracer_systems_pkg/lib/python3.8/site-packages/deepracer_systems_pkg
[4.215s] creating /root/deepracer_ws/aws-deepracer-launcher/install/deepracer_systems_pkg/lib/python3.8/site-packages/deepracer_systems_pkg/software_update_module
[4.216s] copying /root/deepracer_ws/aws-deepracer-launcher/build/deepracer_systems_pkg/build/lib/deepracer_systems_pkg/software_update_module/__init__.py -> /root/deepracer_ws/aws-deepracer-launcher/install/deepracer_systems_pkg/lib/python3.8/site-packages/deepracer_systems_pkg/software_update_module
[4.217s] copying /root/deepracer_ws/aws-deepracer-launcher/build/deepracer_systems_pkg/build/lib/deepracer_systems_pkg/software_update_module/cache_open_progress.py -> /root/deepracer_ws/aws-deepracer-launcher/install/deepracer_systems_pkg/lib/python3.8/site-packages/deepracer_systems_pkg/software_update_module
[4.219s] copying /root/deepracer_ws/aws-deepracer-launcher/build/deepracer_systems_pkg/build/lib/deepracer_systems_pkg/software_update_module/cache_update_progress.py -> /root/deepracer_ws/aws-deepracer-launcher/install/deepracer_systems_pkg/lib/python3.8/site-packages/deepracer_systems_pkg/software_update_module
[4.220s] copying /root/deepracer_ws/aws-deepracer-launcher/build/deepracer_systems_pkg/build/lib/deepracer_systems_pkg/software_update_module/fetch_progress.py -> /root/deepracer_ws/aws-deepracer-launcher/install/deepracer_systems_pkg/lib/python3.8/site-packages/deepracer_systems_pkg/software_update_module
[4.222s] copying /root/deepracer_ws/aws-deepracer-launcher/build/deepracer_systems_pkg/build/lib/deepracer_systems_pkg/software_update_module/install_progress.py -> /root/deepracer_ws/aws-deepracer-launcher/install/deepracer_systems_pkg/lib/python3.8/site-packages/deepracer_systems_pkg/software_update_module
[4.223s] copying /root/deepracer_ws/aws-deepracer-launcher/build/deepracer_systems_pkg/build/lib/deepracer_systems_pkg/software_update_module/software_update_config.py -> /root/deepracer_ws/aws-deepracer-launcher/install/deepracer_systems_pkg/lib/python3.8/site-packages/deepracer_systems_pkg/software_update_module
[4.225s] copying /root/deepracer_ws/aws-deepracer-launcher/build/deepracer_systems_pkg/build/lib/deepracer_systems_pkg/software_update_module/software_update_node.py -> /root/deepracer_ws/aws-deepracer-launcher/install/deepracer_systems_pkg/lib/python3.8/site-packages/deepracer_systems_pkg/software_update_module
[4.226s] copying /root/deepracer_ws/aws-deepracer-launcher/build/deepracer_systems_pkg/build/lib/deepracer_systems_pkg/software_update_module/software_update_utils.py -> /root/deepracer_ws/aws-deepracer-launcher/install/deepracer_systems_pkg/lib/python3.8/site-packages/deepracer_systems_pkg/software_update_module
[4.228s] creating /root/deepracer_ws/aws-deepracer-launcher/install/deepracer_systems_pkg/lib/python3.8/site-packages/deepracer_systems_pkg/model_loader_module
[4.229s] copying /root/deepracer_ws/aws-deepracer-launcher/build/deepracer_systems_pkg/build/lib/deepracer_systems_pkg/model_loader_module/__init__.py -> /root/deepracer_ws/aws-deepracer-launcher/install/deepracer_systems_pkg/lib/python3.8/site-packages/deepracer_systems_pkg/model_loader_module
[4.230s] copying /root/deepracer_ws/aws-deepracer-launcher/build/deepracer_systems_pkg/build/lib/deepracer_systems_pkg/model_loader_module/model_install_state.py -> /root/deepracer_ws/aws-deepracer-launcher/install/deepracer_systems_pkg/lib/python3.8/site-packages/deepracer_systems_pkg/model_loader_module
[4.232s] copying /root/deepracer_ws/aws-deepracer-launcher/build/deepracer_systems_pkg/build/lib/deepracer_systems_pkg/model_loader_module/model_loader_config.py -> /root/deepracer_ws/aws-deepracer-launcher/install/deepracer_systems_pkg/lib/python3.8/site-packages/deepracer_systems_pkg/model_loader_module
[4.233s] copying /root/deepracer_ws/aws-deepracer-launcher/build/deepracer_systems_pkg/build/lib/deepracer_systems_pkg/model_loader_module/model_loader_node.py -> /root/deepracer_ws/aws-deepracer-launcher/install/deepracer_systems_pkg/lib/python3.8/site-packages/deepracer_systems_pkg/model_loader_module
[4.235s] copying /root/deepracer_ws/aws-deepracer-launcher/build/deepracer_systems_pkg/build/lib/deepracer_systems_pkg/model_loader_module/model_metadata_file_utils.py -> /root/deepracer_ws/aws-deepracer-launcher/install/deepracer_systems_pkg/lib/python3.8/site-packages/deepracer_systems_pkg/model_loader_module
[4.237s] creating /root/deepracer_ws/aws-deepracer-launcher/install/deepracer_systems_pkg/lib/python3.8/site-packages/deepracer_systems_pkg/otg_module
[4.238s] copying /root/deepracer_ws/aws-deepracer-launcher/build/deepracer_systems_pkg/build/lib/deepracer_systems_pkg/otg_module/__init__.py -> /root/deepracer_ws/aws-deepracer-launcher/install/deepracer_systems_pkg/lib/python3.8/site-packages/deepracer_systems_pkg/otg_module
[4.239s] copying /root/deepracer_ws/aws-deepracer-launcher/build/deepracer_systems_pkg/build/lib/deepracer_systems_pkg/otg_module/otg_config.py -> /root/deepracer_ws/aws-deepracer-launcher/install/deepracer_systems_pkg/lib/python3.8/site-packages/deepracer_systems_pkg/otg_module
[4.241s] copying /root/deepracer_ws/aws-deepracer-launcher/build/deepracer_systems_pkg/build/lib/deepracer_systems_pkg/otg_module/otg_control_node.py -> /root/deepracer_ws/aws-deepracer-launcher/install/deepracer_systems_pkg/lib/python3.8/site-packages/deepracer_systems_pkg/otg_module
[4.242s] creating /root/deepracer_ws/aws-deepracer-launcher/install/deepracer_systems_pkg/lib/python3.8/site-packages/deepracer_systems_pkg/network_monitor_module
[4.244s] copying /root/deepracer_ws/aws-deepracer-launcher/build/deepracer_systems_pkg/build/lib/deepracer_systems_pkg/network_monitor_module/__init__.py -> /root/deepracer_ws/aws-deepracer-launcher/install/deepracer_systems_pkg/lib/python3.8/site-packages/deepracer_systems_pkg/network_monitor_module
[4.245s] copying /root/deepracer_ws/aws-deepracer-launcher/build/deepracer_systems_pkg/build/lib/deepracer_systems_pkg/network_monitor_module/network_config.py -> /root/deepracer_ws/aws-deepracer-launcher/install/deepracer_systems_pkg/lib/python3.8/site-packages/deepracer_systems_pkg/network_monitor_module
[4.246s] copying /root/deepracer_ws/aws-deepracer-launcher/build/deepracer_systems_pkg/build/lib/deepracer_systems_pkg/network_monitor_module/network_monitor_node.py -> /root/deepracer_ws/aws-deepracer-launcher/install/deepracer_systems_pkg/lib/python3.8/site-packages/deepracer_systems_pkg/network_monitor_module
[4.248s] copying /root/deepracer_ws/aws-deepracer-launcher/build/deepracer_systems_pkg/build/lib/deepracer_systems_pkg/network_monitor_module/network_utils.py -> /root/deepracer_ws/aws-deepracer-launcher/install/deepracer_systems_pkg/lib/python3.8/site-packages/deepracer_systems_pkg/network_monitor_module
[4.250s] copying /root/deepracer_ws/aws-deepracer-launcher/build/deepracer_systems_pkg/build/lib/deepracer_systems_pkg/network_monitor_module/wifi_config_utils.py -> /root/deepracer_ws/aws-deepracer-launcher/install/deepracer_systems_pkg/lib/python3.8/site-packages/deepracer_systems_pkg/network_monitor_module
[4.251s] creating /root/deepracer_ws/aws-deepracer-launcher/install/deepracer_systems_pkg/lib/python3.8/site-packages/deepracer_systems_pkg/deepracer_systems_scripts_module
[4.252s] copying /root/deepracer_ws/aws-deepracer-launcher/build/deepracer_systems_pkg/build/lib/deepracer_systems_pkg/deepracer_systems_scripts_module/__init__.py -> /root/deepracer_ws/aws-deepracer-launcher/install/deepracer_systems_pkg/lib/python3.8/site-packages/deepracer_systems_pkg/deepracer_systems_scripts_module
[4.254s] copying /root/deepracer_ws/aws-deepracer-launcher/build/deepracer_systems_pkg/build/lib/deepracer_systems_pkg/deepracer_systems_scripts_module/deepracer_systems_scripts_node.py -> /root/deepracer_ws/aws-deepracer-launcher/install/deepracer_systems_pkg/lib/python3.8/site-packages/deepracer_systems_pkg/deepracer_systems_scripts_module
[4.257s] byte-compiling /root/deepracer_ws/aws-deepracer-launcher/install/deepracer_systems_pkg/lib/python3.8/site-packages/deepracer_systems_pkg/__init__.py to __init__.cpython-38.pyc
[4.263s] byte-compiling /root/deepracer_ws/aws-deepracer-launcher/install/deepracer_systems_pkg/lib/python3.8/site-packages/deepracer_systems_pkg/constants.py to constants.cpython-38.pyc
[4.266s] byte-compiling /root/deepracer_ws/aws-deepracer-launcher/install/deepracer_systems_pkg/lib/python3.8/site-packages/deepracer_systems_pkg/file_system_utils.py to file_system_utils.cpython-38.pyc
[4.270s] byte-compiling /root/deepracer_ws/aws-deepracer-launcher/install/deepracer_systems_pkg/lib/python3.8/site-packages/deepracer_systems_pkg/scheduler.py to scheduler.cpython-38.pyc
[4.273s] byte-compiling /root/deepracer_ws/aws-deepracer-launcher/install/deepracer_systems_pkg/lib/python3.8/site-packages/deepracer_systems_pkg/utility.py to utility.cpython-38.pyc
[4.277s] byte-compiling /root/deepracer_ws/aws-deepracer-launcher/install/deepracer_systems_pkg/lib/python3.8/site-packages/deepracer_systems_pkg/software_update_module/__init__.py to __init__.cpython-38.pyc
[4.279s] byte-compiling /root/deepracer_ws/aws-deepracer-launcher/install/deepracer_systems_pkg/lib/python3.8/site-packages/deepracer_systems_pkg/software_update_module/cache_open_progress.py to cache_open_progress.cpython-38.pyc
[4.281s] byte-compiling /root/deepracer_ws/aws-deepracer-launcher/install/deepracer_systems_pkg/lib/python3.8/site-packages/deepracer_systems_pkg/software_update_module/cache_update_progress.py to cache_update_progress.cpython-38.pyc
[4.284s] byte-compiling /root/deepracer_ws/aws-deepracer-launcher/install/deepracer_systems_pkg/lib/python3.8/site-packages/deepracer_systems_pkg/software_update_module/fetch_progress.py to fetch_progress.cpython-38.pyc
[4.287s] byte-compiling /root/deepracer_ws/aws-deepracer-launcher/install/deepracer_systems_pkg/lib/python3.8/site-packages/deepracer_systems_pkg/software_update_module/install_progress.py to install_progress.cpython-38.pyc
[4.290s] byte-compiling /root/deepracer_ws/aws-deepracer-launcher/install/deepracer_systems_pkg/lib/python3.8/site-packages/deepracer_systems_pkg/software_update_module/software_update_config.py to software_update_config.cpython-38.pyc
[4.292s] byte-compiling /root/deepracer_ws/aws-deepracer-launcher/install/deepracer_systems_pkg/lib/python3.8/site-packages/deepracer_systems_pkg/software_update_module/software_update_node.py to software_update_node.cpython-38.pyc
[4.303s] byte-compiling /root/deepracer_ws/aws-deepracer-launcher/install/deepracer_systems_pkg/lib/python3.8/site-packages/deepracer_systems_pkg/software_update_module/software_update_utils.py to software_update_utils.cpython-38.pyc
[4.306s] byte-compiling /root/deepracer_ws/aws-deepracer-launcher/install/deepracer_systems_pkg/lib/python3.8/site-packages/deepracer_systems_pkg/model_loader_module/__init__.py to __init__.cpython-38.pyc
[4.307s] byte-compiling /root/deepracer_ws/aws-deepracer-launcher/install/deepracer_systems_pkg/lib/python3.8/site-packages/deepracer_systems_pkg/model_loader_module/model_install_state.py to model_install_state.cpython-38.pyc
[4.312s] byte-compiling /root/deepracer_ws/aws-deepracer-launcher/install/deepracer_systems_pkg/lib/python3.8/site-packages/deepracer_systems_pkg/model_loader_module/model_loader_config.py to model_loader_config.cpython-38.pyc
[4.314s] byte-compiling /root/deepracer_ws/aws-deepracer-launcher/install/deepracer_systems_pkg/lib/python3.8/site-packages/deepracer_systems_pkg/model_loader_module/model_loader_node.py to model_loader_node.cpython-38.pyc
[4.324s] byte-compiling /root/deepracer_ws/aws-deepracer-launcher/install/deepracer_systems_pkg/lib/python3.8/site-packages/deepracer_systems_pkg/model_loader_module/model_metadata_file_utils.py to model_metadata_file_utils.cpython-38.pyc
[4.327s] byte-compiling /root/deepracer_ws/aws-deepracer-launcher/install/deepracer_systems_pkg/lib/python3.8/site-packages/deepracer_systems_pkg/otg_module/__init__.py to __init__.cpython-38.pyc
[4.329s] byte-compiling /root/deepracer_ws/aws-deepracer-launcher/install/deepracer_systems_pkg/lib/python3.8/site-packages/deepracer_systems_pkg/otg_module/otg_config.py to otg_config.cpython-38.pyc
[4.331s] byte-compiling /root/deepracer_ws/aws-deepracer-launcher/install/deepracer_systems_pkg/lib/python3.8/site-packages/deepracer_systems_pkg/otg_module/otg_control_node.py to otg_control_node.cpython-38.pyc
[4.335s] byte-compiling /root/deepracer_ws/aws-deepracer-launcher/install/deepracer_systems_pkg/lib/python3.8/site-packages/deepracer_systems_pkg/network_monitor_module/__init__.py to __init__.cpython-38.pyc
[4.337s] byte-compiling /root/deepracer_ws/aws-deepracer-launcher/install/deepracer_systems_pkg/lib/python3.8/site-packages/deepracer_systems_pkg/network_monitor_module/network_config.py to network_config.cpython-38.pyc
[4.340s] byte-compiling /root/deepracer_ws/aws-deepracer-launcher/install/deepracer_systems_pkg/lib/python3.8/site-packages/deepracer_systems_pkg/network_monitor_module/network_monitor_node.py to network_monitor_node.cpython-38.pyc
[4.347s] byte-compiling /root/deepracer_ws/aws-deepracer-launcher/install/deepracer_systems_pkg/lib/python3.8/site-packages/deepracer_systems_pkg/network_monitor_module/network_utils.py to network_utils.cpython-38.pyc
[4.350s] byte-compiling /root/deepracer_ws/aws-deepracer-launcher/install/deepracer_systems_pkg/lib/python3.8/site-packages/deepracer_systems_pkg/network_monitor_module/wifi_config_utils.py to wifi_config_utils.cpython-38.pyc
[4.354s] byte-compiling /root/deepracer_ws/aws-deepracer-launcher/install/deepracer_systems_pkg/lib/python3.8/site-packages/deepracer_systems_pkg/deepracer_systems_scripts_module/__init__.py to __init__.cpython-38.pyc
[4.356s] byte-compiling /root/deepracer_ws/aws-deepracer-launcher/install/deepracer_systems_pkg/lib/python3.8/site-packages/deepracer_systems_pkg/deepracer_systems_scripts_module/deepracer_systems_scripts_node.py to deepracer_systems_scripts_node.cpython-38.pyc
[4.359s] running install_data
[4.362s] creating /root/deepracer_ws/aws-deepracer-launcher/install/deepracer_systems_pkg/share/ament_index
[4.363s] creating /root/deepracer_ws/aws-deepracer-launcher/install/deepracer_systems_pkg/share/ament_index/resource_index
[4.364s] creating /root/deepracer_ws/aws-deepracer-launcher/install/deepracer_systems_pkg/share/ament_index/resource_index/packages
[4.366s] copying resource/deepracer_systems_pkg -> /root/deepracer_ws/aws-deepracer-launcher/install/deepracer_systems_pkg/share/ament_index/resource_index/packages
[4.367s] copying package.xml -> /root/deepracer_ws/aws-deepracer-launcher/install/deepracer_systems_pkg/share/deepracer_systems_pkg
[4.369s] copying launch/deepracer_systems_pkg_launch.py -> /root/deepracer_ws/aws-deepracer-launcher/install/deepracer_systems_pkg/share/deepracer_systems_pkg
[4.524s] running install_egg_info
[4.530s] Copying ../../build/deepracer_systems_pkg/deepracer_systems_pkg.egg-info to /root/deepracer_ws/aws-deepracer-launcher/install/deepracer_systems_pkg/lib/python3.8/site-packages/deepracer_systems_pkg-0.0.1-py3.8.egg-info
[4.535s] running install_scripts
[4.599s] Installing deepracer_systems_scripts_node script to /root/deepracer_ws/aws-deepracer-launcher/install/deepracer_systems_pkg/lib/deepracer_systems_pkg
[4.601s] Installing model_loader_node script to /root/deepracer_ws/aws-deepracer-launcher/install/deepracer_systems_pkg/lib/deepracer_systems_pkg
[4.602s] Installing network_monitor_node script to /root/deepracer_ws/aws-deepracer-launcher/install/deepracer_systems_pkg/lib/deepracer_systems_pkg
[4.603s] Installing otg_control_node script to /root/deepracer_ws/aws-deepracer-launcher/install/deepracer_systems_pkg/lib/deepracer_systems_pkg
[4.605s] Installing software_update_node script to /root/deepracer_ws/aws-deepracer-launcher/install/deepracer_systems_pkg/lib/deepracer_systems_pkg
[4.609s] writing list of installed files to '/root/deepracer_ws/aws-deepracer-launcher/build/deepracer_systems_pkg/install.log'
[4.695s] Invoked command in '/root/deepracer_ws/aws-deepracer-launcher/aws-deepracer-systems-pkg/deepracer_systems_pkg' returned '0': AMENT_PREFIX_PATH=/root/deepracer_ws/aws-deepracer-launcher/install/usb_monitor_pkg:/root/deepracer_ws/aws-deepracer-launcher/install/status_led_pkg:/root/deepracer_ws/aws-deepracer-launcher/install/deepracer_interfaces_pkg:${AMENT_PREFIX_PATH} CMAKE_PREFIX_PATH=/root/deepracer_ws/aws-deepracer-launcher/install/deepracer_interfaces_pkg LD_LIBRARY_PATH=/root/deepracer_ws/aws-deepracer-launcher/install/deepracer_interfaces_pkg/lib:${LD_LIBRARY_PATH} PYTHONPATH=/root/deepracer_ws/aws-deepracer-launcher/install/deepracer_systems_pkg/lib/python3.8/site-packages:/root/deepracer_ws/aws-deepracer-launcher/install/usb_monitor_pkg/lib/python3.8/site-packages:/root/deepracer_ws/aws-deepracer-launcher/install/status_led_pkg/lib/python3.8/site-packages:/root/deepracer_ws/aws-deepracer-launcher/install/deepracer_interfaces_pkg/lib/python3.8/site-packages:${PYTHONPATH} /usr/bin/python3 setup.py egg_info --egg-base ../../build/deepracer_systems_pkg build --build-base /root/deepracer_ws/aws-deepracer-launcher/build/deepracer_systems_pkg/build install --prefix /root/deepracer_ws/aws-deepracer-launcher/install/deepracer_systems_pkg --record /root/deepracer_ws/aws-deepracer-launcher/build/deepracer_systems_pkg/install.log --single-version-externally-managed
