[2.487s] Invoking command in '/root/deepracer_ws/aws-deepracer-launcher/aws-deepracer-status-led-pkg/status_led_pkg': AMENT_PREFIX_PATH=/root/deepracer_ws/aws-deepracer-launcher/install/deepracer_interfaces_pkg:${AMENT_PREFIX_PATH} CMAKE_PREFIX_PATH=/root/deepracer_ws/aws-deepracer-launcher/install/deepracer_interfaces_pkg LD_LIBRARY_PATH=/root/deepracer_ws/aws-deepracer-launcher/install/deepracer_interfaces_pkg/lib:${LD_LIBRARY_PATH} PYTHONPATH=/root/deepracer_ws/aws-deepracer-launcher/install/status_led_pkg/lib/python3.8/site-packages:/root/deepracer_ws/aws-deepracer-launcher/install/deepracer_interfaces_pkg/lib/python3.8/site-packages:${PYTHONPATH} /usr/bin/python3 setup.py egg_info --egg-base ../../build/status_led_pkg build --build-base /root/deepracer_ws/aws-deepracer-launcher/build/status_led_pkg/build install --prefix /root/deepracer_ws/aws-deepracer-launcher/install/status_led_pkg --record /root/deepracer_ws/aws-deepracer-launcher/build/status_led_pkg/install.log --single-version-externally-managed
[3.415s] running egg_info
[3.418s] creating ../../build/status_led_pkg/status_led_pkg.egg-info
[3.419s] writing ../../build/status_led_pkg/status_led_pkg.egg-info/PKG-INFO
[3.421s] writing dependency_links to ../../build/status_led_pkg/status_led_pkg.egg-info/dependency_links.txt
[3.423s] writing entry points to ../../build/status_led_pkg/status_led_pkg.egg-info/entry_points.txt
[3.425s] writing requirements to ../../build/status_led_pkg/status_led_pkg.egg-info/requires.txt
[3.426s] writing top-level names to ../../build/status_led_pkg/status_led_pkg.egg-info/top_level.txt
[3.431s] writing manifest file '../../build/status_led_pkg/status_led_pkg.egg-info/SOURCES.txt'
[3.556s] reading manifest file '../../build/status_led_pkg/status_led_pkg.egg-info/SOURCES.txt'
[3.559s] writing manifest file '../../build/status_led_pkg/status_led_pkg.egg-info/SOURCES.txt'
[3.560s] running build
[3.561s] running build_py
[3.562s] creating /root/deepracer_ws/aws-deepracer-launcher/build/status_led_pkg/build
[3.563s] creating /root/deepracer_ws/aws-deepracer-launcher/build/status_led_pkg/build/lib
[3.564s] creating /root/deepracer_ws/aws-deepracer-launcher/build/status_led_pkg/build/lib/status_led_pkg
[3.565s] copying status_led_pkg/__init__.py -> /root/deepracer_ws/aws-deepracer-launcher/build/status_led_pkg/build/lib/status_led_pkg
[3.567s] copying status_led_pkg/constants.py -> /root/deepracer_ws/aws-deepracer-launcher/build/status_led_pkg/build/lib/status_led_pkg
[3.718s] copying status_led_pkg/gpio_module.py -> /root/deepracer_ws/aws-deepracer-launcher/build/status_led_pkg/build/lib/status_led_pkg
[3.721s] copying status_led_pkg/led_control.py -> /root/deepracer_ws/aws-deepracer-launcher/build/status_led_pkg/build/lib/status_led_pkg
[3.722s] copying status_led_pkg/status_led_node.py -> /root/deepracer_ws/aws-deepracer-launcher/build/status_led_pkg/build/lib/status_led_pkg
[3.726s] running install
[3.730s] running install_lib
[3.734s] creating /root/deepracer_ws/aws-deepracer-launcher/install/status_led_pkg/lib/python3.8/site-packages/status_led_pkg
[3.735s] copying /root/deepracer_ws/aws-deepracer-launcher/build/status_led_pkg/build/lib/status_led_pkg/__init__.py -> /root/deepracer_ws/aws-deepracer-launcher/install/status_led_pkg/lib/python3.8/site-packages/status_led_pkg
[3.736s] copying /root/deepracer_ws/aws-deepracer-launcher/build/status_led_pkg/build/lib/status_led_pkg/constants.py -> /root/deepracer_ws/aws-deepracer-launcher/install/status_led_pkg/lib/python3.8/site-packages/status_led_pkg
[3.738s] copying /root/deepracer_ws/aws-deepracer-launcher/build/status_led_pkg/build/lib/status_led_pkg/gpio_module.py -> /root/deepracer_ws/aws-deepracer-launcher/install/status_led_pkg/lib/python3.8/site-packages/status_led_pkg
[3.739s] copying /root/deepracer_ws/aws-deepracer-launcher/build/status_led_pkg/build/lib/status_led_pkg/led_control.py -> /root/deepracer_ws/aws-deepracer-launcher/install/status_led_pkg/lib/python3.8/site-packages/status_led_pkg
[3.740s] copying /root/deepracer_ws/aws-deepracer-launcher/build/status_led_pkg/build/lib/status_led_pkg/status_led_node.py -> /root/deepracer_ws/aws-deepracer-launcher/install/status_led_pkg/lib/python3.8/site-packages/status_led_pkg
[3.743s] byte-compiling /root/deepracer_ws/aws-deepracer-launcher/install/status_led_pkg/lib/python3.8/site-packages/status_led_pkg/__init__.py to __init__.cpython-38.pyc
[3.748s] byte-compiling /root/deepracer_ws/aws-deepracer-launcher/install/status_led_pkg/lib/python3.8/site-packages/status_led_pkg/constants.py to constants.cpython-38.pyc
[3.751s] byte-compiling /root/deepracer_ws/aws-deepracer-launcher/install/status_led_pkg/lib/python3.8/site-packages/status_led_pkg/gpio_module.py to gpio_module.cpython-38.pyc
[3.754s] byte-compiling /root/deepracer_ws/aws-deepracer-launcher/install/status_led_pkg/lib/python3.8/site-packages/status_led_pkg/led_control.py to led_control.cpython-38.pyc
[3.757s] byte-compiling /root/deepracer_ws/aws-deepracer-launcher/install/status_led_pkg/lib/python3.8/site-packages/status_led_pkg/status_led_node.py to status_led_node.cpython-38.pyc
[3.761s] running install_data
[3.764s] creating /root/deepracer_ws/aws-deepracer-launcher/install/status_led_pkg/share/ament_index
[3.764s] creating /root/deepracer_ws/aws-deepracer-launcher/install/status_led_pkg/share/ament_index/resource_index
[3.765s] creating /root/deepracer_ws/aws-deepracer-launcher/install/status_led_pkg/share/ament_index/resource_index/packages
[3.766s] copying resource/status_led_pkg -> /root/deepracer_ws/aws-deepracer-launcher/install/status_led_pkg/share/ament_index/resource_index/packages
[3.768s] copying package.xml -> /root/deepracer_ws/aws-deepracer-launcher/install/status_led_pkg/share/status_led_pkg
[3.769s] copying launch/status_led_pkg_launch.py -> /root/deepracer_ws/aws-deepracer-launcher/install/status_led_pkg/share/status_led_pkg
[3.770s] running install_egg_info
[3.776s] Copying ../../build/status_led_pkg/status_led_pkg.egg-info to /root/deepracer_ws/aws-deepracer-launcher/install/status_led_pkg/lib/python3.8/site-packages/status_led_pkg-0.0.1-py3.8.egg-info
[3.780s] running install_scripts
[3.844s] Installing status_led_node script to /root/deepracer_ws/aws-deepracer-launcher/install/status_led_pkg/lib/status_led_pkg
[3.847s] writing list of installed files to '/root/deepracer_ws/aws-deepracer-launcher/build/status_led_pkg/install.log'
[3.929s] Invoked command in '/root/deepracer_ws/aws-deepracer-launcher/aws-deepracer-status-led-pkg/status_led_pkg' returned '0': AMENT_PREFIX_PATH=/root/deepracer_ws/aws-deepracer-launcher/install/deepracer_interfaces_pkg:${AMENT_PREFIX_PATH} CMAKE_PREFIX_PATH=/root/deepracer_ws/aws-deepracer-launcher/install/deepracer_interfaces_pkg LD_LIBRARY_PATH=/root/deepracer_ws/aws-deepracer-launcher/install/deepracer_interfaces_pkg/lib:${LD_LIBRARY_PATH} PYTHONPATH=/root/deepracer_ws/aws-deepracer-launcher/install/status_led_pkg/lib/python3.8/site-packages:/root/deepracer_ws/aws-deepracer-launcher/install/deepracer_interfaces_pkg/lib/python3.8/site-packages:${PYTHONPATH} /usr/bin/python3 setup.py egg_info --egg-base ../../build/status_led_pkg build --build-base /root/deepracer_ws/aws-deepracer-launcher/build/status_led_pkg/build install --prefix /root/deepracer_ws/aws-deepracer-launcher/install/status_led_pkg --record /root/deepracer_ws/aws-deepracer-launcher/build/status_led_pkg/install.log --single-version-externally-managed
