[3.286s] Invoking command in '/root/deepracer_ws/aws-deepracer-launcher/aws-deepracer-navigation-pkg/deepracer_navigation_pkg': AMENT_PREFIX_PATH=/root/deepracer_ws/aws-deepracer-launcher/install/deepracer_interfaces_pkg:${AMENT_PREFIX_PATH} CMAKE_PREFIX_PATH=/root/deepracer_ws/aws-deepracer-launcher/install/deepracer_interfaces_pkg LD_LIBRARY_PATH=/root/deepracer_ws/aws-deepracer-launcher/install/deepracer_interfaces_pkg/lib:${LD_LIBRARY_PATH} PYTHONPATH=/root/deepracer_ws/aws-deepracer-launcher/install/deepracer_navigation_pkg/lib/python3.8/site-packages:/root/deepracer_ws/aws-deepracer-launcher/install/deepracer_interfaces_pkg/lib/python3.8/site-packages:${PYTHONPATH} /usr/bin/python3 setup.py egg_info --egg-base ../../build/deepracer_navigation_pkg build --build-base /root/deepracer_ws/aws-deepracer-launcher/build/deepracer_navigation_pkg/build install --prefix /root/deepracer_ws/aws-deepracer-launcher/install/deepracer_navigation_pkg --record /root/deepracer_ws/aws-deepracer-launcher/build/deepracer_navigation_pkg/install.log --single-version-externally-managed
[4.202s] running egg_info
[4.205s] writing ../../build/deepracer_navigation_pkg/deepracer_navigation_pkg.egg-info/PKG-INFO
[4.206s] writing dependency_links to ../../build/deepracer_navigation_pkg/deepracer_navigation_pkg.egg-info/dependency_links.txt
[4.207s] writing entry points to ../../build/deepracer_navigation_pkg/deepracer_navigation_pkg.egg-info/entry_points.txt
[4.211s] writing requirements to ../../build/deepracer_navigation_pkg/deepracer_navigation_pkg.egg-info/requires.txt
[4.212s] writing top-level names to ../../build/deepracer_navigation_pkg/deepracer_navigation_pkg.egg-info/top_level.txt
[4.508s] reading manifest file '../../build/deepracer_navigation_pkg/deepracer_navigation_pkg.egg-info/SOURCES.txt'
[4.515s] writing manifest file '../../build/deepracer_navigation_pkg/deepracer_navigation_pkg.egg-info/SOURCES.txt'
[4.516s] running build
[4.516s] running build_py
[4.517s] running install
[4.521s] running install_lib
[4.526s] running install_data
[4.528s] running install_egg_info
[4.534s] removing '/root/deepracer_ws/aws-deepracer-launcher/install/deepracer_navigation_pkg/lib/python3.8/site-packages/deepracer_navigation_pkg-0.0.1-py3.8.egg-info' (and everything under it)
[4.536s] Copying ../../build/deepracer_navigation_pkg/deepracer_navigation_pkg.egg-info to /root/deepracer_ws/aws-deepracer-launcher/install/deepracer_navigation_pkg/lib/python3.8/site-packages/deepracer_navigation_pkg-0.0.1-py3.8.egg-info
[4.539s] running install_scripts
[4.601s] Installing deepracer_navigation_node script to /root/deepracer_ws/aws-deepracer-launcher/install/deepracer_navigation_pkg/lib/deepracer_navigation_pkg
[4.603s] writing list of installed files to '/root/deepracer_ws/aws-deepracer-launcher/build/deepracer_navigation_pkg/install.log'
[4.689s] Invoked command in '/root/deepracer_ws/aws-deepracer-launcher/aws-deepracer-navigation-pkg/deepracer_navigation_pkg' returned '0': AMENT_PREFIX_PATH=/root/deepracer_ws/aws-deepracer-launcher/install/deepracer_interfaces_pkg:${AMENT_PREFIX_PATH} CMAKE_PREFIX_PATH=/root/deepracer_ws/aws-deepracer-launcher/install/deepracer_interfaces_pkg LD_LIBRARY_PATH=/root/deepracer_ws/aws-deepracer-launcher/install/deepracer_interfaces_pkg/lib:${LD_LIBRARY_PATH} PYTHONPATH=/root/deepracer_ws/aws-deepracer-launcher/install/deepracer_navigation_pkg/lib/python3.8/site-packages:/root/deepracer_ws/aws-deepracer-launcher/install/deepracer_interfaces_pkg/lib/python3.8/site-packages:${PYTHONPATH} /usr/bin/python3 setup.py egg_info --egg-base ../../build/deepracer_navigation_pkg build --build-base /root/deepracer_ws/aws-deepracer-launcher/build/deepracer_navigation_pkg/build install --prefix /root/deepracer_ws/aws-deepracer-launcher/install/deepracer_navigation_pkg --record /root/deepracer_ws/aws-deepracer-launcher/build/deepracer_navigation_pkg/install.log --single-version-externally-managed
