[2.479s] Invoking command in '/root/deepracer_ws/aws-deepracer-launcher/aws-deepracer-device-info-pkg/device_info_pkg': AMENT_PREFIX_PATH=/root/deepracer_ws/aws-deepracer-launcher/install/deepracer_interfaces_pkg:${AMENT_PREFIX_PATH} CMAKE_PREFIX_PATH=/root/deepracer_ws/aws-deepracer-launcher/install/deepracer_interfaces_pkg LD_LIBRARY_PATH=/root/deepracer_ws/aws-deepracer-launcher/install/deepracer_interfaces_pkg/lib:${LD_LIBRARY_PATH} PYTHONPATH=/root/deepracer_ws/aws-deepracer-launcher/install/device_info_pkg/lib/python3.8/site-packages:/root/deepracer_ws/aws-deepracer-launcher/install/deepracer_interfaces_pkg/lib/python3.8/site-packages:${PYTHONPATH} /usr/bin/python3 setup.py egg_info --egg-base ../../build/device_info_pkg build --build-base /root/deepracer_ws/aws-deepracer-launcher/build/device_info_pkg/build install --prefix /root/deepracer_ws/aws-deepracer-launcher/install/device_info_pkg --record /root/deepracer_ws/aws-deepracer-launcher/build/device_info_pkg/install.log --single-version-externally-managed
[3.371s] running egg_info
[3.374s] creating ../../build/device_info_pkg/device_info_pkg.egg-info
[3.375s] writing ../../build/device_info_pkg/device_info_pkg.egg-info/PKG-INFO
[3.377s] writing dependency_links to ../../build/device_info_pkg/device_info_pkg.egg-info/dependency_links.txt
[3.379s] writing entry points to ../../build/device_info_pkg/device_info_pkg.egg-info/entry_points.txt
[3.380s] writing requirements to ../../build/device_info_pkg/device_info_pkg.egg-info/requires.txt
[3.381s] writing top-level names to ../../build/device_info_pkg/device_info_pkg.egg-info/top_level.txt
[3.386s] writing manifest file '../../build/device_info_pkg/device_info_pkg.egg-info/SOURCES.txt'
[3.510s] reading manifest file '../../build/device_info_pkg/device_info_pkg.egg-info/SOURCES.txt'
[3.514s] writing manifest file '../../build/device_info_pkg/device_info_pkg.egg-info/SOURCES.txt'
[3.515s] running build
[3.515s] running build_py
[3.517s] creating /root/deepracer_ws/aws-deepracer-launcher/build/device_info_pkg/build
[3.517s] creating /root/deepracer_ws/aws-deepracer-launcher/build/device_info_pkg/build/lib
[3.518s] creating /root/deepracer_ws/aws-deepracer-launcher/build/device_info_pkg/build/lib/device_info_pkg
[3.519s] copying device_info_pkg/__init__.py -> /root/deepracer_ws/aws-deepracer-launcher/build/device_info_pkg/build/lib/device_info_pkg
[3.521s] copying device_info_pkg/constants.py -> /root/deepracer_ws/aws-deepracer-launcher/build/device_info_pkg/build/lib/device_info_pkg
[3.522s] copying device_info_pkg/device_info_node.py -> /root/deepracer_ws/aws-deepracer-launcher/build/device_info_pkg/build/lib/device_info_pkg
[3.679s] copying device_info_pkg/gpio_module.py -> /root/deepracer_ws/aws-deepracer-launcher/build/device_info_pkg/build/lib/device_info_pkg
[3.682s] running install
[3.686s] running install_lib
[3.690s] creating /root/deepracer_ws/aws-deepracer-launcher/install/device_info_pkg/lib/python3.8/site-packages/device_info_pkg
[3.691s] copying /root/deepracer_ws/aws-deepracer-launcher/build/device_info_pkg/build/lib/device_info_pkg/__init__.py -> /root/deepracer_ws/aws-deepracer-launcher/install/device_info_pkg/lib/python3.8/site-packages/device_info_pkg
[3.692s] copying /root/deepracer_ws/aws-deepracer-launcher/build/device_info_pkg/build/lib/device_info_pkg/constants.py -> /root/deepracer_ws/aws-deepracer-launcher/install/device_info_pkg/lib/python3.8/site-packages/device_info_pkg
[3.693s] copying /root/deepracer_ws/aws-deepracer-launcher/build/device_info_pkg/build/lib/device_info_pkg/device_info_node.py -> /root/deepracer_ws/aws-deepracer-launcher/install/device_info_pkg/lib/python3.8/site-packages/device_info_pkg
[3.695s] copying /root/deepracer_ws/aws-deepracer-launcher/build/device_info_pkg/build/lib/device_info_pkg/gpio_module.py -> /root/deepracer_ws/aws-deepracer-launcher/install/device_info_pkg/lib/python3.8/site-packages/device_info_pkg
[3.698s] byte-compiling /root/deepracer_ws/aws-deepracer-launcher/install/device_info_pkg/lib/python3.8/site-packages/device_info_pkg/__init__.py to __init__.cpython-38.pyc
[3.703s] byte-compiling /root/deepracer_ws/aws-deepracer-launcher/install/device_info_pkg/lib/python3.8/site-packages/device_info_pkg/constants.py to constants.cpython-38.pyc
[3.705s] byte-compiling /root/deepracer_ws/aws-deepracer-launcher/install/device_info_pkg/lib/python3.8/site-packages/device_info_pkg/device_info_node.py to device_info_node.cpython-38.pyc
[3.709s] byte-compiling /root/deepracer_ws/aws-deepracer-launcher/install/device_info_pkg/lib/python3.8/site-packages/device_info_pkg/gpio_module.py to gpio_module.cpython-38.pyc
[3.712s] running install_data
[3.715s] creating /root/deepracer_ws/aws-deepracer-launcher/install/device_info_pkg/share/ament_index
[3.716s] creating /root/deepracer_ws/aws-deepracer-launcher/install/device_info_pkg/share/ament_index/resource_index
[3.716s] creating /root/deepracer_ws/aws-deepracer-launcher/install/device_info_pkg/share/ament_index/resource_index/packages
[3.717s] copying resource/device_info_pkg -> /root/deepracer_ws/aws-deepracer-launcher/install/device_info_pkg/share/ament_index/resource_index/packages
[3.719s] copying package.xml -> /root/deepracer_ws/aws-deepracer-launcher/install/device_info_pkg/share/device_info_pkg
[3.720s] copying launch/device_info_pkg_launch.py -> /root/deepracer_ws/aws-deepracer-launcher/install/device_info_pkg/share/device_info_pkg
[3.721s] running install_egg_info
[3.727s] Copying ../../build/device_info_pkg/device_info_pkg.egg-info to /root/deepracer_ws/aws-deepracer-launcher/install/device_info_pkg/lib/python3.8/site-packages/device_info_pkg-0.0.1-py3.8.egg-info
[3.731s] running install_scripts
[3.796s] Installing device_info_node script to /root/deepracer_ws/aws-deepracer-launcher/install/device_info_pkg/lib/device_info_pkg
[3.798s] writing list of installed files to '/root/deepracer_ws/aws-deepracer-launcher/build/device_info_pkg/install.log'
[3.882s] Invoked command in '/root/deepracer_ws/aws-deepracer-launcher/aws-deepracer-device-info-pkg/device_info_pkg' returned '0': AMENT_PREFIX_PATH=/root/deepracer_ws/aws-deepracer-launcher/install/deepracer_interfaces_pkg:${AMENT_PREFIX_PATH} CMAKE_PREFIX_PATH=/root/deepracer_ws/aws-deepracer-launcher/install/deepracer_interfaces_pkg LD_LIBRARY_PATH=/root/deepracer_ws/aws-deepracer-launcher/install/deepracer_interfaces_pkg/lib:${LD_LIBRARY_PATH} PYTHONPATH=/root/deepracer_ws/aws-deepracer-launcher/install/device_info_pkg/lib/python3.8/site-packages:/root/deepracer_ws/aws-deepracer-launcher/install/deepracer_interfaces_pkg/lib/python3.8/site-packages:${PYTHONPATH} /usr/bin/python3 setup.py egg_info --egg-base ../../build/device_info_pkg build --build-base /root/deepracer_ws/aws-deepracer-launcher/build/device_info_pkg/build install --prefix /root/deepracer_ws/aws-deepracer-launcher/install/device_info_pkg --record /root/deepracer_ws/aws-deepracer-launcher/build/device_info_pkg/install.log --single-version-externally-managed
