[2.625s] Invoking command in '/root/deepracer_ws/aws-deepracer-launcher/aws-deepracer-device-info-pkg/device_info_pkg': AMENT_PREFIX_PATH=/root/deepracer_ws/aws-deepracer-launcher/install/deepracer_interfaces_pkg:${AMENT_PREFIX_PATH} CMAKE_PREFIX_PATH=/root/deepracer_ws/aws-deepracer-launcher/install/deepracer_interfaces_pkg LD_LIBRARY_PATH=/root/deepracer_ws/aws-deepracer-launcher/install/deepracer_interfaces_pkg/lib:${LD_LIBRARY_PATH} PYTHONPATH=/root/deepracer_ws/aws-deepracer-launcher/install/device_info_pkg/lib/python3.8/site-packages:/root/deepracer_ws/aws-deepracer-launcher/install/deepracer_interfaces_pkg/lib/python3.8/site-packages:${PYTHONPATH} /usr/bin/python3 setup.py egg_info --egg-base ../../build/device_info_pkg build --build-base /root/deepracer_ws/aws-deepracer-launcher/build/device_info_pkg/build install --prefix /root/deepracer_ws/aws-deepracer-launcher/install/device_info_pkg --record /root/deepracer_ws/aws-deepracer-launcher/build/device_info_pkg/install.log --single-version-externally-managed
[3.530s] running egg_info
[3.533s] creating ../../build/device_info_pkg/device_info_pkg.egg-info
[3.533s] writing ../../build/device_info_pkg/device_info_pkg.egg-info/PKG-INFO
[3.535s] writing dependency_links to ../../build/device_info_pkg/device_info_pkg.egg-info/dependency_links.txt
[3.536s] writing entry points to ../../build/device_info_pkg/device_info_pkg.egg-info/entry_points.txt
[3.536s] writing requirements to ../../build/device_info_pkg/device_info_pkg.egg-info/requires.txt
[3.537s] writing top-level names to ../../build/device_info_pkg/device_info_pkg.egg-info/top_level.txt
[3.542s] writing manifest file '../../build/device_info_pkg/device_info_pkg.egg-info/SOURCES.txt'
[3.667s] reading manifest file '../../build/device_info_pkg/device_info_pkg.egg-info/SOURCES.txt'
[3.672s] writing manifest file '../../build/device_info_pkg/device_info_pkg.egg-info/SOURCES.txt'
[3.672s] running build
[3.672s] running build_py
[3.673s] creating /root/deepracer_ws/aws-deepracer-launcher/build/device_info_pkg/build
[3.674s] creating /root/deepracer_ws/aws-deepracer-launcher/build/device_info_pkg/build/lib
[3.674s] creating /root/deepracer_ws/aws-deepracer-launcher/build/device_info_pkg/build/lib/device_info_pkg
[3.675s] copying device_info_pkg/__init__.py -> /root/deepracer_ws/aws-deepracer-launcher/build/device_info_pkg/build/lib/device_info_pkg
[3.675s] copying device_info_pkg/constants.py -> /root/deepracer_ws/aws-deepracer-launcher/build/device_info_pkg/build/lib/device_info_pkg
[3.676s] copying device_info_pkg/device_info_node.py -> /root/deepracer_ws/aws-deepracer-launcher/build/device_info_pkg/build/lib/device_info_pkg
[3.676s] copying device_info_pkg/gpio_module.py -> /root/deepracer_ws/aws-deepracer-launcher/build/device_info_pkg/build/lib/device_info_pkg
[3.677s] running install
[3.681s] running install_lib
[3.684s] creating /root/deepracer_ws/aws-deepracer-launcher/install/device_info_pkg/lib/python3.8/site-packages/device_info_pkg
[3.687s] copying /root/deepracer_ws/aws-deepracer-launcher/build/device_info_pkg/build/lib/device_info_pkg/__init__.py -> /root/deepracer_ws/aws-deepracer-launcher/install/device_info_pkg/lib/python3.8/site-packages/device_info_pkg
[3.691s] copying /root/deepracer_ws/aws-deepracer-launcher/build/device_info_pkg/build/lib/device_info_pkg/constants.py -> /root/deepracer_ws/aws-deepracer-launcher/install/device_info_pkg/lib/python3.8/site-packages/device_info_pkg
[3.691s] copying /root/deepracer_ws/aws-deepracer-launcher/build/device_info_pkg/build/lib/device_info_pkg/device_info_node.py -> /root/deepracer_ws/aws-deepracer-launcher/install/device_info_pkg/lib/python3.8/site-packages/device_info_pkg
[3.692s] copying /root/deepracer_ws/aws-deepracer-launcher/build/device_info_pkg/build/lib/device_info_pkg/gpio_module.py -> /root/deepracer_ws/aws-deepracer-launcher/install/device_info_pkg/lib/python3.8/site-packages/device_info_pkg
[3.692s] byte-compiling /root/deepracer_ws/aws-deepracer-launcher/install/device_info_pkg/lib/python3.8/site-packages/device_info_pkg/__init__.py to __init__.cpython-38.pyc
[3.695s] byte-compiling /root/deepracer_ws/aws-deepracer-launcher/install/device_info_pkg/lib/python3.8/site-packages/device_info_pkg/constants.py to constants.cpython-38.pyc
[3.696s] byte-compiling /root/deepracer_ws/aws-deepracer-launcher/install/device_info_pkg/lib/python3.8/site-packages/device_info_pkg/device_info_node.py to device_info_node.cpython-38.pyc
[3.700s] byte-compiling /root/deepracer_ws/aws-deepracer-launcher/install/device_info_pkg/lib/python3.8/site-packages/device_info_pkg/gpio_module.py to gpio_module.cpython-38.pyc
[3.703s] running install_data
[3.705s] creating /root/deepracer_ws/aws-deepracer-launcher/install/device_info_pkg/share/ament_index
[3.705s] creating /root/deepracer_ws/aws-deepracer-launcher/install/device_info_pkg/share/ament_index/resource_index
[3.706s] creating /root/deepracer_ws/aws-deepracer-launcher/install/device_info_pkg/share/ament_index/resource_index/packages
[3.706s] copying resource/device_info_pkg -> /root/deepracer_ws/aws-deepracer-launcher/install/device_info_pkg/share/ament_index/resource_index/packages
[3.707s] copying package.xml -> /root/deepracer_ws/aws-deepracer-launcher/install/device_info_pkg/share/device_info_pkg
[3.707s] copying launch/device_info_pkg_launch.py -> /root/deepracer_ws/aws-deepracer-launcher/install/device_info_pkg/share/device_info_pkg
[3.708s] running install_egg_info
[3.713s] Copying ../../build/device_info_pkg/device_info_pkg.egg-info to /root/deepracer_ws/aws-deepracer-launcher/install/device_info_pkg/lib/python3.8/site-packages/device_info_pkg-0.0.1-py3.8.egg-info
[3.717s] running install_scripts
[3.779s] Installing device_info_node script to /root/deepracer_ws/aws-deepracer-launcher/install/device_info_pkg/lib/device_info_pkg
[3.781s] writing list of installed files to '/root/deepracer_ws/aws-deepracer-launcher/build/device_info_pkg/install.log'
[3.862s] Invoked command in '/root/deepracer_ws/aws-deepracer-launcher/aws-deepracer-device-info-pkg/device_info_pkg' returned '0': AMENT_PREFIX_PATH=/root/deepracer_ws/aws-deepracer-launcher/install/deepracer_interfaces_pkg:${AMENT_PREFIX_PATH} CMAKE_PREFIX_PATH=/root/deepracer_ws/aws-deepracer-launcher/install/deepracer_interfaces_pkg LD_LIBRARY_PATH=/root/deepracer_ws/aws-deepracer-launcher/install/deepracer_interfaces_pkg/lib:${LD_LIBRARY_PATH} PYTHONPATH=/root/deepracer_ws/aws-deepracer-launcher/install/device_info_pkg/lib/python3.8/site-packages:/root/deepracer_ws/aws-deepracer-launcher/install/deepracer_interfaces_pkg/lib/python3.8/site-packages:${PYTHONPATH} /usr/bin/python3 setup.py egg_info --egg-base ../../build/device_info_pkg build --build-base /root/deepracer_ws/aws-deepracer-launcher/build/device_info_pkg/build install --prefix /root/deepracer_ws/aws-deepracer-launcher/install/device_info_pkg --record /root/deepracer_ws/aws-deepracer-launcher/build/device_info_pkg/install.log --single-version-externally-managed
