[0.035s] Invoking command in '/root/deepracer_ws/aws-deepracer-launcher/build/sensor_fusion_pkg': AMENT_PREFIX_PATH=/root/deepracer_ws/aws-deepracer-launcher/install/deepracer_interfaces_pkg:${AMENT_PREFIX_PATH} CMAKE_PREFIX_PATH=/root/deepracer_ws/aws-deepracer-launcher/install/deepracer_interfaces_pkg:/opt/ros/foxy LD_LIBRARY_PATH=/root/deepracer_ws/aws-deepracer-launcher/install/deepracer_interfaces_pkg/lib:${LD_LIBRARY_PATH} PYTHONPATH=/root/deepracer_ws/aws-deepracer-launcher/install/deepracer_interfaces_pkg/lib/python3.8/site-packages:${PYTHONPATH} /usr/bin/cmake /root/deepracer_ws/aws-deepracer-launcher/aws-deepracer-sensor-fusion-pkg/sensor_fusion_pkg -DCMAKE_INSTALL_PREFIX=/root/deepracer_ws/aws-deepracer-launcher/install/sensor_fusion_pkg
[0.221s] -- The C compiler identification is GNU 9.3.0
[0.397s] -- The CXX compiler identification is GNU 9.3.0
[0.453s] -- Check for working C compiler: /usr/bin/cc
[0.670s] -- Check for working C compiler: /usr/bin/cc -- works
[0.674s] -- Detecting C compiler ABI info
[1.040s] -- Detecting C compiler ABI info - done
[1.085s] -- Detecting C compile features
[1.087s] -- Detecting C compile features - done
[1.098s] -- Check for working CXX compiler: /usr/bin/c++
[1.349s] -- Check for working CXX compiler: /usr/bin/c++ -- works
[1.353s] -- Detecting CXX compiler ABI info
[1.752s] -- Detecting CXX compiler ABI info - done
[1.799s] -- Detecting CXX compile features
[1.801s] -- Detecting CXX compile features - done
[1.985s] -- Found ament_cmake: 0.9.8 (/opt/ros/foxy/share/ament_cmake/cmake)
[2.074s] -- Found PythonInterp: /usr/bin/python3 (found suitable version "3.8.5", minimum required is "3") 
[2.075s] -- Using PYTHON_EXECUTABLE: /usr/bin/python3
[3.037s] -- Found cv_bridge: 2.2.1 (/opt/ros/foxy/share/cv_bridge/cmake)
[3.067s] -- Found rclcpp: 2.3.0 (/opt/ros/foxy/share/rclcpp/cmake)
[3.209s] -- Using all available rosidl_typesupport_c: rosidl_typesupport_fastrtps_c;rosidl_typesupport_introspection_c
[3.232s] -- Found rosidl_adapter: 1.2.0 (/opt/ros/foxy/share/rosidl_adapter/cmake)
[3.458s] -- Found OpenSSL: /usr/lib/x86_64-linux-gnu/libcrypto.so (found version "1.1.1f")  
[3.545s] -- Found FastRTPS: /opt/ros/foxy/include  
[3.794s] -- Using all available rosidl_typesupport_cpp: rosidl_typesupport_fastrtps_cpp;rosidl_typesupport_introspection_cpp
[4.000s] -- Found rmw_implementation_cmake: 1.0.2 (/opt/ros/foxy/share/rmw_implementation_cmake/cmake)
[4.004s] -- Using RMW implementation 'rmw_fastrtps_cpp' as default
[4.008s] -- Looking for pthread.h
[4.245s] -- Looking for pthread.h - found
[4.246s] -- Performing Test CMAKE_HAVE_LIBC_PTHREAD
[4.483s] -- Performing Test CMAKE_HAVE_LIBC_PTHREAD - Failed
[4.483s] -- Looking for pthread_create in pthreads
[4.644s] -- Looking for pthread_create in pthreads - not found
[4.646s] -- Looking for pthread_create in pthread
[4.867s] -- Looking for pthread_create in pthread - found
[4.871s] -- Found Threads: TRUE  
[5.434s] -- Found image_transport: 2.3.0 (/opt/ros/foxy/share/image_transport/cmake)
[6.052s] -- Found deepracer_interfaces_pkg: 0.0.1 (/root/deepracer_ws/aws-deepracer-launcher/install/deepracer_interfaces_pkg/share/deepracer_interfaces_pkg/cmake)
[6.529s] -- Found ament_lint_auto: 0.9.6 (/opt/ros/foxy/share/ament_lint_auto/cmake)
[6.923s] -- Added test 'copyright' to check source files copyright and LICENSE
[6.927s] -- Added test 'cppcheck' to perform static code analysis on C / C++ code
[6.927s] -- Configured cppcheck include dirs: $<BUILD_INTERFACE:/root/deepracer_ws/aws-deepracer-launcher/aws-deepracer-sensor-fusion-pkg/sensor_fusion_pkg/include>
[6.928s] -- Configured cppcheck exclude dirs and/or files: 
[6.931s] -- Added test 'cpplint' to check C / C++ code against the Google style
[6.931s] -- Configured cpplint exclude dirs and/or files: 
[6.932s] -- Added test 'flake8' to check Python code syntax and style conventions
[6.934s] -- Added test 'lint_cmake' to check CMake code style
[6.936s] -- Added test 'pep257' to check Python code against some of the style conventions in PEP 257
[6.940s] -- Added test 'uncrustify' to check C / C++ code style
[6.940s] -- Configured uncrustify additional arguments: 
[6.942s] -- Added test 'xmllint' to check XML markup files
[6.950s] -- Configuring done
[7.015s] -- Generating done
[7.021s] -- Build files have been written to: /root/deepracer_ws/aws-deepracer-launcher/build/sensor_fusion_pkg
[7.049s] Invoked command in '/root/deepracer_ws/aws-deepracer-launcher/build/sensor_fusion_pkg' returned '0': AMENT_PREFIX_PATH=/root/deepracer_ws/aws-deepracer-launcher/install/deepracer_interfaces_pkg:${AMENT_PREFIX_PATH} CMAKE_PREFIX_PATH=/root/deepracer_ws/aws-deepracer-launcher/install/deepracer_interfaces_pkg:/opt/ros/foxy LD_LIBRARY_PATH=/root/deepracer_ws/aws-deepracer-launcher/install/deepracer_interfaces_pkg/lib:${LD_LIBRARY_PATH} PYTHONPATH=/root/deepracer_ws/aws-deepracer-launcher/install/deepracer_interfaces_pkg/lib/python3.8/site-packages:${PYTHONPATH} /usr/bin/cmake /root/deepracer_ws/aws-deepracer-launcher/aws-deepracer-sensor-fusion-pkg/sensor_fusion_pkg -DCMAKE_INSTALL_PREFIX=/root/deepracer_ws/aws-deepracer-launcher/install/sensor_fusion_pkg
[7.056s] Invoking command in '/root/deepracer_ws/aws-deepracer-launcher/build/sensor_fusion_pkg': AMENT_PREFIX_PATH=/root/deepracer_ws/aws-deepracer-launcher/install/deepracer_interfaces_pkg:${AMENT_PREFIX_PATH} CMAKE_PREFIX_PATH=/root/deepracer_ws/aws-deepracer-launcher/install/deepracer_interfaces_pkg:/opt/ros/foxy LD_LIBRARY_PATH=/root/deepracer_ws/aws-deepracer-launcher/install/deepracer_interfaces_pkg/lib:${LD_LIBRARY_PATH} PYTHONPATH=/root/deepracer_ws/aws-deepracer-launcher/install/deepracer_interfaces_pkg/lib/python3.8/site-packages:${PYTHONPATH} /usr/bin/cmake --build /root/deepracer_ws/aws-deepracer-launcher/build/sensor_fusion_pkg -- -j2 -l2
[7.185s] [35m[1mScanning dependencies of target sensor_fusion_node[0m
[7.386s] [ 25%] [32mBuilding CXX object CMakeFiles/sensor_fusion_node.dir/src/sensor_fusion_node.cpp.o[0m
[52.576s] [ 50%] [32mBuilding CXX object CMakeFiles/sensor_fusion_node.dir/src/utility.cpp.o[0m
[54.552s] [ 75%] [32mBuilding CXX object CMakeFiles/sensor_fusion_node.dir/src/lidar_overlay.cpp.o[0m
[63.556s] [100%] [32m[1mLinking CXX executable sensor_fusion_node[0m
[67.375s] /usr/bin/ld: warning: libopencv_imgcodecs.so.4.2, needed by /opt/ros/foxy/lib/libcv_bridge.so, may conflict with libopencv_imgcodecs.so.4.5
[67.376s] /usr/bin/ld: warning: libopencv_imgproc.so.4.2, needed by /opt/ros/foxy/lib/libcv_bridge.so, may conflict with libopencv_imgproc.so.4.5
[67.376s] /usr/bin/ld: warning: libopencv_core.so.4.2, needed by /opt/ros/foxy/lib/libcv_bridge.so, may conflict with libopencv_core.so.4.5
[67.403s] [100%] Built target sensor_fusion_node
[67.439s] Invoked command in '/root/deepracer_ws/aws-deepracer-launcher/build/sensor_fusion_pkg' returned '0': AMENT_PREFIX_PATH=/root/deepracer_ws/aws-deepracer-launcher/install/deepracer_interfaces_pkg:${AMENT_PREFIX_PATH} CMAKE_PREFIX_PATH=/root/deepracer_ws/aws-deepracer-launcher/install/deepracer_interfaces_pkg:/opt/ros/foxy LD_LIBRARY_PATH=/root/deepracer_ws/aws-deepracer-launcher/install/deepracer_interfaces_pkg/lib:${LD_LIBRARY_PATH} PYTHONPATH=/root/deepracer_ws/aws-deepracer-launcher/install/deepracer_interfaces_pkg/lib/python3.8/site-packages:${PYTHONPATH} /usr/bin/cmake --build /root/deepracer_ws/aws-deepracer-launcher/build/sensor_fusion_pkg -- -j2 -l2
[67.539s] Invoking command in '/root/deepracer_ws/aws-deepracer-launcher/build/sensor_fusion_pkg': AMENT_PREFIX_PATH=/root/deepracer_ws/aws-deepracer-launcher/install/deepracer_interfaces_pkg:${AMENT_PREFIX_PATH} CMAKE_PREFIX_PATH=/root/deepracer_ws/aws-deepracer-launcher/install/deepracer_interfaces_pkg:/opt/ros/foxy LD_LIBRARY_PATH=/root/deepracer_ws/aws-deepracer-launcher/install/deepracer_interfaces_pkg/lib:${LD_LIBRARY_PATH} PYTHONPATH=/root/deepracer_ws/aws-deepracer-launcher/install/deepracer_interfaces_pkg/lib/python3.8/site-packages:${PYTHONPATH} /usr/bin/cmake --install /root/deepracer_ws/aws-deepracer-launcher/build/sensor_fusion_pkg
[67.569s] -- Install configuration: ""
[67.570s] -- Installing: /root/deepracer_ws/aws-deepracer-launcher/install/sensor_fusion_pkg/lib/sensor_fusion_pkg/sensor_fusion_node
[67.784s] -- Set runtime path of "/root/deepracer_ws/aws-deepracer-launcher/install/sensor_fusion_pkg/lib/sensor_fusion_pkg/sensor_fusion_node" to ""
[67.786s] -- Installing: /root/deepracer_ws/aws-deepracer-launcher/install/sensor_fusion_pkg/share/sensor_fusion_pkg//launch
[67.787s] -- Installing: /root/deepracer_ws/aws-deepracer-launcher/install/sensor_fusion_pkg/share/sensor_fusion_pkg//launch/sensor_fusion_launch.py
[67.788s] -- Installing: /root/deepracer_ws/aws-deepracer-launcher/install/sensor_fusion_pkg/share/ament_index/resource_index/package_run_dependencies/sensor_fusion_pkg
[67.790s] -- Installing: /root/deepracer_ws/aws-deepracer-launcher/install/sensor_fusion_pkg/share/ament_index/resource_index/parent_prefix_path/sensor_fusion_pkg
[67.791s] -- Installing: /root/deepracer_ws/aws-deepracer-launcher/install/sensor_fusion_pkg/share/sensor_fusion_pkg/environment/ament_prefix_path.sh
[67.793s] -- Installing: /root/deepracer_ws/aws-deepracer-launcher/install/sensor_fusion_pkg/share/sensor_fusion_pkg/environment/ament_prefix_path.dsv
[67.794s] -- Installing: /root/deepracer_ws/aws-deepracer-launcher/install/sensor_fusion_pkg/share/sensor_fusion_pkg/environment/path.sh
[67.795s] -- Installing: /root/deepracer_ws/aws-deepracer-launcher/install/sensor_fusion_pkg/share/sensor_fusion_pkg/environment/path.dsv
[67.796s] -- Installing: /root/deepracer_ws/aws-deepracer-launcher/install/sensor_fusion_pkg/share/sensor_fusion_pkg/local_setup.bash
[67.798s] -- Installing: /root/deepracer_ws/aws-deepracer-launcher/install/sensor_fusion_pkg/share/sensor_fusion_pkg/local_setup.sh
[67.799s] -- Installing: /root/deepracer_ws/aws-deepracer-launcher/install/sensor_fusion_pkg/share/sensor_fusion_pkg/local_setup.zsh
[67.800s] -- Installing: /root/deepracer_ws/aws-deepracer-launcher/install/sensor_fusion_pkg/share/sensor_fusion_pkg/local_setup.dsv
[67.802s] -- Installing: /root/deepracer_ws/aws-deepracer-launcher/install/sensor_fusion_pkg/share/sensor_fusion_pkg/package.dsv
[67.803s] -- Installing: /root/deepracer_ws/aws-deepracer-launcher/install/sensor_fusion_pkg/share/ament_index/resource_index/packages/sensor_fusion_pkg
[67.804s] -- Installing: /root/deepracer_ws/aws-deepracer-launcher/install/sensor_fusion_pkg/share/sensor_fusion_pkg/cmake/sensor_fusion_pkgConfig.cmake
[67.805s] -- Installing: /root/deepracer_ws/aws-deepracer-launcher/install/sensor_fusion_pkg/share/sensor_fusion_pkg/cmake/sensor_fusion_pkgConfig-version.cmake
[67.807s] -- Installing: /root/deepracer_ws/aws-deepracer-launcher/install/sensor_fusion_pkg/share/sensor_fusion_pkg/package.xml
[67.818s] Invoked command in '/root/deepracer_ws/aws-deepracer-launcher/build/sensor_fusion_pkg' returned '0': AMENT_PREFIX_PATH=/root/deepracer_ws/aws-deepracer-launcher/install/deepracer_interfaces_pkg:${AMENT_PREFIX_PATH} CMAKE_PREFIX_PATH=/root/deepracer_ws/aws-deepracer-launcher/install/deepracer_interfaces_pkg:/opt/ros/foxy LD_LIBRARY_PATH=/root/deepracer_ws/aws-deepracer-launcher/install/deepracer_interfaces_pkg/lib:${LD_LIBRARY_PATH} PYTHONPATH=/root/deepracer_ws/aws-deepracer-launcher/install/deepracer_interfaces_pkg/lib/python3.8/site-packages:${PYTHONPATH} /usr/bin/cmake --install /root/deepracer_ws/aws-deepracer-launcher/build/sensor_fusion_pkg
