[3.987s] Invoking command in '/root/deepracer_ws/aws-deepracer-launcher/aws-deepracer-model-optimizer-pkg/model_optimizer_pkg': AMENT_PREFIX_PATH=/root/deepracer_ws/aws-deepracer-launcher/install/deepracer_interfaces_pkg:${AMENT_PREFIX_PATH} CMAKE_PREFIX_PATH=/root/deepracer_ws/aws-deepracer-launcher/install/deepracer_interfaces_pkg LD_LIBRARY_PATH=/root/deepracer_ws/aws-deepracer-launcher/install/deepracer_interfaces_pkg/lib:${LD_LIBRARY_PATH} PYTHONPATH=/root/deepracer_ws/aws-deepracer-launcher/install/model_optimizer_pkg/lib/python3.8/site-packages:/root/deepracer_ws/aws-deepracer-launcher/install/deepracer_interfaces_pkg/lib/python3.8/site-packages:${PYTHONPATH} /usr/bin/python3 setup.py egg_info --egg-base ../../build/model_optimizer_pkg build --build-base /root/deepracer_ws/aws-deepracer-launcher/build/model_optimizer_pkg/build install --prefix /root/deepracer_ws/aws-deepracer-launcher/install/model_optimizer_pkg --record /root/deepracer_ws/aws-deepracer-launcher/build/model_optimizer_pkg/install.log --single-version-externally-managed
[4.900s] running egg_info
[4.903s] creating ../../build/model_optimizer_pkg/model_optimizer_pkg.egg-info
[4.904s] writing ../../build/model_optimizer_pkg/model_optimizer_pkg.egg-info/PKG-INFO
[4.906s] writing dependency_links to ../../build/model_optimizer_pkg/model_optimizer_pkg.egg-info/dependency_links.txt
[4.908s] writing entry points to ../../build/model_optimizer_pkg/model_optimizer_pkg.egg-info/entry_points.txt
[4.909s] writing requirements to ../../build/model_optimizer_pkg/model_optimizer_pkg.egg-info/requires.txt
[4.910s] writing top-level names to ../../build/model_optimizer_pkg/model_optimizer_pkg.egg-info/top_level.txt
[4.917s] writing manifest file '../../build/model_optimizer_pkg/model_optimizer_pkg.egg-info/SOURCES.txt'
[5.046s] reading manifest file '../../build/model_optimizer_pkg/model_optimizer_pkg.egg-info/SOURCES.txt'
[5.049s] writing manifest file '../../build/model_optimizer_pkg/model_optimizer_pkg.egg-info/SOURCES.txt'
[5.051s] running build
[5.051s] running build_py
[5.053s] creating /root/deepracer_ws/aws-deepracer-launcher/build/model_optimizer_pkg/build
[5.055s] creating /root/deepracer_ws/aws-deepracer-launcher/build/model_optimizer_pkg/build/lib
[5.055s] creating /root/deepracer_ws/aws-deepracer-launcher/build/model_optimizer_pkg/build/lib/model_optimizer_pkg
[5.056s] copying model_optimizer_pkg/__init__.py -> /root/deepracer_ws/aws-deepracer-launcher/build/model_optimizer_pkg/build/lib/model_optimizer_pkg
[5.058s] copying model_optimizer_pkg/constants.py -> /root/deepracer_ws/aws-deepracer-launcher/build/model_optimizer_pkg/build/lib/model_optimizer_pkg
[5.059s] copying model_optimizer_pkg/model_optimizer_node.py -> /root/deepracer_ws/aws-deepracer-launcher/build/model_optimizer_pkg/build/lib/model_optimizer_pkg
[5.061s] running install
[5.065s] running install_lib
[5.069s] creating /root/deepracer_ws/aws-deepracer-launcher/install/model_optimizer_pkg/lib/python3.8/site-packages/model_optimizer_pkg
[5.071s] copying /root/deepracer_ws/aws-deepracer-launcher/build/model_optimizer_pkg/build/lib/model_optimizer_pkg/__init__.py -> /root/deepracer_ws/aws-deepracer-launcher/install/model_optimizer_pkg/lib/python3.8/site-packages/model_optimizer_pkg
[5.072s] copying /root/deepracer_ws/aws-deepracer-launcher/build/model_optimizer_pkg/build/lib/model_optimizer_pkg/constants.py -> /root/deepracer_ws/aws-deepracer-launcher/install/model_optimizer_pkg/lib/python3.8/site-packages/model_optimizer_pkg
[5.074s] copying /root/deepracer_ws/aws-deepracer-launcher/build/model_optimizer_pkg/build/lib/model_optimizer_pkg/model_optimizer_node.py -> /root/deepracer_ws/aws-deepracer-launcher/install/model_optimizer_pkg/lib/python3.8/site-packages/model_optimizer_pkg
[5.077s] byte-compiling /root/deepracer_ws/aws-deepracer-launcher/install/model_optimizer_pkg/lib/python3.8/site-packages/model_optimizer_pkg/__init__.py to __init__.cpython-38.pyc
[5.082s] byte-compiling /root/deepracer_ws/aws-deepracer-launcher/install/model_optimizer_pkg/lib/python3.8/site-packages/model_optimizer_pkg/constants.py to constants.cpython-38.pyc
[5.086s] byte-compiling /root/deepracer_ws/aws-deepracer-launcher/install/model_optimizer_pkg/lib/python3.8/site-packages/model_optimizer_pkg/model_optimizer_node.py to model_optimizer_node.cpython-38.pyc
[5.091s] running install_data
[5.094s] creating /root/deepracer_ws/aws-deepracer-launcher/install/model_optimizer_pkg/share/ament_index
[5.095s] creating /root/deepracer_ws/aws-deepracer-launcher/install/model_optimizer_pkg/share/ament_index/resource_index
[5.096s] creating /root/deepracer_ws/aws-deepracer-launcher/install/model_optimizer_pkg/share/ament_index/resource_index/packages
[5.097s] copying resource/model_optimizer_pkg -> /root/deepracer_ws/aws-deepracer-launcher/install/model_optimizer_pkg/share/ament_index/resource_index/packages
[5.098s] copying package.xml -> /root/deepracer_ws/aws-deepracer-launcher/install/model_optimizer_pkg/share/model_optimizer_pkg
[5.100s] copying launch/model_optimizer_pkg_launch.py -> /root/deepracer_ws/aws-deepracer-launcher/install/model_optimizer_pkg/share/model_optimizer_pkg
[5.101s] running install_egg_info
[5.108s] Copying ../../build/model_optimizer_pkg/model_optimizer_pkg.egg-info to /root/deepracer_ws/aws-deepracer-launcher/install/model_optimizer_pkg/lib/python3.8/site-packages/model_optimizer_pkg-0.0.1-py3.8.egg-info
[5.112s] running install_scripts
[5.177s] Installing model_optimizer_node script to /root/deepracer_ws/aws-deepracer-launcher/install/model_optimizer_pkg/lib/model_optimizer_pkg
[5.179s] writing list of installed files to '/root/deepracer_ws/aws-deepracer-launcher/build/model_optimizer_pkg/install.log'
[5.261s] Invoked command in '/root/deepracer_ws/aws-deepracer-launcher/aws-deepracer-model-optimizer-pkg/model_optimizer_pkg' returned '0': AMENT_PREFIX_PATH=/root/deepracer_ws/aws-deepracer-launcher/install/deepracer_interfaces_pkg:${AMENT_PREFIX_PATH} CMAKE_PREFIX_PATH=/root/deepracer_ws/aws-deepracer-launcher/install/deepracer_interfaces_pkg LD_LIBRARY_PATH=/root/deepracer_ws/aws-deepracer-launcher/install/deepracer_interfaces_pkg/lib:${LD_LIBRARY_PATH} PYTHONPATH=/root/deepracer_ws/aws-deepracer-launcher/install/model_optimizer_pkg/lib/python3.8/site-packages:/root/deepracer_ws/aws-deepracer-launcher/install/deepracer_interfaces_pkg/lib/python3.8/site-packages:${PYTHONPATH} /usr/bin/python3 setup.py egg_info --egg-base ../../build/model_optimizer_pkg build --build-base /root/deepracer_ws/aws-deepracer-launcher/build/model_optimizer_pkg/build install --prefix /root/deepracer_ws/aws-deepracer-launcher/install/model_optimizer_pkg --record /root/deepracer_ws/aws-deepracer-launcher/build/model_optimizer_pkg/install.log --single-version-externally-managed
