[0.056s] Invoking command in '/root/deepracer_ws/aws-deepracer-launcher/build/web_video_server': CMAKE_PREFIX_PATH=/opt/ros/foxy:/root/deepracer_ws/aws-deepracer-launcher/install/async_web_server_cpp LD_LIBRARY_PATH=/root/deepracer_ws/aws-deepracer-launcher/install/async_web_server_cpp/lib:${LD_LIBRARY_PATH} PKG_CONFIG_PATH=/root/deepracer_ws/aws-deepracer-launcher/install/async_web_server_cpp/lib/x86_64-linux-gnu/pkgconfig:/root/deepracer_ws/aws-deepracer-launcher/install/async_web_server_cpp/lib/pkgconfig:/opt/intel/openvino_2021/data_processing/dl_streamer/lib/pkgconfig:/opt/intel/openvino_2021/data_processing/gstreamer/lib/pkgconfig ROS_PACKAGE_PATH=/root/deepracer_ws/aws-deepracer-launcher/install/async_web_server_cpp/share /usr/bin/cmake /root/deepracer_ws/aws-deepracer-launcher/web_video_server -DCMAKE_INSTALL_PREFIX=/root/deepracer_ws/aws-deepracer-launcher/install/web_video_server
[0.257s] -- The C compiler identification is GNU 9.3.0
[0.448s] -- The CXX compiler identification is GNU 9.3.0
[0.620s] -- Check for working C compiler: /usr/bin/cc
[0.849s] -- Check for working C compiler: /usr/bin/cc -- works
[0.852s] -- Detecting C compiler ABI info
[1.228s] -- Detecting C compiler ABI info - done
[1.275s] -- Detecting C compile features
[1.276s] -- Detecting C compile features - done
[1.286s] -- Check for working CXX compiler: /usr/bin/c++
[1.539s] -- Check for working CXX compiler: /usr/bin/c++ -- works
[1.542s] -- Detecting CXX compiler ABI info
[1.955s] -- Detecting CXX compiler ABI info - done
[2.001s] -- Detecting CXX compile features
[2.004s] -- Detecting CXX compile features - done
[2.186s] -- Found ament_cmake_ros: 0.9.1 (/opt/ros/foxy/share/ament_cmake_ros/cmake)
[2.293s] -- Found PythonInterp: /usr/bin/python3 (found suitable version "3.8.5", minimum required is "3") 
[2.294s] -- Using PYTHON_EXECUTABLE: /usr/bin/python3
[3.222s] -- Found async_web_server_cpp: 1.0.0 (/root/deepracer_ws/aws-deepracer-launcher/install/async_web_server_cpp/share/async_web_server_cpp/cmake)
[3.749s] -- Found cv_bridge: 2.2.1 (/opt/ros/foxy/share/cv_bridge/cmake)
[3.788s] -- Found image_transport: 2.3.0 (/opt/ros/foxy/share/image_transport/cmake)
[3.951s] -- Using all available rosidl_typesupport_c: rosidl_typesupport_fastrtps_c;rosidl_typesupport_introspection_c
[3.977s] -- Found rosidl_adapter: 1.2.0 (/opt/ros/foxy/share/rosidl_adapter/cmake)
[4.051s] -- Found OpenSSL: /usr/lib/x86_64-linux-gnu/libcrypto.so (found version "1.1.1f")  
[4.142s] -- Found FastRTPS: /opt/ros/foxy/include  
[4.404s] -- Using all available rosidl_typesupport_cpp: rosidl_typesupport_fastrtps_cpp;rosidl_typesupport_introspection_cpp
[4.780s] -- Found rmw_implementation_cmake: 1.0.2 (/opt/ros/foxy/share/rmw_implementation_cmake/cmake)
[4.788s] -- Using RMW implementation 'rmw_fastrtps_cpp' as default
[4.792s] -- Looking for pthread.h
[5.035s] -- Looking for pthread.h - found
[5.037s] -- Performing Test CMAKE_HAVE_LIBC_PTHREAD
[5.285s] -- Performing Test CMAKE_HAVE_LIBC_PTHREAD - Failed
[5.287s] -- Looking for pthread_create in pthreads
[5.463s] -- Looking for pthread_create in pthreads - not found
[5.467s] -- Looking for pthread_create in pthread
[5.696s] -- Looking for pthread_create in pthread - found
[5.700s] -- Found Threads: TRUE  
[7.581s] -- Found OpenCV: /opt/intel/openvino_2021.1.110/opencv (found version "4.5.0") 
[7.622s] -- Found Boost: /usr/lib/x86_64-linux-gnu/cmake/Boost-1.71.0/BoostConfig.cmake (found version "1.71.0") found components: thread 
[7.636s] -- Found PkgConfig: /usr/bin/pkg-config (found version "0.29.1") 
[7.642s] -- Checking for module 'libavcodec'
[7.697s] --   Found libavcodec, version 58.54.100
[7.821s] -- Checking for module 'libavformat'
[7.870s] --   Found libavformat, version 58.29.100
[7.997s] -- Checking for module 'libavutil'
[8.050s] --   Found libavutil, version 56.31.100
[8.278s] -- Checking for module 'libswscale'
[8.279s] --   Found libswscale, version 5.5.100
[8.793s] -- Configuring done
[8.877s] -- Generating done
[8.885s] -- Build files have been written to: /root/deepracer_ws/aws-deepracer-launcher/build/web_video_server
[8.927s] Invoked command in '/root/deepracer_ws/aws-deepracer-launcher/build/web_video_server' returned '0': CMAKE_PREFIX_PATH=/opt/ros/foxy:/root/deepracer_ws/aws-deepracer-launcher/install/async_web_server_cpp LD_LIBRARY_PATH=/root/deepracer_ws/aws-deepracer-launcher/install/async_web_server_cpp/lib:${LD_LIBRARY_PATH} PKG_CONFIG_PATH=/root/deepracer_ws/aws-deepracer-launcher/install/async_web_server_cpp/lib/x86_64-linux-gnu/pkgconfig:/root/deepracer_ws/aws-deepracer-launcher/install/async_web_server_cpp/lib/pkgconfig:/opt/intel/openvino_2021/data_processing/dl_streamer/lib/pkgconfig:/opt/intel/openvino_2021/data_processing/gstreamer/lib/pkgconfig ROS_PACKAGE_PATH=/root/deepracer_ws/aws-deepracer-launcher/install/async_web_server_cpp/share /usr/bin/cmake /root/deepracer_ws/aws-deepracer-launcher/web_video_server -DCMAKE_INSTALL_PREFIX=/root/deepracer_ws/aws-deepracer-launcher/install/web_video_server
[8.930s] Invoking command in '/root/deepracer_ws/aws-deepracer-launcher/build/web_video_server': CMAKE_PREFIX_PATH=/opt/ros/foxy:/root/deepracer_ws/aws-deepracer-launcher/install/async_web_server_cpp LD_LIBRARY_PATH=/root/deepracer_ws/aws-deepracer-launcher/install/async_web_server_cpp/lib:${LD_LIBRARY_PATH} PKG_CONFIG_PATH=/root/deepracer_ws/aws-deepracer-launcher/install/async_web_server_cpp/lib/x86_64-linux-gnu/pkgconfig:/root/deepracer_ws/aws-deepracer-launcher/install/async_web_server_cpp/lib/pkgconfig:/opt/intel/openvino_2021/data_processing/dl_streamer/lib/pkgconfig:/opt/intel/openvino_2021/data_processing/gstreamer/lib/pkgconfig ROS_PACKAGE_PATH=/root/deepracer_ws/aws-deepracer-launcher/install/async_web_server_cpp/share /usr/bin/cmake --build /root/deepracer_ws/aws-deepracer-launcher/build/web_video_server -- -j2 -l2
[9.072s] [35m[1mScanning dependencies of target web_video_server[0m
[9.824s] [  9%] [32mBuilding CXX object CMakeFiles/web_video_server.dir/src/web_video_server.cpp.o[0m
[38.997s] [ 18%] [32mBuilding CXX object CMakeFiles/web_video_server.dir/src/image_streamer.cpp.o[0m
[62.606s] [ 27%] [32mBuilding CXX object CMakeFiles/web_video_server.dir/src/libav_streamer.cpp.o[0m
[80.666s] [01m[K/root/deepracer_ws/aws-deepracer-launcher/web_video_server/src/libav_streamer.cpp:[m[K In constructor ‘[01m[Kweb_video_server::LibavStreamer::LibavStreamer(const async_web_server_cpp::HttpRequest&, async_web_server_cpp::HttpConnectionPtr, rclcpp::Node::SharedPtr, const string&, const string&, const string&)[m[K’:
[80.667s] [01m[K/root/deepracer_ws/aws-deepracer-launcher/web_video_server/src/libav_streamer.cpp:65:55:[m[K [01;35m[Kwarning: [m[K‘[01m[Kint av_lockmgr_register(int (*)(void**, AVLockOp))[m[K’ is deprecated [[01;35m[K-Wdeprecated-declarations[m[K]
[80.667s]    65 |   av_lockmgr_register(&ffmpeg_boost_mutex_lock_manager[01;35m[K)[m[K;
[80.667s]       |                                                       [01;35m[K^[m[K
[80.668s] In file included from [01m[K/root/deepracer_ws/aws-deepracer-launcher/web_video_server/include/web_video_server/libav_streamer.h:11[m[K,
[80.669s]                  from [01m[K/root/deepracer_ws/aws-deepracer-launcher/web_video_server/src/libav_streamer.cpp:1[m[K:
[80.669s] [01m[K/usr/include/x86_64-linux-gnu/libavcodec/avcodec.h:6163:5:[m[K [01;36m[Knote: [m[Kdeclared here
[80.669s]  6163 | int [01;36m[Kav_lockmgr_register[m[K(int (*cb)(void **mutex, enum AVLockOp op));
[80.670s]       |     [01;36m[K^~~~~~~~~~~~~~~~~~~[m[K
[80.670s] [01m[K/root/deepracer_ws/aws-deepracer-launcher/web_video_server/src/libav_streamer.cpp:65:55:[m[K [01;35m[Kwarning: [m[K‘[01m[Kint av_lockmgr_register(int (*)(void**, AVLockOp))[m[K’ is deprecated [[01;35m[K-Wdeprecated-declarations[m[K]
[80.670s]    65 |   av_lockmgr_register(&ffmpeg_boost_mutex_lock_manager[01;35m[K)[m[K;
[80.670s]       |                                                       [01;35m[K^[m[K
[80.671s] In file included from [01m[K/root/deepracer_ws/aws-deepracer-launcher/web_video_server/include/web_video_server/libav_streamer.h:11[m[K,
[80.671s]                  from [01m[K/root/deepracer_ws/aws-deepracer-launcher/web_video_server/src/libav_streamer.cpp:1[m[K:
[80.671s] [01m[K/usr/include/x86_64-linux-gnu/libavcodec/avcodec.h:6163:5:[m[K [01;36m[Knote: [m[Kdeclared here
[80.672s]  6163 | int [01;36m[Kav_lockmgr_register[m[K(int (*cb)(void **mutex, enum AVLockOp op));
[80.672s]       |     [01;36m[K^~~~~~~~~~~~~~~~~~~[m[K
[80.672s] [01m[K/root/deepracer_ws/aws-deepracer-launcher/web_video_server/src/libav_streamer.cpp:66:19:[m[K [01;35m[Kwarning: [m[K‘[01m[Kvoid av_register_all()[m[K’ is deprecated [[01;35m[K-Wdeprecated-declarations[m[K]
[80.672s]    66 |   av_register_all([01;35m[K)[m[K;
[80.675s]       |                   [01;35m[K^[m[K
[80.676s] In file included from [01m[K/root/deepracer_ws/aws-deepracer-launcher/web_video_server/include/web_video_server/libav_streamer.h:12[m[K,
[80.676s]                  from [01m[K/root/deepracer_ws/aws-deepracer-launcher/web_video_server/src/libav_streamer.cpp:1[m[K:
[80.677s] [01m[K/usr/include/x86_64-linux-gnu/libavformat/avformat.h:2050:6:[m[K [01;36m[Knote: [m[Kdeclared here
[80.677s]  2050 | void [01;36m[Kav_register_all[m[K(void);
[80.677s]       |      [01;36m[K^~~~~~~~~~~~~~~[m[K
[80.678s] [01m[K/root/deepracer_ws/aws-deepracer-launcher/web_video_server/src/libav_streamer.cpp:66:19:[m[K [01;35m[Kwarning: [m[K‘[01m[Kvoid av_register_all()[m[K’ is deprecated [[01;35m[K-Wdeprecated-declarations[m[K]
[80.678s]    66 |   av_register_all([01;35m[K)[m[K;
[80.678s]       |                   [01;35m[K^[m[K
[80.678s] In file included from [01m[K/root/deepracer_ws/aws-deepracer-launcher/web_video_server/include/web_video_server/libav_streamer.h:12[m[K,
[80.679s]                  from [01m[K/root/deepracer_ws/aws-deepracer-launcher/web_video_server/src/libav_streamer.cpp:1[m[K:
[80.679s] [01m[K/usr/include/x86_64-linux-gnu/libavformat/avformat.h:2050:6:[m[K [01;36m[Knote: [m[Kdeclared here
[80.679s]  2050 | void [01;36m[Kav_register_all[m[K(void);
[80.680s]       |      [01;36m[K^~~~~~~~~~~~~~~[m[K
[80.680s] [01m[K/root/deepracer_ws/aws-deepracer-launcher/web_video_server/src/libav_streamer.cpp:[m[K In member function ‘[01m[Kvirtual void web_video_server::LibavStreamer::initialize(const cv::Mat&)[m[K’:
[80.680s] [01m[K/root/deepracer_ws/aws-deepracer-launcher/web_video_server/src/libav_streamer.cpp:160:35:[m[K [01;35m[Kwarning: [m[K‘[01m[KAVStream::codec[m[K’ is deprecated [[01;35m[K-Wdeprecated-declarations[m[K]
[80.680s]   160 |   codec_context_ = video_stream_->[01;35m[Kcodec[m[K;
[80.681s]       |                                   [01;35m[K^~~~~[m[K
[80.682s] In file included from [01m[K/root/deepracer_ws/aws-deepracer-launcher/web_video_server/include/web_video_server/libav_streamer.h:12[m[K,
[80.682s]                  from [01m[K/root/deepracer_ws/aws-deepracer-launcher/web_video_server/src/libav_streamer.cpp:1[m[K:
[80.682s] [01m[K/usr/include/x86_64-linux-gnu/libavformat/avformat.h:885:21:[m[K [01;36m[Knote: [m[Kdeclared here
[80.683s]   885 |     AVCodecContext *[01;36m[Kcodec[m[K;
[80.683s]       |                     [01;36m[K^~~~~[m[K
[80.683s] [01m[K/root/deepracer_ws/aws-deepracer-launcher/web_video_server/src/libav_streamer.cpp:160:35:[m[K [01;35m[Kwarning: [m[K‘[01m[KAVStream::codec[m[K’ is deprecated [[01;35m[K-Wdeprecated-declarations[m[K]
[80.684s]   160 |   codec_context_ = video_stream_->[01;35m[Kcodec[m[K;
[80.684s]       |                                   [01;35m[K^~~~~[m[K
[80.684s] In file included from [01m[K/root/deepracer_ws/aws-deepracer-launcher/web_video_server/include/web_video_server/libav_streamer.h:12[m[K,
[80.684s]                  from [01m[K/root/deepracer_ws/aws-deepracer-launcher/web_video_server/src/libav_streamer.cpp:1[m[K:
[80.689s] [01m[K/usr/include/x86_64-linux-gnu/libavformat/avformat.h:885:21:[m[K [01;36m[Knote: [m[Kdeclared here
[80.690s]   885 |     AVCodecContext *[01;36m[Kcodec[m[K;
[80.690s]       |                     [01;36m[K^~~~~[m[K
[80.690s] [01m[K/root/deepracer_ws/aws-deepracer-launcher/web_video_server/src/libav_streamer.cpp:160:35:[m[K [01;35m[Kwarning: [m[K‘[01m[KAVStream::codec[m[K’ is deprecated [[01;35m[K-Wdeprecated-declarations[m[K]
[80.690s]   160 |   codec_context_ = video_stream_->[01;35m[Kcodec[m[K;
[80.691s]       |                                   [01;35m[K^~~~~[m[K
[80.691s] In file included from [01m[K/root/deepracer_ws/aws-deepracer-launcher/web_video_server/include/web_video_server/libav_streamer.h:12[m[K,
[80.701s]                  from [01m[K/root/deepracer_ws/aws-deepracer-launcher/web_video_server/src/libav_streamer.cpp:1[m[K:
[80.702s] [01m[K/usr/include/x86_64-linux-gnu/libavformat/avformat.h:885:21:[m[K [01;36m[Knote: [m[Kdeclared here
[80.702s]   885 |     AVCodecContext *[01;36m[Kcodec[m[K;
[80.702s]       |                     [01;36m[K^~~~~[m[K
[85.983s] [ 36%] [32mBuilding CXX object CMakeFiles/web_video_server.dir/src/vp8_streamer.cpp.o[0m
[108.279s] [ 45%] [32mBuilding CXX object CMakeFiles/web_video_server.dir/src/h264_streamer.cpp.o[0m
[129.659s] [ 54%] [32mBuilding CXX object CMakeFiles/web_video_server.dir/src/vp9_streamer.cpp.o[0m
[150.690s] [ 63%] [32mBuilding CXX object CMakeFiles/web_video_server.dir/src/multipart_stream.cpp.o[0m
[166.056s] [ 72%] [32mBuilding CXX object CMakeFiles/web_video_server.dir/src/ros_compressed_streamer.cpp.o[0m
[199.806s] [ 81%] [32mBuilding CXX object CMakeFiles/web_video_server.dir/src/jpeg_streamers.cpp.o[0m
[222.999s] [ 90%] [32mBuilding CXX object CMakeFiles/web_video_server.dir/src/png_streamers.cpp.o[0m
[246.114s] [100%] [32m[1mLinking CXX executable web_video_server[0m
[251.713s] /usr/bin/ld: warning: libopencv_imgcodecs.so.4.2, needed by /opt/ros/foxy/lib/libcv_bridge.so, may conflict with libopencv_imgcodecs.so.4.5
[251.714s] /usr/bin/ld: warning: libopencv_imgproc.so.4.2, needed by /opt/ros/foxy/lib/libcv_bridge.so, may conflict with libopencv_imgproc.so.4.5
[251.714s] /usr/bin/ld: warning: libopencv_core.so.4.2, needed by /opt/ros/foxy/lib/libcv_bridge.so, may conflict with libopencv_core.so.4.5
[251.742s] [100%] Built target web_video_server
[251.782s] Invoked command in '/root/deepracer_ws/aws-deepracer-launcher/build/web_video_server' returned '0': CMAKE_PREFIX_PATH=/opt/ros/foxy:/root/deepracer_ws/aws-deepracer-launcher/install/async_web_server_cpp LD_LIBRARY_PATH=/root/deepracer_ws/aws-deepracer-launcher/install/async_web_server_cpp/lib:${LD_LIBRARY_PATH} PKG_CONFIG_PATH=/root/deepracer_ws/aws-deepracer-launcher/install/async_web_server_cpp/lib/x86_64-linux-gnu/pkgconfig:/root/deepracer_ws/aws-deepracer-launcher/install/async_web_server_cpp/lib/pkgconfig:/opt/intel/openvino_2021/data_processing/dl_streamer/lib/pkgconfig:/opt/intel/openvino_2021/data_processing/gstreamer/lib/pkgconfig ROS_PACKAGE_PATH=/root/deepracer_ws/aws-deepracer-launcher/install/async_web_server_cpp/share /usr/bin/cmake --build /root/deepracer_ws/aws-deepracer-launcher/build/web_video_server -- -j2 -l2
[251.934s] Invoking command in '/root/deepracer_ws/aws-deepracer-launcher/build/web_video_server': CMAKE_PREFIX_PATH=/opt/ros/foxy:/root/deepracer_ws/aws-deepracer-launcher/install/async_web_server_cpp LD_LIBRARY_PATH=/root/deepracer_ws/aws-deepracer-launcher/install/async_web_server_cpp/lib:${LD_LIBRARY_PATH} PKG_CONFIG_PATH=/root/deepracer_ws/aws-deepracer-launcher/install/async_web_server_cpp/lib/x86_64-linux-gnu/pkgconfig:/root/deepracer_ws/aws-deepracer-launcher/install/async_web_server_cpp/lib/pkgconfig:/opt/intel/openvino_2021/data_processing/dl_streamer/lib/pkgconfig:/opt/intel/openvino_2021/data_processing/gstreamer/lib/pkgconfig ROS_PACKAGE_PATH=/root/deepracer_ws/aws-deepracer-launcher/install/async_web_server_cpp/share /usr/bin/cmake --install /root/deepracer_ws/aws-deepracer-launcher/build/web_video_server
[251.975s] -- Install configuration: ""
[251.977s] -- Installing: /root/deepracer_ws/aws-deepracer-launcher/install/web_video_server/lib/web_video_server/web_video_server
[252.101s] -- Set runtime path of "/root/deepracer_ws/aws-deepracer-launcher/install/web_video_server/lib/web_video_server/web_video_server" to ""
[252.102s] -- Installing: /root/deepracer_ws/aws-deepracer-launcher/install/web_video_server/include/web_video_server
[252.102s] -- Installing: /root/deepracer_ws/aws-deepracer-launcher/install/web_video_server/include/web_video_server/h264_streamer.h
[252.102s] -- Installing: /root/deepracer_ws/aws-deepracer-launcher/install/web_video_server/include/web_video_server/image_streamer.h
[252.103s] -- Installing: /root/deepracer_ws/aws-deepracer-launcher/install/web_video_server/include/web_video_server/jpeg_streamers.h
[252.103s] -- Installing: /root/deepracer_ws/aws-deepracer-launcher/install/web_video_server/include/web_video_server/libav_streamer.h
[252.104s] -- Installing: /root/deepracer_ws/aws-deepracer-launcher/install/web_video_server/include/web_video_server/multipart_stream.h
[252.104s] -- Installing: /root/deepracer_ws/aws-deepracer-launcher/install/web_video_server/include/web_video_server/png_streamers.h
[252.104s] -- Installing: /root/deepracer_ws/aws-deepracer-launcher/install/web_video_server/include/web_video_server/ros_compressed_streamer.h
[252.104s] -- Installing: /root/deepracer_ws/aws-deepracer-launcher/install/web_video_server/include/web_video_server/vp8_streamer.h
[252.105s] -- Installing: /root/deepracer_ws/aws-deepracer-launcher/install/web_video_server/include/web_video_server/vp9_streamer.h
[252.105s] -- Installing: /root/deepracer_ws/aws-deepracer-launcher/install/web_video_server/include/web_video_server/web_video_server.h
[252.106s] -- Installing: /root/deepracer_ws/aws-deepracer-launcher/install/web_video_server/share/ament_index/resource_index/package_run_dependencies/web_video_server
[252.107s] -- Installing: /root/deepracer_ws/aws-deepracer-launcher/install/web_video_server/share/ament_index/resource_index/parent_prefix_path/web_video_server
[252.107s] -- Installing: /root/deepracer_ws/aws-deepracer-launcher/install/web_video_server/share/web_video_server/environment/ament_prefix_path.sh
[252.107s] -- Installing: /root/deepracer_ws/aws-deepracer-launcher/install/web_video_server/share/web_video_server/environment/ament_prefix_path.dsv
[252.113s] -- Installing: /root/deepracer_ws/aws-deepracer-launcher/install/web_video_server/share/web_video_server/environment/path.sh
[252.121s] -- Installing: /root/deepracer_ws/aws-deepracer-launcher/install/web_video_server/share/web_video_server/environment/path.dsv
[252.122s] -- Installing: /root/deepracer_ws/aws-deepracer-launcher/install/web_video_server/share/web_video_server/local_setup.bash
[252.123s] -- Installing: /root/deepracer_ws/aws-deepracer-launcher/install/web_video_server/share/web_video_server/local_setup.sh
[252.123s] -- Installing: /root/deepracer_ws/aws-deepracer-launcher/install/web_video_server/share/web_video_server/local_setup.zsh
[252.124s] -- Installing: /root/deepracer_ws/aws-deepracer-launcher/install/web_video_server/share/web_video_server/local_setup.dsv
[252.125s] -- Installing: /root/deepracer_ws/aws-deepracer-launcher/install/web_video_server/share/web_video_server/package.dsv
[252.125s] -- Installing: /root/deepracer_ws/aws-deepracer-launcher/install/web_video_server/share/ament_index/resource_index/packages/web_video_server
[252.128s] -- Installing: /root/deepracer_ws/aws-deepracer-launcher/install/web_video_server/share/web_video_server/cmake/web_video_serverConfig.cmake
[252.128s] -- Installing: /root/deepracer_ws/aws-deepracer-launcher/install/web_video_server/share/web_video_server/cmake/web_video_serverConfig-version.cmake
[252.129s] -- Installing: /root/deepracer_ws/aws-deepracer-launcher/install/web_video_server/share/web_video_server/package.xml
[252.130s] Invoked command in '/root/deepracer_ws/aws-deepracer-launcher/build/web_video_server' returned '0': CMAKE_PREFIX_PATH=/opt/ros/foxy:/root/deepracer_ws/aws-deepracer-launcher/install/async_web_server_cpp LD_LIBRARY_PATH=/root/deepracer_ws/aws-deepracer-launcher/install/async_web_server_cpp/lib:${LD_LIBRARY_PATH} PKG_CONFIG_PATH=/root/deepracer_ws/aws-deepracer-launcher/install/async_web_server_cpp/lib/x86_64-linux-gnu/pkgconfig:/root/deepracer_ws/aws-deepracer-launcher/install/async_web_server_cpp/lib/pkgconfig:/opt/intel/openvino_2021/data_processing/dl_streamer/lib/pkgconfig:/opt/intel/openvino_2021/data_processing/gstreamer/lib/pkgconfig ROS_PACKAGE_PATH=/root/deepracer_ws/aws-deepracer-launcher/install/async_web_server_cpp/share /usr/bin/cmake --install /root/deepracer_ws/aws-deepracer-launcher/build/web_video_server
