[0.032s] Invoking command in '/root/deepracer_ws/aws-deepracer-launcher/build/servo_pkg': AMENT_PREFIX_PATH=/root/deepracer_ws/aws-deepracer-launcher/install/deepracer_interfaces_pkg:${AMENT_PREFIX_PATH} CMAKE_PREFIX_PATH=/root/deepracer_ws/aws-deepracer-launcher/install/deepracer_interfaces_pkg:/opt/ros/foxy LD_LIBRARY_PATH=/root/deepracer_ws/aws-deepracer-launcher/install/deepracer_interfaces_pkg/lib:${LD_LIBRARY_PATH} PYTHONPATH=/root/deepracer_ws/aws-deepracer-launcher/install/deepracer_interfaces_pkg/lib/python3.8/site-packages:${PYTHONPATH} /usr/bin/cmake /root/deepracer_ws/aws-deepracer-launcher/aws-deepracer-servo-pkg/servo_pkg -DCMAKE_INSTALL_PREFIX=/root/deepracer_ws/aws-deepracer-launcher/install/servo_pkg
[0.214s] -- The C compiler identification is GNU 9.3.0
[0.457s] -- The CXX compiler identification is GNU 9.3.0
[0.525s] -- Check for working C compiler: /usr/bin/cc
[0.736s] -- Check for working C compiler: /usr/bin/cc -- works
[0.738s] -- Detecting C compiler ABI info
[1.104s] -- Detecting C compiler ABI info - done
[1.148s] -- Detecting C compile features
[1.148s] -- Detecting C compile features - done
[1.158s] -- Check for working CXX compiler: /usr/bin/c++
[1.407s] -- Check for working CXX compiler: /usr/bin/c++ -- works
[1.410s] -- Detecting CXX compiler ABI info
[1.817s] -- Detecting CXX compiler ABI info - done
[1.862s] -- Detecting CXX compile features
[1.863s] -- Detecting CXX compile features - done
[1.873s] -- Found ament_cmake: 0.9.8 (/opt/ros/foxy/share/ament_cmake/cmake)
[1.968s] -- Found PythonInterp: /usr/bin/python3 (found suitable version "3.8.5", minimum required is "3") 
[1.968s] -- Using PYTHON_EXECUTABLE: /usr/bin/python3
[2.923s] -- Found rclcpp: 2.3.0 (/opt/ros/foxy/share/rclcpp/cmake)
[3.217s] -- Using all available rosidl_typesupport_c: rosidl_typesupport_fastrtps_c;rosidl_typesupport_introspection_c
[3.242s] -- Found rosidl_adapter: 1.2.0 (/opt/ros/foxy/share/rosidl_adapter/cmake)
[3.632s] -- Found OpenSSL: /usr/lib/x86_64-linux-gnu/libcrypto.so (found version "1.1.1f")  
[3.718s] -- Found FastRTPS: /opt/ros/foxy/include  
[3.969s] -- Using all available rosidl_typesupport_cpp: rosidl_typesupport_fastrtps_cpp;rosidl_typesupport_introspection_cpp
[4.169s] -- Found rmw_implementation_cmake: 1.0.2 (/opt/ros/foxy/share/rmw_implementation_cmake/cmake)
[4.173s] -- Using RMW implementation 'rmw_fastrtps_cpp' as default
[4.176s] -- Looking for pthread.h
[4.399s] -- Looking for pthread.h - found
[4.400s] -- Performing Test CMAKE_HAVE_LIBC_PTHREAD
[4.628s] -- Performing Test CMAKE_HAVE_LIBC_PTHREAD - Failed
[4.629s] -- Looking for pthread_create in pthreads
[4.792s] -- Looking for pthread_create in pthreads - not found
[4.793s] -- Looking for pthread_create in pthread
[5.011s] -- Looking for pthread_create in pthread - found
[5.014s] -- Found Threads: TRUE  
[5.575s] -- Found deepracer_interfaces_pkg: 0.0.1 (/root/deepracer_ws/aws-deepracer-launcher/install/deepracer_interfaces_pkg/share/deepracer_interfaces_pkg/cmake)
[6.656s] -- Found ament_lint_auto: 0.9.6 (/opt/ros/foxy/share/ament_lint_auto/cmake)
[6.997s] -- Added test 'copyright' to check source files copyright and LICENSE
[7.002s] -- Added test 'cppcheck' to perform static code analysis on C / C++ code
[7.004s] -- Configured cppcheck include dirs: /root/deepracer_ws/aws-deepracer-launcher/aws-deepracer-servo-pkg/servo_pkg/include
[7.004s] -- Configured cppcheck exclude dirs and/or files: 
[7.008s] -- Added test 'cpplint' to check C / C++ code against the Google style
[7.009s] -- Configured cpplint exclude dirs and/or files: 
[7.012s] -- Added test 'flake8' to check Python code syntax and style conventions
[7.015s] -- Added test 'lint_cmake' to check CMake code style
[7.017s] -- Added test 'pep257' to check Python code against some of the style conventions in PEP 257
[7.022s] -- Added test 'uncrustify' to check C / C++ code style
[7.022s] -- Configured uncrustify additional arguments: 
[7.025s] -- Added test 'xmllint' to check XML markup files
[7.036s] -- Configuring done
[7.072s] -- Generating done
[7.079s] -- Build files have been written to: /root/deepracer_ws/aws-deepracer-launcher/build/servo_pkg
[7.107s] Invoked command in '/root/deepracer_ws/aws-deepracer-launcher/build/servo_pkg' returned '0': AMENT_PREFIX_PATH=/root/deepracer_ws/aws-deepracer-launcher/install/deepracer_interfaces_pkg:${AMENT_PREFIX_PATH} CMAKE_PREFIX_PATH=/root/deepracer_ws/aws-deepracer-launcher/install/deepracer_interfaces_pkg:/opt/ros/foxy LD_LIBRARY_PATH=/root/deepracer_ws/aws-deepracer-launcher/install/deepracer_interfaces_pkg/lib:${LD_LIBRARY_PATH} PYTHONPATH=/root/deepracer_ws/aws-deepracer-launcher/install/deepracer_interfaces_pkg/lib/python3.8/site-packages:${PYTHONPATH} /usr/bin/cmake /root/deepracer_ws/aws-deepracer-launcher/aws-deepracer-servo-pkg/servo_pkg -DCMAKE_INSTALL_PREFIX=/root/deepracer_ws/aws-deepracer-launcher/install/servo_pkg
[7.108s] Invoking command in '/root/deepracer_ws/aws-deepracer-launcher/build/servo_pkg': AMENT_PREFIX_PATH=/root/deepracer_ws/aws-deepracer-launcher/install/deepracer_interfaces_pkg:${AMENT_PREFIX_PATH} CMAKE_PREFIX_PATH=/root/deepracer_ws/aws-deepracer-launcher/install/deepracer_interfaces_pkg:/opt/ros/foxy LD_LIBRARY_PATH=/root/deepracer_ws/aws-deepracer-launcher/install/deepracer_interfaces_pkg/lib:${LD_LIBRARY_PATH} PYTHONPATH=/root/deepracer_ws/aws-deepracer-launcher/install/deepracer_interfaces_pkg/lib/python3.8/site-packages:${PYTHONPATH} /usr/bin/cmake --build /root/deepracer_ws/aws-deepracer-launcher/build/servo_pkg -- -j2 -l2
[7.233s] [35m[1mScanning dependencies of target servo_node[0m
[7.586s] [ 14%] [32mBuilding CXX object CMakeFiles/servo_node.dir/src/servo_node.cpp.o[0m
[35.004s] [ 28%] [32mBuilding CXX object CMakeFiles/servo_node.dir/src/bios_version.cpp.o[0m
[42.579s] [ 42%] [32mBuilding CXX object CMakeFiles/servo_node.dir/src/utility.cpp.o[0m
[44.757s] [ 57%] [32mBuilding CXX object CMakeFiles/servo_node.dir/src/led_mgr.cpp.o[0m
[55.356s] [ 71%] [32mBuilding CXX object CMakeFiles/servo_node.dir/src/servo_mgr.cpp.o[0m
[66.112s] [ 85%] [32mBuilding CXX object CMakeFiles/servo_node.dir/src/pwm.cpp.o[0m
[74.499s] [100%] [32m[1mLinking CXX executable servo_node[0m
[76.079s] [100%] Built target servo_node
[76.115s] Invoked command in '/root/deepracer_ws/aws-deepracer-launcher/build/servo_pkg' returned '0': AMENT_PREFIX_PATH=/root/deepracer_ws/aws-deepracer-launcher/install/deepracer_interfaces_pkg:${AMENT_PREFIX_PATH} CMAKE_PREFIX_PATH=/root/deepracer_ws/aws-deepracer-launcher/install/deepracer_interfaces_pkg:/opt/ros/foxy LD_LIBRARY_PATH=/root/deepracer_ws/aws-deepracer-launcher/install/deepracer_interfaces_pkg/lib:${LD_LIBRARY_PATH} PYTHONPATH=/root/deepracer_ws/aws-deepracer-launcher/install/deepracer_interfaces_pkg/lib/python3.8/site-packages:${PYTHONPATH} /usr/bin/cmake --build /root/deepracer_ws/aws-deepracer-launcher/build/servo_pkg -- -j2 -l2
[76.212s] Invoking command in '/root/deepracer_ws/aws-deepracer-launcher/build/servo_pkg': AMENT_PREFIX_PATH=/root/deepracer_ws/aws-deepracer-launcher/install/deepracer_interfaces_pkg:${AMENT_PREFIX_PATH} CMAKE_PREFIX_PATH=/root/deepracer_ws/aws-deepracer-launcher/install/deepracer_interfaces_pkg:/opt/ros/foxy LD_LIBRARY_PATH=/root/deepracer_ws/aws-deepracer-launcher/install/deepracer_interfaces_pkg/lib:${LD_LIBRARY_PATH} PYTHONPATH=/root/deepracer_ws/aws-deepracer-launcher/install/deepracer_interfaces_pkg/lib/python3.8/site-packages:${PYTHONPATH} /usr/bin/cmake --install /root/deepracer_ws/aws-deepracer-launcher/build/servo_pkg
[76.243s] -- Install configuration: ""
[76.244s] -- Installing: /root/deepracer_ws/aws-deepracer-launcher/install/servo_pkg/lib/servo_pkg/servo_node
[76.427s] -- Set runtime path of "/root/deepracer_ws/aws-deepracer-launcher/install/servo_pkg/lib/servo_pkg/servo_node" to ""
[76.428s] -- Installing: /root/deepracer_ws/aws-deepracer-launcher/install/servo_pkg/include
[76.429s] -- Installing: /root/deepracer_ws/aws-deepracer-launcher/install/servo_pkg/include/servo_pkg
[76.430s] -- Installing: /root/deepracer_ws/aws-deepracer-launcher/install/servo_pkg/include/servo_pkg/bios_version.hpp
[76.431s] -- Installing: /root/deepracer_ws/aws-deepracer-launcher/install/servo_pkg/include/servo_pkg/led_mgr.hpp
[76.432s] -- Installing: /root/deepracer_ws/aws-deepracer-launcher/install/servo_pkg/include/servo_pkg/pwm.hpp
[76.433s] -- Installing: /root/deepracer_ws/aws-deepracer-launcher/install/servo_pkg/include/servo_pkg/servo_mgr.hpp
[76.433s] -- Installing: /root/deepracer_ws/aws-deepracer-launcher/install/servo_pkg/include/servo_pkg/utility.hpp
[76.435s] -- Installing: /root/deepracer_ws/aws-deepracer-launcher/install/servo_pkg/share/servo_pkg//launch
[76.436s] -- Installing: /root/deepracer_ws/aws-deepracer-launcher/install/servo_pkg/share/servo_pkg//launch/servo_pkg_launch.py
[76.437s] -- Installing: /root/deepracer_ws/aws-deepracer-launcher/install/servo_pkg/share/ament_index/resource_index/package_run_dependencies/servo_pkg
[76.438s] -- Installing: /root/deepracer_ws/aws-deepracer-launcher/install/servo_pkg/share/ament_index/resource_index/parent_prefix_path/servo_pkg
[76.440s] -- Installing: /root/deepracer_ws/aws-deepracer-launcher/install/servo_pkg/share/servo_pkg/environment/ament_prefix_path.sh
[76.441s] -- Installing: /root/deepracer_ws/aws-deepracer-launcher/install/servo_pkg/share/servo_pkg/environment/ament_prefix_path.dsv
[76.442s] -- Installing: /root/deepracer_ws/aws-deepracer-launcher/install/servo_pkg/share/servo_pkg/environment/path.sh
[76.444s] -- Installing: /root/deepracer_ws/aws-deepracer-launcher/install/servo_pkg/share/servo_pkg/environment/path.dsv
[76.444s] -- Installing: /root/deepracer_ws/aws-deepracer-launcher/install/servo_pkg/share/servo_pkg/local_setup.bash
[76.444s] -- Installing: /root/deepracer_ws/aws-deepracer-launcher/install/servo_pkg/share/servo_pkg/local_setup.sh
[76.446s] -- Installing: /root/deepracer_ws/aws-deepracer-launcher/install/servo_pkg/share/servo_pkg/local_setup.zsh
[76.447s] -- Installing: /root/deepracer_ws/aws-deepracer-launcher/install/servo_pkg/share/servo_pkg/local_setup.dsv
[76.448s] -- Installing: /root/deepracer_ws/aws-deepracer-launcher/install/servo_pkg/share/servo_pkg/package.dsv
[76.449s] -- Installing: /root/deepracer_ws/aws-deepracer-launcher/install/servo_pkg/share/ament_index/resource_index/packages/servo_pkg
[76.450s] -- Installing: /root/deepracer_ws/aws-deepracer-launcher/install/servo_pkg/share/servo_pkg/cmake/ament_cmake_export_include_directories-extras.cmake
[76.451s] -- Installing: /root/deepracer_ws/aws-deepracer-launcher/install/servo_pkg/share/servo_pkg/cmake/ament_cmake_export_dependencies-extras.cmake
[76.452s] -- Installing: /root/deepracer_ws/aws-deepracer-launcher/install/servo_pkg/share/servo_pkg/cmake/servo_pkgConfig.cmake
[76.453s] -- Installing: /root/deepracer_ws/aws-deepracer-launcher/install/servo_pkg/share/servo_pkg/cmake/servo_pkgConfig-version.cmake
[76.455s] -- Installing: /root/deepracer_ws/aws-deepracer-launcher/install/servo_pkg/share/servo_pkg/package.xml
[76.467s] Invoked command in '/root/deepracer_ws/aws-deepracer-launcher/build/servo_pkg' returned '0': AMENT_PREFIX_PATH=/root/deepracer_ws/aws-deepracer-launcher/install/deepracer_interfaces_pkg:${AMENT_PREFIX_PATH} CMAKE_PREFIX_PATH=/root/deepracer_ws/aws-deepracer-launcher/install/deepracer_interfaces_pkg:/opt/ros/foxy LD_LIBRARY_PATH=/root/deepracer_ws/aws-deepracer-launcher/install/deepracer_interfaces_pkg/lib:${LD_LIBRARY_PATH} PYTHONPATH=/root/deepracer_ws/aws-deepracer-launcher/install/deepracer_interfaces_pkg/lib/python3.8/site-packages:${PYTHONPATH} /usr/bin/cmake --install /root/deepracer_ws/aws-deepracer-launcher/build/servo_pkg
