[3.748s] Invoking command in '/root/deepracer_ws/aws-deepracer-launcher/aws-deepracer-model-optimizer-pkg/model_optimizer_pkg': AMENT_PREFIX_PATH=/root/deepracer_ws/aws-deepracer-launcher/install/deepracer_interfaces_pkg:${AMENT_PREFIX_PATH} CMAKE_PREFIX_PATH=/root/deepracer_ws/aws-deepracer-launcher/install/deepracer_interfaces_pkg LD_LIBRARY_PATH=/root/deepracer_ws/aws-deepracer-launcher/install/deepracer_interfaces_pkg/lib:${LD_LIBRARY_PATH} PYTHONPATH=/root/deepracer_ws/aws-deepracer-launcher/install/model_optimizer_pkg/lib/python3.8/site-packages:/root/deepracer_ws/aws-deepracer-launcher/install/deepracer_interfaces_pkg/lib/python3.8/site-packages:${PYTHONPATH} /usr/bin/python3 setup.py egg_info --egg-base ../../build/model_optimizer_pkg build --build-base /root/deepracer_ws/aws-deepracer-launcher/build/model_optimizer_pkg/build install --prefix /root/deepracer_ws/aws-deepracer-launcher/install/model_optimizer_pkg --record /root/deepracer_ws/aws-deepracer-launcher/build/model_optimizer_pkg/install.log --single-version-externally-managed
[4.617s] running egg_info
[4.619s] creating ../../build/model_optimizer_pkg/model_optimizer_pkg.egg-info
[4.619s] writing ../../build/model_optimizer_pkg/model_optimizer_pkg.egg-info/PKG-INFO
[4.620s] writing dependency_links to ../../build/model_optimizer_pkg/model_optimizer_pkg.egg-info/dependency_links.txt
[4.621s] writing entry points to ../../build/model_optimizer_pkg/model_optimizer_pkg.egg-info/entry_points.txt
[4.621s] writing requirements to ../../build/model_optimizer_pkg/model_optimizer_pkg.egg-info/requires.txt
[4.621s] writing top-level names to ../../build/model_optimizer_pkg/model_optimizer_pkg.egg-info/top_level.txt
[4.626s] writing manifest file '../../build/model_optimizer_pkg/model_optimizer_pkg.egg-info/SOURCES.txt'
[4.749s] reading manifest file '../../build/model_optimizer_pkg/model_optimizer_pkg.egg-info/SOURCES.txt'
[4.752s] writing manifest file '../../build/model_optimizer_pkg/model_optimizer_pkg.egg-info/SOURCES.txt'
[4.753s] running build
[4.753s] running build_py
[4.753s] creating /root/deepracer_ws/aws-deepracer-launcher/build/model_optimizer_pkg/build
[4.754s] creating /root/deepracer_ws/aws-deepracer-launcher/build/model_optimizer_pkg/build/lib
[4.754s] creating /root/deepracer_ws/aws-deepracer-launcher/build/model_optimizer_pkg/build/lib/model_optimizer_pkg
[4.755s] copying model_optimizer_pkg/__init__.py -> /root/deepracer_ws/aws-deepracer-launcher/build/model_optimizer_pkg/build/lib/model_optimizer_pkg
[4.755s] copying model_optimizer_pkg/constants.py -> /root/deepracer_ws/aws-deepracer-launcher/build/model_optimizer_pkg/build/lib/model_optimizer_pkg
[4.911s] copying model_optimizer_pkg/model_optimizer_node.py -> /root/deepracer_ws/aws-deepracer-launcher/build/model_optimizer_pkg/build/lib/model_optimizer_pkg
[4.912s] running install
[4.915s] running install_lib
[4.919s] creating /root/deepracer_ws/aws-deepracer-launcher/install/model_optimizer_pkg/lib/python3.8/site-packages/model_optimizer_pkg
[4.919s] copying /root/deepracer_ws/aws-deepracer-launcher/build/model_optimizer_pkg/build/lib/model_optimizer_pkg/__init__.py -> /root/deepracer_ws/aws-deepracer-launcher/install/model_optimizer_pkg/lib/python3.8/site-packages/model_optimizer_pkg
[4.919s] copying /root/deepracer_ws/aws-deepracer-launcher/build/model_optimizer_pkg/build/lib/model_optimizer_pkg/constants.py -> /root/deepracer_ws/aws-deepracer-launcher/install/model_optimizer_pkg/lib/python3.8/site-packages/model_optimizer_pkg
[4.920s] copying /root/deepracer_ws/aws-deepracer-launcher/build/model_optimizer_pkg/build/lib/model_optimizer_pkg/model_optimizer_node.py -> /root/deepracer_ws/aws-deepracer-launcher/install/model_optimizer_pkg/lib/python3.8/site-packages/model_optimizer_pkg
[4.922s] byte-compiling /root/deepracer_ws/aws-deepracer-launcher/install/model_optimizer_pkg/lib/python3.8/site-packages/model_optimizer_pkg/__init__.py to __init__.cpython-38.pyc
[4.926s] byte-compiling /root/deepracer_ws/aws-deepracer-launcher/install/model_optimizer_pkg/lib/python3.8/site-packages/model_optimizer_pkg/constants.py to constants.cpython-38.pyc
[4.929s] byte-compiling /root/deepracer_ws/aws-deepracer-launcher/install/model_optimizer_pkg/lib/python3.8/site-packages/model_optimizer_pkg/model_optimizer_node.py to model_optimizer_node.cpython-38.pyc
[4.933s] running install_data
[4.935s] creating /root/deepracer_ws/aws-deepracer-launcher/install/model_optimizer_pkg/share/ament_index
[4.936s] creating /root/deepracer_ws/aws-deepracer-launcher/install/model_optimizer_pkg/share/ament_index/resource_index
[4.936s] creating /root/deepracer_ws/aws-deepracer-launcher/install/model_optimizer_pkg/share/ament_index/resource_index/packages
[4.937s] copying resource/model_optimizer_pkg -> /root/deepracer_ws/aws-deepracer-launcher/install/model_optimizer_pkg/share/ament_index/resource_index/packages
[4.937s] copying package.xml -> /root/deepracer_ws/aws-deepracer-launcher/install/model_optimizer_pkg/share/model_optimizer_pkg
[4.937s] copying launch/model_optimizer_pkg_launch.py -> /root/deepracer_ws/aws-deepracer-launcher/install/model_optimizer_pkg/share/model_optimizer_pkg
[4.938s] running install_egg_info
[4.943s] Copying ../../build/model_optimizer_pkg/model_optimizer_pkg.egg-info to /root/deepracer_ws/aws-deepracer-launcher/install/model_optimizer_pkg/lib/python3.8/site-packages/model_optimizer_pkg-0.0.1-py3.8.egg-info
[4.946s] running install_scripts
[5.006s] Installing model_optimizer_node script to /root/deepracer_ws/aws-deepracer-launcher/install/model_optimizer_pkg/lib/model_optimizer_pkg
[5.007s] writing list of installed files to '/root/deepracer_ws/aws-deepracer-launcher/build/model_optimizer_pkg/install.log'
[5.087s] Invoked command in '/root/deepracer_ws/aws-deepracer-launcher/aws-deepracer-model-optimizer-pkg/model_optimizer_pkg' returned '0': AMENT_PREFIX_PATH=/root/deepracer_ws/aws-deepracer-launcher/install/deepracer_interfaces_pkg:${AMENT_PREFIX_PATH} CMAKE_PREFIX_PATH=/root/deepracer_ws/aws-deepracer-launcher/install/deepracer_interfaces_pkg LD_LIBRARY_PATH=/root/deepracer_ws/aws-deepracer-launcher/install/deepracer_interfaces_pkg/lib:${LD_LIBRARY_PATH} PYTHONPATH=/root/deepracer_ws/aws-deepracer-launcher/install/model_optimizer_pkg/lib/python3.8/site-packages:/root/deepracer_ws/aws-deepracer-launcher/install/deepracer_interfaces_pkg/lib/python3.8/site-packages:${PYTHONPATH} /usr/bin/python3 setup.py egg_info --egg-base ../../build/model_optimizer_pkg build --build-base /root/deepracer_ws/aws-deepracer-launcher/build/model_optimizer_pkg/build install --prefix /root/deepracer_ws/aws-deepracer-launcher/install/model_optimizer_pkg --record /root/deepracer_ws/aws-deepracer-launcher/build/model_optimizer_pkg/install.log --single-version-externally-managed
