[2.471s] Invoking command in '/root/deepracer_ws/aws-deepracer-launcher/aws-deepracer-usb-monitor-pkg/usb_monitor_pkg': AMENT_PREFIX_PATH=/root/deepracer_ws/aws-deepracer-launcher/install/deepracer_interfaces_pkg:${AMENT_PREFIX_PATH} CMAKE_PREFIX_PATH=/root/deepracer_ws/aws-deepracer-launcher/install/deepracer_interfaces_pkg LD_LIBRARY_PATH=/root/deepracer_ws/aws-deepracer-launcher/install/deepracer_interfaces_pkg/lib:${LD_LIBRARY_PATH} PYTHONPATH=/root/deepracer_ws/aws-deepracer-launcher/install/usb_monitor_pkg/lib/python3.8/site-packages:/root/deepracer_ws/aws-deepracer-launcher/install/deepracer_interfaces_pkg/lib/python3.8/site-packages:${PYTHONPATH} /usr/bin/python3 setup.py egg_info --egg-base ../../build/usb_monitor_pkg build --build-base /root/deepracer_ws/aws-deepracer-launcher/build/usb_monitor_pkg/build install --prefix /root/deepracer_ws/aws-deepracer-launcher/install/usb_monitor_pkg --record /root/deepracer_ws/aws-deepracer-launcher/build/usb_monitor_pkg/install.log --single-version-externally-managed
[3.357s] running egg_info
[3.360s] creating ../../build/usb_monitor_pkg/usb_monitor_pkg.egg-info
[3.362s] writing ../../build/usb_monitor_pkg/usb_monitor_pkg.egg-info/PKG-INFO
[3.364s] writing dependency_links to ../../build/usb_monitor_pkg/usb_monitor_pkg.egg-info/dependency_links.txt
[3.365s] writing entry points to ../../build/usb_monitor_pkg/usb_monitor_pkg.egg-info/entry_points.txt
[3.366s] writing requirements to ../../build/usb_monitor_pkg/usb_monitor_pkg.egg-info/requires.txt
[3.367s] writing top-level names to ../../build/usb_monitor_pkg/usb_monitor_pkg.egg-info/top_level.txt
[3.373s] writing manifest file '../../build/usb_monitor_pkg/usb_monitor_pkg.egg-info/SOURCES.txt'
[3.496s] reading manifest file '../../build/usb_monitor_pkg/usb_monitor_pkg.egg-info/SOURCES.txt'
[3.500s] writing manifest file '../../build/usb_monitor_pkg/usb_monitor_pkg.egg-info/SOURCES.txt'
[3.501s] running build
[3.502s] running build_py
[3.504s] creating /root/deepracer_ws/aws-deepracer-launcher/build/usb_monitor_pkg/build
[3.504s] creating /root/deepracer_ws/aws-deepracer-launcher/build/usb_monitor_pkg/build/lib
[3.505s] creating /root/deepracer_ws/aws-deepracer-launcher/build/usb_monitor_pkg/build/lib/usb_monitor_pkg
[3.507s] copying usb_monitor_pkg/__init__.py -> /root/deepracer_ws/aws-deepracer-launcher/build/usb_monitor_pkg/build/lib/usb_monitor_pkg
[3.508s] copying usb_monitor_pkg/constants.py -> /root/deepracer_ws/aws-deepracer-launcher/build/usb_monitor_pkg/build/lib/usb_monitor_pkg
[3.510s] copying usb_monitor_pkg/mount_point_tracker.py -> /root/deepracer_ws/aws-deepracer-launcher/build/usb_monitor_pkg/build/lib/usb_monitor_pkg
[3.666s] copying usb_monitor_pkg/usb_monitor_node.py -> /root/deepracer_ws/aws-deepracer-launcher/build/usb_monitor_pkg/build/lib/usb_monitor_pkg
[3.668s] running install
[3.672s] running install_lib
[3.676s] creating /root/deepracer_ws/aws-deepracer-launcher/install/usb_monitor_pkg/lib/python3.8/site-packages/usb_monitor_pkg
[3.677s] copying /root/deepracer_ws/aws-deepracer-launcher/build/usb_monitor_pkg/build/lib/usb_monitor_pkg/__init__.py -> /root/deepracer_ws/aws-deepracer-launcher/install/usb_monitor_pkg/lib/python3.8/site-packages/usb_monitor_pkg
[3.679s] copying /root/deepracer_ws/aws-deepracer-launcher/build/usb_monitor_pkg/build/lib/usb_monitor_pkg/constants.py -> /root/deepracer_ws/aws-deepracer-launcher/install/usb_monitor_pkg/lib/python3.8/site-packages/usb_monitor_pkg
[3.680s] copying /root/deepracer_ws/aws-deepracer-launcher/build/usb_monitor_pkg/build/lib/usb_monitor_pkg/mount_point_tracker.py -> /root/deepracer_ws/aws-deepracer-launcher/install/usb_monitor_pkg/lib/python3.8/site-packages/usb_monitor_pkg
[3.681s] copying /root/deepracer_ws/aws-deepracer-launcher/build/usb_monitor_pkg/build/lib/usb_monitor_pkg/usb_monitor_node.py -> /root/deepracer_ws/aws-deepracer-launcher/install/usb_monitor_pkg/lib/python3.8/site-packages/usb_monitor_pkg
[3.685s] byte-compiling /root/deepracer_ws/aws-deepracer-launcher/install/usb_monitor_pkg/lib/python3.8/site-packages/usb_monitor_pkg/__init__.py to __init__.cpython-38.pyc
[3.690s] byte-compiling /root/deepracer_ws/aws-deepracer-launcher/install/usb_monitor_pkg/lib/python3.8/site-packages/usb_monitor_pkg/constants.py to constants.cpython-38.pyc
[3.692s] byte-compiling /root/deepracer_ws/aws-deepracer-launcher/install/usb_monitor_pkg/lib/python3.8/site-packages/usb_monitor_pkg/mount_point_tracker.py to mount_point_tracker.cpython-38.pyc
[3.695s] byte-compiling /root/deepracer_ws/aws-deepracer-launcher/install/usb_monitor_pkg/lib/python3.8/site-packages/usb_monitor_pkg/usb_monitor_node.py to usb_monitor_node.cpython-38.pyc
[3.700s] running install_data
[3.704s] creating /root/deepracer_ws/aws-deepracer-launcher/install/usb_monitor_pkg/share/ament_index
[3.705s] creating /root/deepracer_ws/aws-deepracer-launcher/install/usb_monitor_pkg/share/ament_index/resource_index
[3.706s] creating /root/deepracer_ws/aws-deepracer-launcher/install/usb_monitor_pkg/share/ament_index/resource_index/packages
[3.707s] copying resource/usb_monitor_pkg -> /root/deepracer_ws/aws-deepracer-launcher/install/usb_monitor_pkg/share/ament_index/resource_index/packages
[3.708s] copying package.xml -> /root/deepracer_ws/aws-deepracer-launcher/install/usb_monitor_pkg/share/usb_monitor_pkg
[3.710s] copying launch/usb_monitor_pkg_launch.py -> /root/deepracer_ws/aws-deepracer-launcher/install/usb_monitor_pkg/share/usb_monitor_pkg
[3.711s] running install_egg_info
[3.717s] Copying ../../build/usb_monitor_pkg/usb_monitor_pkg.egg-info to /root/deepracer_ws/aws-deepracer-launcher/install/usb_monitor_pkg/lib/python3.8/site-packages/usb_monitor_pkg-0.0.1-py3.8.egg-info
[3.721s] running install_scripts
[3.784s] Installing usb_monitor_node script to /root/deepracer_ws/aws-deepracer-launcher/install/usb_monitor_pkg/lib/usb_monitor_pkg
[3.786s] writing list of installed files to '/root/deepracer_ws/aws-deepracer-launcher/build/usb_monitor_pkg/install.log'
[3.870s] Invoked command in '/root/deepracer_ws/aws-deepracer-launcher/aws-deepracer-usb-monitor-pkg/usb_monitor_pkg' returned '0': AMENT_PREFIX_PATH=/root/deepracer_ws/aws-deepracer-launcher/install/deepracer_interfaces_pkg:${AMENT_PREFIX_PATH} CMAKE_PREFIX_PATH=/root/deepracer_ws/aws-deepracer-launcher/install/deepracer_interfaces_pkg LD_LIBRARY_PATH=/root/deepracer_ws/aws-deepracer-launcher/install/deepracer_interfaces_pkg/lib:${LD_LIBRARY_PATH} PYTHONPATH=/root/deepracer_ws/aws-deepracer-launcher/install/usb_monitor_pkg/lib/python3.8/site-packages:/root/deepracer_ws/aws-deepracer-launcher/install/deepracer_interfaces_pkg/lib/python3.8/site-packages:${PYTHONPATH} /usr/bin/python3 setup.py egg_info --egg-base ../../build/usb_monitor_pkg build --build-base /root/deepracer_ws/aws-deepracer-launcher/build/usb_monitor_pkg/build install --prefix /root/deepracer_ws/aws-deepracer-launcher/install/usb_monitor_pkg --record /root/deepracer_ws/aws-deepracer-launcher/build/usb_monitor_pkg/install.log --single-version-externally-managed
