[0.031s] Invoking command in '/root/deepracer_ws/aws-deepracer-launcher/build/web_video_server': CMAKE_PREFIX_PATH=/opt/ros/foxy:/root/deepracer_ws/aws-deepracer-launcher/install/async_web_server_cpp LD_LIBRARY_PATH=/root/deepracer_ws/aws-deepracer-launcher/install/async_web_server_cpp/lib:${LD_LIBRARY_PATH} PKG_CONFIG_PATH=/root/deepracer_ws/aws-deepracer-launcher/install/async_web_server_cpp/lib/x86_64-linux-gnu/pkgconfig:/root/deepracer_ws/aws-deepracer-launcher/install/async_web_server_cpp/lib/pkgconfig:/opt/intel/openvino_2021/data_processing/dl_streamer/lib/pkgconfig:/opt/intel/openvino_2021/data_processing/gstreamer/lib/pkgconfig ROS_PACKAGE_PATH=/root/deepracer_ws/aws-deepracer-launcher/install/async_web_server_cpp/share /usr/bin/cmake /root/deepracer_ws/aws-deepracer-launcher/web_video_server -DCMAKE_INSTALL_PREFIX=/root/deepracer_ws/aws-deepracer-launcher/install/web_video_server
[0.217s] -- The C compiler identification is GNU 9.3.0
[0.400s] -- The CXX compiler identification is GNU 9.3.0
[0.568s] -- Check for working C compiler: /usr/bin/cc
[0.787s] -- Check for working C compiler: /usr/bin/cc -- works
[0.792s] -- Detecting C compiler ABI info
[1.162s] -- Detecting C compiler ABI info - done
[1.208s] -- Detecting C compile features
[1.210s] -- Detecting C compile features - done
[1.221s] -- Check for working CXX compiler: /usr/bin/c++
[1.478s] -- Check for working CXX compiler: /usr/bin/c++ -- works
[1.483s] -- Detecting CXX compiler ABI info
[1.887s] -- Detecting CXX compiler ABI info - done
[1.934s] -- Detecting CXX compile features
[1.937s] -- Detecting CXX compile features - done
[2.122s] -- Found ament_cmake_ros: 0.9.1 (/opt/ros/foxy/share/ament_cmake_ros/cmake)
[2.226s] -- Found PythonInterp: /usr/bin/python3 (found suitable version "3.8.5", minimum required is "3") 
[2.227s] -- Using PYTHON_EXECUTABLE: /usr/bin/python3
[3.190s] -- Found async_web_server_cpp: 1.0.0 (/root/deepracer_ws/aws-deepracer-launcher/install/async_web_server_cpp/share/async_web_server_cpp/cmake)
[3.715s] -- Found cv_bridge: 2.2.1 (/opt/ros/foxy/share/cv_bridge/cmake)
[3.752s] -- Found image_transport: 2.3.0 (/opt/ros/foxy/share/image_transport/cmake)
[3.916s] -- Using all available rosidl_typesupport_c: rosidl_typesupport_fastrtps_c;rosidl_typesupport_introspection_c
[3.939s] -- Found rosidl_adapter: 1.2.0 (/opt/ros/foxy/share/rosidl_adapter/cmake)
[4.016s] -- Found OpenSSL: /usr/lib/x86_64-linux-gnu/libcrypto.so (found version "1.1.1f")  
[4.103s] -- Found FastRTPS: /opt/ros/foxy/include  
[4.354s] -- Using all available rosidl_typesupport_cpp: rosidl_typesupport_fastrtps_cpp;rosidl_typesupport_introspection_cpp
[4.729s] -- Found rmw_implementation_cmake: 1.0.2 (/opt/ros/foxy/share/rmw_implementation_cmake/cmake)
[4.738s] -- Using RMW implementation 'rmw_fastrtps_cpp' as default
[4.743s] -- Looking for pthread.h
[4.992s] -- Looking for pthread.h - found
[4.995s] -- Performing Test CMAKE_HAVE_LIBC_PTHREAD
[5.255s] -- Performing Test CMAKE_HAVE_LIBC_PTHREAD - Failed
[5.257s] -- Looking for pthread_create in pthreads
[5.437s] -- Looking for pthread_create in pthreads - not found
[5.438s] -- Looking for pthread_create in pthread
[5.660s] -- Looking for pthread_create in pthread - found
[5.665s] -- Found Threads: TRUE  
[7.337s] -- Found OpenCV: /opt/intel/openvino_2021.1.110/opencv (found version "4.5.0") 
[7.376s] -- Found Boost: /usr/lib/x86_64-linux-gnu/cmake/Boost-1.71.0/BoostConfig.cmake (found version "1.71.0") found components: thread 
[7.392s] -- Found PkgConfig: /usr/bin/pkg-config (found version "0.29.1") 
[7.396s] -- Checking for module 'libavcodec'
[7.446s] --   Found libavcodec, version 58.54.100
[7.566s] -- Checking for module 'libavformat'
[7.612s] --   Found libavformat, version 58.29.100
[7.728s] -- Checking for module 'libavutil'
[7.776s] --   Found libavutil, version 56.31.100
[7.889s] -- Checking for module 'libswscale'
[7.935s] --   Found libswscale, version 5.5.100
[8.487s] -- Configuring done
[8.574s] -- Generating done
[8.581s] -- Build files have been written to: /root/deepracer_ws/aws-deepracer-launcher/build/web_video_server
[8.618s] Invoked command in '/root/deepracer_ws/aws-deepracer-launcher/build/web_video_server' returned '0': CMAKE_PREFIX_PATH=/opt/ros/foxy:/root/deepracer_ws/aws-deepracer-launcher/install/async_web_server_cpp LD_LIBRARY_PATH=/root/deepracer_ws/aws-deepracer-launcher/install/async_web_server_cpp/lib:${LD_LIBRARY_PATH} PKG_CONFIG_PATH=/root/deepracer_ws/aws-deepracer-launcher/install/async_web_server_cpp/lib/x86_64-linux-gnu/pkgconfig:/root/deepracer_ws/aws-deepracer-launcher/install/async_web_server_cpp/lib/pkgconfig:/opt/intel/openvino_2021/data_processing/dl_streamer/lib/pkgconfig:/opt/intel/openvino_2021/data_processing/gstreamer/lib/pkgconfig ROS_PACKAGE_PATH=/root/deepracer_ws/aws-deepracer-launcher/install/async_web_server_cpp/share /usr/bin/cmake /root/deepracer_ws/aws-deepracer-launcher/web_video_server -DCMAKE_INSTALL_PREFIX=/root/deepracer_ws/aws-deepracer-launcher/install/web_video_server
[8.621s] Invoking command in '/root/deepracer_ws/aws-deepracer-launcher/build/web_video_server': CMAKE_PREFIX_PATH=/opt/ros/foxy:/root/deepracer_ws/aws-deepracer-launcher/install/async_web_server_cpp LD_LIBRARY_PATH=/root/deepracer_ws/aws-deepracer-launcher/install/async_web_server_cpp/lib:${LD_LIBRARY_PATH} PKG_CONFIG_PATH=/root/deepracer_ws/aws-deepracer-launcher/install/async_web_server_cpp/lib/x86_64-linux-gnu/pkgconfig:/root/deepracer_ws/aws-deepracer-launcher/install/async_web_server_cpp/lib/pkgconfig:/opt/intel/openvino_2021/data_processing/dl_streamer/lib/pkgconfig:/opt/intel/openvino_2021/data_processing/gstreamer/lib/pkgconfig ROS_PACKAGE_PATH=/root/deepracer_ws/aws-deepracer-launcher/install/async_web_server_cpp/share /usr/bin/cmake --build /root/deepracer_ws/aws-deepracer-launcher/build/web_video_server -- -j2 -l2
[8.752s] [35m[1mScanning dependencies of target web_video_server[0m
[9.670s] [  9%] [32mBuilding CXX object CMakeFiles/web_video_server.dir/src/web_video_server.cpp.o[0m
[37.091s] [ 18%] [32mBuilding CXX object CMakeFiles/web_video_server.dir/src/image_streamer.cpp.o[0m
[59.763s] [ 27%] [32mBuilding CXX object CMakeFiles/web_video_server.dir/src/libav_streamer.cpp.o[0m
[76.983s] [01m[K/root/deepracer_ws/aws-deepracer-launcher/web_video_server/src/libav_streamer.cpp:[m[K In constructor ‘[01m[Kweb_video_server::LibavStreamer::LibavStreamer(const async_web_server_cpp::HttpRequest&, async_web_server_cpp::HttpConnectionPtr, rclcpp::Node::SharedPtr, const string&, const string&, const string&)[m[K’:
[76.984s] [01m[K/root/deepracer_ws/aws-deepracer-launcher/web_video_server/src/libav_streamer.cpp:65:55:[m[K [01;35m[Kwarning: [m[K‘[01m[Kint av_lockmgr_register(int (*)(void**, AVLockOp))[m[K’ is deprecated [[01;35m[K-Wdeprecated-declarations[m[K]
[76.984s]    65 |   av_lockmgr_register(&ffmpeg_boost_mutex_lock_manager[01;35m[K)[m[K;
[76.984s]       |                                                       [01;35m[K^[m[K
[76.986s] In file included from [01m[K/root/deepracer_ws/aws-deepracer-launcher/web_video_server/include/web_video_server/libav_streamer.h:11[m[K,
[76.986s]                  from [01m[K/root/deepracer_ws/aws-deepracer-launcher/web_video_server/src/libav_streamer.cpp:1[m[K:
[76.986s] [01m[K/usr/include/x86_64-linux-gnu/libavcodec/avcodec.h:6163:5:[m[K [01;36m[Knote: [m[Kdeclared here
[76.987s]  6163 | int [01;36m[Kav_lockmgr_register[m[K(int (*cb)(void **mutex, enum AVLockOp op));
[76.987s]       |     [01;36m[K^~~~~~~~~~~~~~~~~~~[m[K
[76.988s] [01m[K/root/deepracer_ws/aws-deepracer-launcher/web_video_server/src/libav_streamer.cpp:65:55:[m[K [01;35m[Kwarning: [m[K‘[01m[Kint av_lockmgr_register(int (*)(void**, AVLockOp))[m[K’ is deprecated [[01;35m[K-Wdeprecated-declarations[m[K]
[76.988s]    65 |   av_lockmgr_register(&ffmpeg_boost_mutex_lock_manager[01;35m[K)[m[K;
[76.988s]       |                                                       [01;35m[K^[m[K
[76.989s] In file included from [01m[K/root/deepracer_ws/aws-deepracer-launcher/web_video_server/include/web_video_server/libav_streamer.h:11[m[K,
[76.989s]                  from [01m[K/root/deepracer_ws/aws-deepracer-launcher/web_video_server/src/libav_streamer.cpp:1[m[K:
[76.989s] [01m[K/usr/include/x86_64-linux-gnu/libavcodec/avcodec.h:6163:5:[m[K [01;36m[Knote: [m[Kdeclared here
[76.990s]  6163 | int [01;36m[Kav_lockmgr_register[m[K(int (*cb)(void **mutex, enum AVLockOp op));
[76.990s]       |     [01;36m[K^~~~~~~~~~~~~~~~~~~[m[K
[76.997s] [01m[K/root/deepracer_ws/aws-deepracer-launcher/web_video_server/src/libav_streamer.cpp:66:19:[m[K [01;35m[Kwarning: [m[K‘[01m[Kvoid av_register_all()[m[K’ is deprecated [[01;35m[K-Wdeprecated-declarations[m[K]
[76.998s]    66 |   av_register_all([01;35m[K)[m[K;
[76.998s]       |                   [01;35m[K^[m[K
[76.998s] In file included from [01m[K/root/deepracer_ws/aws-deepracer-launcher/web_video_server/include/web_video_server/libav_streamer.h:12[m[K,
[76.998s]                  from [01m[K/root/deepracer_ws/aws-deepracer-launcher/web_video_server/src/libav_streamer.cpp:1[m[K:
[76.999s] [01m[K/usr/include/x86_64-linux-gnu/libavformat/avformat.h:2050:6:[m[K [01;36m[Knote: [m[Kdeclared here
[76.999s]  2050 | void [01;36m[Kav_register_all[m[K(void);
[76.999s]       |      [01;36m[K^~~~~~~~~~~~~~~[m[K
[77.000s] [01m[K/root/deepracer_ws/aws-deepracer-launcher/web_video_server/src/libav_streamer.cpp:66:19:[m[K [01;35m[Kwarning: [m[K‘[01m[Kvoid av_register_all()[m[K’ is deprecated [[01;35m[K-Wdeprecated-declarations[m[K]
[77.000s]    66 |   av_register_all([01;35m[K)[m[K;
[77.000s]       |                   [01;35m[K^[m[K
[77.001s] In file included from [01m[K/root/deepracer_ws/aws-deepracer-launcher/web_video_server/include/web_video_server/libav_streamer.h:12[m[K,
[77.001s]                  from [01m[K/root/deepracer_ws/aws-deepracer-launcher/web_video_server/src/libav_streamer.cpp:1[m[K:
[77.001s] [01m[K/usr/include/x86_64-linux-gnu/libavformat/avformat.h:2050:6:[m[K [01;36m[Knote: [m[Kdeclared here
[77.001s]  2050 | void [01;36m[Kav_register_all[m[K(void);
[77.002s]       |      [01;36m[K^~~~~~~~~~~~~~~[m[K
[77.006s] [01m[K/root/deepracer_ws/aws-deepracer-launcher/web_video_server/src/libav_streamer.cpp:[m[K In member function ‘[01m[Kvirtual void web_video_server::LibavStreamer::initialize(const cv::Mat&)[m[K’:
[77.006s] [01m[K/root/deepracer_ws/aws-deepracer-launcher/web_video_server/src/libav_streamer.cpp:160:35:[m[K [01;35m[Kwarning: [m[K‘[01m[KAVStream::codec[m[K’ is deprecated [[01;35m[K-Wdeprecated-declarations[m[K]
[77.007s]   160 |   codec_context_ = video_stream_->[01;35m[Kcodec[m[K;
[77.007s]       |                                   [01;35m[K^~~~~[m[K
[77.007s] In file included from [01m[K/root/deepracer_ws/aws-deepracer-launcher/web_video_server/include/web_video_server/libav_streamer.h:12[m[K,
[77.008s]                  from [01m[K/root/deepracer_ws/aws-deepracer-launcher/web_video_server/src/libav_streamer.cpp:1[m[K:
[77.008s] [01m[K/usr/include/x86_64-linux-gnu/libavformat/avformat.h:885:21:[m[K [01;36m[Knote: [m[Kdeclared here
[77.008s]   885 |     AVCodecContext *[01;36m[Kcodec[m[K;
[77.009s]       |                     [01;36m[K^~~~~[m[K
[77.009s] [01m[K/root/deepracer_ws/aws-deepracer-launcher/web_video_server/src/libav_streamer.cpp:160:35:[m[K [01;35m[Kwarning: [m[K‘[01m[KAVStream::codec[m[K’ is deprecated [[01;35m[K-Wdeprecated-declarations[m[K]
[77.009s]   160 |   codec_context_ = video_stream_->[01;35m[Kcodec[m[K;
[77.010s]       |                                   [01;35m[K^~~~~[m[K
[77.010s] In file included from [01m[K/root/deepracer_ws/aws-deepracer-launcher/web_video_server/include/web_video_server/libav_streamer.h:12[m[K,
[77.010s]                  from [01m[K/root/deepracer_ws/aws-deepracer-launcher/web_video_server/src/libav_streamer.cpp:1[m[K:
[77.011s] [01m[K/usr/include/x86_64-linux-gnu/libavformat/avformat.h:885:21:[m[K [01;36m[Knote: [m[Kdeclared here
[77.011s]   885 |     AVCodecContext *[01;36m[Kcodec[m[K;
[77.011s]       |                     [01;36m[K^~~~~[m[K
[77.012s] [01m[K/root/deepracer_ws/aws-deepracer-launcher/web_video_server/src/libav_streamer.cpp:160:35:[m[K [01;35m[Kwarning: [m[K‘[01m[KAVStream::codec[m[K’ is deprecated [[01;35m[K-Wdeprecated-declarations[m[K]
[77.012s]   160 |   codec_context_ = video_stream_->[01;35m[Kcodec[m[K;
[77.012s]       |                                   [01;35m[K^~~~~[m[K
[77.012s] In file included from [01m[K/root/deepracer_ws/aws-deepracer-launcher/web_video_server/include/web_video_server/libav_streamer.h:12[m[K,
[77.013s]                  from [01m[K/root/deepracer_ws/aws-deepracer-launcher/web_video_server/src/libav_streamer.cpp:1[m[K:
[77.013s] [01m[K/usr/include/x86_64-linux-gnu/libavformat/avformat.h:885:21:[m[K [01;36m[Knote: [m[Kdeclared here
[77.013s]   885 |     AVCodecContext *[01;36m[Kcodec[m[K;
[77.014s]       |                     [01;36m[K^~~~~[m[K
[82.404s] [ 36%] [32mBuilding CXX object CMakeFiles/web_video_server.dir/src/vp8_streamer.cpp.o[0m
[103.554s] [ 45%] [32mBuilding CXX object CMakeFiles/web_video_server.dir/src/h264_streamer.cpp.o[0m
[124.400s] [ 54%] [32mBuilding CXX object CMakeFiles/web_video_server.dir/src/vp9_streamer.cpp.o[0m
[145.175s] [ 63%] [32mBuilding CXX object CMakeFiles/web_video_server.dir/src/multipart_stream.cpp.o[0m
[160.278s] [ 72%] [32mBuilding CXX object CMakeFiles/web_video_server.dir/src/ros_compressed_streamer.cpp.o[0m
[192.676s] [ 81%] [32mBuilding CXX object CMakeFiles/web_video_server.dir/src/jpeg_streamers.cpp.o[0m
[214.836s] [ 90%] [32mBuilding CXX object CMakeFiles/web_video_server.dir/src/png_streamers.cpp.o[0m
[237.169s] [100%] [32m[1mLinking CXX executable web_video_server[0m
[242.498s] /usr/bin/ld: warning: libopencv_imgcodecs.so.4.2, needed by /opt/ros/foxy/lib/libcv_bridge.so, may conflict with libopencv_imgcodecs.so.4.5
[242.500s] /usr/bin/ld: warning: libopencv_imgproc.so.4.2, needed by /opt/ros/foxy/lib/libcv_bridge.so, may conflict with libopencv_imgproc.so.4.5
[242.500s] /usr/bin/ld: warning: libopencv_core.so.4.2, needed by /opt/ros/foxy/lib/libcv_bridge.so, may conflict with libopencv_core.so.4.5
[242.530s] [100%] Built target web_video_server
[242.567s] Invoked command in '/root/deepracer_ws/aws-deepracer-launcher/build/web_video_server' returned '0': CMAKE_PREFIX_PATH=/opt/ros/foxy:/root/deepracer_ws/aws-deepracer-launcher/install/async_web_server_cpp LD_LIBRARY_PATH=/root/deepracer_ws/aws-deepracer-launcher/install/async_web_server_cpp/lib:${LD_LIBRARY_PATH} PKG_CONFIG_PATH=/root/deepracer_ws/aws-deepracer-launcher/install/async_web_server_cpp/lib/x86_64-linux-gnu/pkgconfig:/root/deepracer_ws/aws-deepracer-launcher/install/async_web_server_cpp/lib/pkgconfig:/opt/intel/openvino_2021/data_processing/dl_streamer/lib/pkgconfig:/opt/intel/openvino_2021/data_processing/gstreamer/lib/pkgconfig ROS_PACKAGE_PATH=/root/deepracer_ws/aws-deepracer-launcher/install/async_web_server_cpp/share /usr/bin/cmake --build /root/deepracer_ws/aws-deepracer-launcher/build/web_video_server -- -j2 -l2
[242.715s] Invoking command in '/root/deepracer_ws/aws-deepracer-launcher/build/web_video_server': CMAKE_PREFIX_PATH=/opt/ros/foxy:/root/deepracer_ws/aws-deepracer-launcher/install/async_web_server_cpp LD_LIBRARY_PATH=/root/deepracer_ws/aws-deepracer-launcher/install/async_web_server_cpp/lib:${LD_LIBRARY_PATH} PKG_CONFIG_PATH=/root/deepracer_ws/aws-deepracer-launcher/install/async_web_server_cpp/lib/x86_64-linux-gnu/pkgconfig:/root/deepracer_ws/aws-deepracer-launcher/install/async_web_server_cpp/lib/pkgconfig:/opt/intel/openvino_2021/data_processing/dl_streamer/lib/pkgconfig:/opt/intel/openvino_2021/data_processing/gstreamer/lib/pkgconfig ROS_PACKAGE_PATH=/root/deepracer_ws/aws-deepracer-launcher/install/async_web_server_cpp/share /usr/bin/cmake --install /root/deepracer_ws/aws-deepracer-launcher/build/web_video_server
[242.746s] -- Install configuration: ""
[242.748s] -- Installing: /root/deepracer_ws/aws-deepracer-launcher/install/web_video_server/lib/web_video_server/web_video_server
[242.927s] -- Set runtime path of "/root/deepracer_ws/aws-deepracer-launcher/install/web_video_server/lib/web_video_server/web_video_server" to ""
[242.928s] -- Installing: /root/deepracer_ws/aws-deepracer-launcher/install/web_video_server/include/web_video_server
[242.929s] -- Installing: /root/deepracer_ws/aws-deepracer-launcher/install/web_video_server/include/web_video_server/h264_streamer.h
[242.930s] -- Installing: /root/deepracer_ws/aws-deepracer-launcher/install/web_video_server/include/web_video_server/image_streamer.h
[242.930s] -- Installing: /root/deepracer_ws/aws-deepracer-launcher/install/web_video_server/include/web_video_server/jpeg_streamers.h
[242.930s] -- Installing: /root/deepracer_ws/aws-deepracer-launcher/install/web_video_server/include/web_video_server/libav_streamer.h
[242.931s] -- Installing: /root/deepracer_ws/aws-deepracer-launcher/install/web_video_server/include/web_video_server/multipart_stream.h
[242.931s] -- Installing: /root/deepracer_ws/aws-deepracer-launcher/install/web_video_server/include/web_video_server/png_streamers.h
[242.932s] -- Installing: /root/deepracer_ws/aws-deepracer-launcher/install/web_video_server/include/web_video_server/ros_compressed_streamer.h
[242.932s] -- Installing: /root/deepracer_ws/aws-deepracer-launcher/install/web_video_server/include/web_video_server/vp8_streamer.h
[242.933s] -- Installing: /root/deepracer_ws/aws-deepracer-launcher/install/web_video_server/include/web_video_server/vp9_streamer.h
[242.933s] -- Installing: /root/deepracer_ws/aws-deepracer-launcher/install/web_video_server/include/web_video_server/web_video_server.h
[242.933s] -- Installing: /root/deepracer_ws/aws-deepracer-launcher/install/web_video_server/share/ament_index/resource_index/package_run_dependencies/web_video_server
[242.934s] -- Installing: /root/deepracer_ws/aws-deepracer-launcher/install/web_video_server/share/ament_index/resource_index/parent_prefix_path/web_video_server
[242.934s] -- Installing: /root/deepracer_ws/aws-deepracer-launcher/install/web_video_server/share/web_video_server/environment/ament_prefix_path.sh
[242.934s] -- Installing: /root/deepracer_ws/aws-deepracer-launcher/install/web_video_server/share/web_video_server/environment/ament_prefix_path.dsv
[242.935s] -- Installing: /root/deepracer_ws/aws-deepracer-launcher/install/web_video_server/share/web_video_server/environment/path.sh
[242.935s] -- Installing: /root/deepracer_ws/aws-deepracer-launcher/install/web_video_server/share/web_video_server/environment/path.dsv
[242.935s] -- Installing: /root/deepracer_ws/aws-deepracer-launcher/install/web_video_server/share/web_video_server/local_setup.bash
[242.936s] -- Installing: /root/deepracer_ws/aws-deepracer-launcher/install/web_video_server/share/web_video_server/local_setup.sh
[242.936s] -- Installing: /root/deepracer_ws/aws-deepracer-launcher/install/web_video_server/share/web_video_server/local_setup.zsh
[242.936s] -- Installing: /root/deepracer_ws/aws-deepracer-launcher/install/web_video_server/share/web_video_server/local_setup.dsv
[242.936s] -- Installing: /root/deepracer_ws/aws-deepracer-launcher/install/web_video_server/share/web_video_server/package.dsv
[242.938s] -- Installing: /root/deepracer_ws/aws-deepracer-launcher/install/web_video_server/share/ament_index/resource_index/packages/web_video_server
[242.939s] -- Installing: /root/deepracer_ws/aws-deepracer-launcher/install/web_video_server/share/web_video_server/cmake/web_video_serverConfig.cmake
[242.940s] -- Installing: /root/deepracer_ws/aws-deepracer-launcher/install/web_video_server/share/web_video_server/cmake/web_video_serverConfig-version.cmake
[242.942s] -- Installing: /root/deepracer_ws/aws-deepracer-launcher/install/web_video_server/share/web_video_server/package.xml
[242.958s] Invoked command in '/root/deepracer_ws/aws-deepracer-launcher/build/web_video_server' returned '0': CMAKE_PREFIX_PATH=/opt/ros/foxy:/root/deepracer_ws/aws-deepracer-launcher/install/async_web_server_cpp LD_LIBRARY_PATH=/root/deepracer_ws/aws-deepracer-launcher/install/async_web_server_cpp/lib:${LD_LIBRARY_PATH} PKG_CONFIG_PATH=/root/deepracer_ws/aws-deepracer-launcher/install/async_web_server_cpp/lib/x86_64-linux-gnu/pkgconfig:/root/deepracer_ws/aws-deepracer-launcher/install/async_web_server_cpp/lib/pkgconfig:/opt/intel/openvino_2021/data_processing/dl_streamer/lib/pkgconfig:/opt/intel/openvino_2021/data_processing/gstreamer/lib/pkgconfig ROS_PACKAGE_PATH=/root/deepracer_ws/aws-deepracer-launcher/install/async_web_server_cpp/share /usr/bin/cmake --install /root/deepracer_ws/aws-deepracer-launcher/build/web_video_server
