[2.901s] Invoking command in '/root/deepracer_ws/aws-deepracer-launcher/aws-deepracer-webserver-pkg/webserver_pkg': AMENT_PREFIX_PATH=/root/deepracer_ws/aws-deepracer-launcher/install/deepracer_systems_pkg:/root/deepracer_ws/aws-deepracer-launcher/install/ctrl_pkg:/root/deepracer_ws/aws-deepracer-launcher/install/usb_monitor_pkg:/root/deepracer_ws/aws-deepracer-launcher/install/status_led_pkg:/root/deepracer_ws/aws-deepracer-launcher/install/servo_pkg:/root/deepracer_ws/aws-deepracer-launcher/install/sensor_fusion_pkg:/root/deepracer_ws/aws-deepracer-launcher/install/model_optimizer_pkg:/root/deepracer_ws/aws-deepracer-launcher/install/inference_pkg:/root/deepracer_ws/aws-deepracer-launcher/install/i2c_pkg:/root/deepracer_ws/aws-deepracer-launcher/install/device_info_pkg:/root/deepracer_ws/aws-deepracer-launcher/install/deepracer_navigation_pkg:/root/deepracer_ws/aws-deepracer-launcher/install/camera_pkg:/root/deepracer_ws/aws-deepracer-launcher/install/deepracer_interfaces_pkg:${AMENT_PREFIX_PATH} CMAKE_PREFIX_PATH=/root/deepracer_ws/aws-deepracer-launcher/install/ctrl_pkg:/root/deepracer_ws/aws-deepracer-launcher/install/servo_pkg:/root/deepracer_ws/aws-deepracer-launcher/install/sensor_fusion_pkg:/root/deepracer_ws/aws-deepracer-launcher/install/inference_pkg:/root/deepracer_ws/aws-deepracer-launcher/install/i2c_pkg:/root/deepracer_ws/aws-deepracer-launcher/install/camera_pkg:/root/deepracer_ws/aws-deepracer-launcher/install/deepracer_interfaces_pkg LD_LIBRARY_PATH=/root/deepracer_ws/aws-deepracer-launcher/install/deepracer_interfaces_pkg/lib:${LD_LIBRARY_PATH} PYTHONPATH=/root/deepracer_ws/aws-deepracer-launcher/install/webserver_pkg/lib/python3.8/site-packages:/root/deepracer_ws/aws-deepracer-launcher/install/deepracer_systems_pkg/lib/python3.8/site-packages:/root/deepracer_ws/aws-deepracer-launcher/install/usb_monitor_pkg/lib/python3.8/site-packages:/root/deepracer_ws/aws-deepracer-launcher/install/status_led_pkg/lib/python3.8/site-packages:/root/deepracer_ws/aws-deepracer-launcher/install/model_optimizer_pkg/lib/python3.8/site-packages:/root/deepracer_ws/aws-deepracer-launcher/install/device_info_pkg/lib/python3.8/site-packages:/root/deepracer_ws/aws-deepracer-launcher/install/deepracer_navigation_pkg/lib/python3.8/site-packages:/root/deepracer_ws/aws-deepracer-launcher/install/deepracer_interfaces_pkg/lib/python3.8/site-packages:${PYTHONPATH} /usr/bin/python3 setup.py egg_info --egg-base ../../build/webserver_pkg build --build-base /root/deepracer_ws/aws-deepracer-launcher/build/webserver_pkg/build install --prefix /root/deepracer_ws/aws-deepracer-launcher/install/webserver_pkg --record /root/deepracer_ws/aws-deepracer-launcher/build/webserver_pkg/install.log --single-version-externally-managed
[3.865s] running egg_info
[3.868s] creating ../../build/webserver_pkg/webserver_pkg.egg-info
[3.869s] writing ../../build/webserver_pkg/webserver_pkg.egg-info/PKG-INFO
[3.870s] writing dependency_links to ../../build/webserver_pkg/webserver_pkg.egg-info/dependency_links.txt
[3.870s] writing entry points to ../../build/webserver_pkg/webserver_pkg.egg-info/entry_points.txt
[3.871s] writing requirements to ../../build/webserver_pkg/webserver_pkg.egg-info/requires.txt
[3.871s] writing top-level names to ../../build/webserver_pkg/webserver_pkg.egg-info/top_level.txt
[3.876s] writing manifest file '../../build/webserver_pkg/webserver_pkg.egg-info/SOURCES.txt'
[3.999s] reading manifest file '../../build/webserver_pkg/webserver_pkg.egg-info/SOURCES.txt'
[4.003s] writing manifest file '../../build/webserver_pkg/webserver_pkg.egg-info/SOURCES.txt'
[4.003s] running build
[4.004s] running build_py
[4.004s] creating /root/deepracer_ws/aws-deepracer-launcher/build/webserver_pkg/build
[4.005s] creating /root/deepracer_ws/aws-deepracer-launcher/build/webserver_pkg/build/lib
[4.005s] creating /root/deepracer_ws/aws-deepracer-launcher/build/webserver_pkg/build/lib/webserver_pkg
[4.006s] copying webserver_pkg/__init__.py -> /root/deepracer_ws/aws-deepracer-launcher/build/webserver_pkg/build/lib/webserver_pkg
[4.006s] copying webserver_pkg/calibration.py -> /root/deepracer_ws/aws-deepracer-launcher/build/webserver_pkg/build/lib/webserver_pkg
[4.162s] copying webserver_pkg/constants.py -> /root/deepracer_ws/aws-deepracer-launcher/build/webserver_pkg/build/lib/webserver_pkg
[4.163s] copying webserver_pkg/device_info_api.py -> /root/deepracer_ws/aws-deepracer-launcher/build/webserver_pkg/build/lib/webserver_pkg
[4.165s] copying webserver_pkg/led_api.py -> /root/deepracer_ws/aws-deepracer-launcher/build/webserver_pkg/build/lib/webserver_pkg
[4.166s] copying webserver_pkg/login.py -> /root/deepracer_ws/aws-deepracer-launcher/build/webserver_pkg/build/lib/webserver_pkg
[4.166s] copying webserver_pkg/models.py -> /root/deepracer_ws/aws-deepracer-launcher/build/webserver_pkg/build/lib/webserver_pkg
[4.168s] copying webserver_pkg/software_update.py -> /root/deepracer_ws/aws-deepracer-launcher/build/webserver_pkg/build/lib/webserver_pkg
[4.170s] copying webserver_pkg/ssh_api.py -> /root/deepracer_ws/aws-deepracer-launcher/build/webserver_pkg/build/lib/webserver_pkg
[4.173s] copying webserver_pkg/utility.py -> /root/deepracer_ws/aws-deepracer-launcher/build/webserver_pkg/build/lib/webserver_pkg
[4.174s] copying webserver_pkg/vehicle_control.py -> /root/deepracer_ws/aws-deepracer-launcher/build/webserver_pkg/build/lib/webserver_pkg
[4.177s] copying webserver_pkg/vehicle_logs.py -> /root/deepracer_ws/aws-deepracer-launcher/build/webserver_pkg/build/lib/webserver_pkg
[4.180s] copying webserver_pkg/webserver.py -> /root/deepracer_ws/aws-deepracer-launcher/build/webserver_pkg/build/lib/webserver_pkg
[4.182s] copying webserver_pkg/webserver_publisher_node.py -> /root/deepracer_ws/aws-deepracer-launcher/build/webserver_pkg/build/lib/webserver_pkg
[4.185s] copying webserver_pkg/wifi_settings.py -> /root/deepracer_ws/aws-deepracer-launcher/build/webserver_pkg/build/lib/webserver_pkg
[4.187s] running install
[4.191s] running install_lib
[4.194s] creating /root/deepracer_ws/aws-deepracer-launcher/install/webserver_pkg/lib/python3.8/site-packages/webserver_pkg
[4.195s] copying /root/deepracer_ws/aws-deepracer-launcher/build/webserver_pkg/build/lib/webserver_pkg/__init__.py -> /root/deepracer_ws/aws-deepracer-launcher/install/webserver_pkg/lib/python3.8/site-packages/webserver_pkg
[4.195s] copying /root/deepracer_ws/aws-deepracer-launcher/build/webserver_pkg/build/lib/webserver_pkg/calibration.py -> /root/deepracer_ws/aws-deepracer-launcher/install/webserver_pkg/lib/python3.8/site-packages/webserver_pkg
[4.195s] copying /root/deepracer_ws/aws-deepracer-launcher/build/webserver_pkg/build/lib/webserver_pkg/constants.py -> /root/deepracer_ws/aws-deepracer-launcher/install/webserver_pkg/lib/python3.8/site-packages/webserver_pkg
[4.196s] copying /root/deepracer_ws/aws-deepracer-launcher/build/webserver_pkg/build/lib/webserver_pkg/device_info_api.py -> /root/deepracer_ws/aws-deepracer-launcher/install/webserver_pkg/lib/python3.8/site-packages/webserver_pkg
[4.196s] copying /root/deepracer_ws/aws-deepracer-launcher/build/webserver_pkg/build/lib/webserver_pkg/led_api.py -> /root/deepracer_ws/aws-deepracer-launcher/install/webserver_pkg/lib/python3.8/site-packages/webserver_pkg
[4.197s] copying /root/deepracer_ws/aws-deepracer-launcher/build/webserver_pkg/build/lib/webserver_pkg/login.py -> /root/deepracer_ws/aws-deepracer-launcher/install/webserver_pkg/lib/python3.8/site-packages/webserver_pkg
[4.197s] copying /root/deepracer_ws/aws-deepracer-launcher/build/webserver_pkg/build/lib/webserver_pkg/models.py -> /root/deepracer_ws/aws-deepracer-launcher/install/webserver_pkg/lib/python3.8/site-packages/webserver_pkg
[4.199s] copying /root/deepracer_ws/aws-deepracer-launcher/build/webserver_pkg/build/lib/webserver_pkg/software_update.py -> /root/deepracer_ws/aws-deepracer-launcher/install/webserver_pkg/lib/python3.8/site-packages/webserver_pkg
[4.199s] copying /root/deepracer_ws/aws-deepracer-launcher/build/webserver_pkg/build/lib/webserver_pkg/ssh_api.py -> /root/deepracer_ws/aws-deepracer-launcher/install/webserver_pkg/lib/python3.8/site-packages/webserver_pkg
[4.200s] copying /root/deepracer_ws/aws-deepracer-launcher/build/webserver_pkg/build/lib/webserver_pkg/utility.py -> /root/deepracer_ws/aws-deepracer-launcher/install/webserver_pkg/lib/python3.8/site-packages/webserver_pkg
[4.200s] copying /root/deepracer_ws/aws-deepracer-launcher/build/webserver_pkg/build/lib/webserver_pkg/vehicle_control.py -> /root/deepracer_ws/aws-deepracer-launcher/install/webserver_pkg/lib/python3.8/site-packages/webserver_pkg
[4.200s] copying /root/deepracer_ws/aws-deepracer-launcher/build/webserver_pkg/build/lib/webserver_pkg/vehicle_logs.py -> /root/deepracer_ws/aws-deepracer-launcher/install/webserver_pkg/lib/python3.8/site-packages/webserver_pkg
[4.200s] copying /root/deepracer_ws/aws-deepracer-launcher/build/webserver_pkg/build/lib/webserver_pkg/webserver.py -> /root/deepracer_ws/aws-deepracer-launcher/install/webserver_pkg/lib/python3.8/site-packages/webserver_pkg
[4.201s] copying /root/deepracer_ws/aws-deepracer-launcher/build/webserver_pkg/build/lib/webserver_pkg/webserver_publisher_node.py -> /root/deepracer_ws/aws-deepracer-launcher/install/webserver_pkg/lib/python3.8/site-packages/webserver_pkg
[4.201s] copying /root/deepracer_ws/aws-deepracer-launcher/build/webserver_pkg/build/lib/webserver_pkg/wifi_settings.py -> /root/deepracer_ws/aws-deepracer-launcher/install/webserver_pkg/lib/python3.8/site-packages/webserver_pkg
[4.202s] byte-compiling /root/deepracer_ws/aws-deepracer-launcher/install/webserver_pkg/lib/python3.8/site-packages/webserver_pkg/__init__.py to __init__.cpython-38.pyc
[4.206s] byte-compiling /root/deepracer_ws/aws-deepracer-launcher/install/webserver_pkg/lib/python3.8/site-packages/webserver_pkg/calibration.py to calibration.cpython-38.pyc
[4.210s] byte-compiling /root/deepracer_ws/aws-deepracer-launcher/install/webserver_pkg/lib/python3.8/site-packages/webserver_pkg/constants.py to constants.cpython-38.pyc
[4.214s] byte-compiling /root/deepracer_ws/aws-deepracer-launcher/install/webserver_pkg/lib/python3.8/site-packages/webserver_pkg/device_info_api.py to device_info_api.cpython-38.pyc
[4.216s] byte-compiling /root/deepracer_ws/aws-deepracer-launcher/install/webserver_pkg/lib/python3.8/site-packages/webserver_pkg/led_api.py to led_api.cpython-38.pyc
[4.221s] byte-compiling /root/deepracer_ws/aws-deepracer-launcher/install/webserver_pkg/lib/python3.8/site-packages/webserver_pkg/login.py to login.cpython-38.pyc
[4.226s] byte-compiling /root/deepracer_ws/aws-deepracer-launcher/install/webserver_pkg/lib/python3.8/site-packages/webserver_pkg/models.py to models.cpython-38.pyc
[4.237s] byte-compiling /root/deepracer_ws/aws-deepracer-launcher/install/webserver_pkg/lib/python3.8/site-packages/webserver_pkg/software_update.py to software_update.cpython-38.pyc
[4.242s] byte-compiling /root/deepracer_ws/aws-deepracer-launcher/install/webserver_pkg/lib/python3.8/site-packages/webserver_pkg/ssh_api.py to ssh_api.cpython-38.pyc
[4.245s] byte-compiling /root/deepracer_ws/aws-deepracer-launcher/install/webserver_pkg/lib/python3.8/site-packages/webserver_pkg/utility.py to utility.cpython-38.pyc
[4.248s] byte-compiling /root/deepracer_ws/aws-deepracer-launcher/install/webserver_pkg/lib/python3.8/site-packages/webserver_pkg/vehicle_control.py to vehicle_control.cpython-38.pyc
[4.253s] byte-compiling /root/deepracer_ws/aws-deepracer-launcher/install/webserver_pkg/lib/python3.8/site-packages/webserver_pkg/vehicle_logs.py to vehicle_logs.cpython-38.pyc
[4.255s] byte-compiling /root/deepracer_ws/aws-deepracer-launcher/install/webserver_pkg/lib/python3.8/site-packages/webserver_pkg/webserver.py to webserver.cpython-38.pyc
[4.255s] byte-compiling /root/deepracer_ws/aws-deepracer-launcher/install/webserver_pkg/lib/python3.8/site-packages/webserver_pkg/webserver_publisher_node.py to webserver_publisher_node.cpython-38.pyc
[4.261s] byte-compiling /root/deepracer_ws/aws-deepracer-launcher/install/webserver_pkg/lib/python3.8/site-packages/webserver_pkg/wifi_settings.py to wifi_settings.cpython-38.pyc
[4.265s] running install_data
[4.267s] creating /root/deepracer_ws/aws-deepracer-launcher/install/webserver_pkg/share/ament_index
[4.268s] creating /root/deepracer_ws/aws-deepracer-launcher/install/webserver_pkg/share/ament_index/resource_index
[4.268s] creating /root/deepracer_ws/aws-deepracer-launcher/install/webserver_pkg/share/ament_index/resource_index/packages
[4.269s] copying resource/webserver_pkg -> /root/deepracer_ws/aws-deepracer-launcher/install/webserver_pkg/share/ament_index/resource_index/packages
[4.269s] copying package.xml -> /root/deepracer_ws/aws-deepracer-launcher/install/webserver_pkg/share/webserver_pkg
[4.269s] copying launch/webserver_pkg_launch.py -> /root/deepracer_ws/aws-deepracer-launcher/install/webserver_pkg/share/webserver_pkg
[4.270s] running install_egg_info
[4.274s] Copying ../../build/webserver_pkg/webserver_pkg.egg-info to /root/deepracer_ws/aws-deepracer-launcher/install/webserver_pkg/lib/python3.8/site-packages/webserver_pkg-0.0.1-py3.8.egg-info
[4.277s] running install_scripts
[4.342s] Installing webserver_publisher_node script to /root/deepracer_ws/aws-deepracer-launcher/install/webserver_pkg/lib/webserver_pkg
[4.346s] writing list of installed files to '/root/deepracer_ws/aws-deepracer-launcher/build/webserver_pkg/install.log'
[4.429s] Invoked command in '/root/deepracer_ws/aws-deepracer-launcher/aws-deepracer-webserver-pkg/webserver_pkg' returned '0': AMENT_PREFIX_PATH=/root/deepracer_ws/aws-deepracer-launcher/install/deepracer_systems_pkg:/root/deepracer_ws/aws-deepracer-launcher/install/ctrl_pkg:/root/deepracer_ws/aws-deepracer-launcher/install/usb_monitor_pkg:/root/deepracer_ws/aws-deepracer-launcher/install/status_led_pkg:/root/deepracer_ws/aws-deepracer-launcher/install/servo_pkg:/root/deepracer_ws/aws-deepracer-launcher/install/sensor_fusion_pkg:/root/deepracer_ws/aws-deepracer-launcher/install/model_optimizer_pkg:/root/deepracer_ws/aws-deepracer-launcher/install/inference_pkg:/root/deepracer_ws/aws-deepracer-launcher/install/i2c_pkg:/root/deepracer_ws/aws-deepracer-launcher/install/device_info_pkg:/root/deepracer_ws/aws-deepracer-launcher/install/deepracer_navigation_pkg:/root/deepracer_ws/aws-deepracer-launcher/install/camera_pkg:/root/deepracer_ws/aws-deepracer-launcher/install/deepracer_interfaces_pkg:${AMENT_PREFIX_PATH} CMAKE_PREFIX_PATH=/root/deepracer_ws/aws-deepracer-launcher/install/ctrl_pkg:/root/deepracer_ws/aws-deepracer-launcher/install/servo_pkg:/root/deepracer_ws/aws-deepracer-launcher/install/sensor_fusion_pkg:/root/deepracer_ws/aws-deepracer-launcher/install/inference_pkg:/root/deepracer_ws/aws-deepracer-launcher/install/i2c_pkg:/root/deepracer_ws/aws-deepracer-launcher/install/camera_pkg:/root/deepracer_ws/aws-deepracer-launcher/install/deepracer_interfaces_pkg LD_LIBRARY_PATH=/root/deepracer_ws/aws-deepracer-launcher/install/deepracer_interfaces_pkg/lib:${LD_LIBRARY_PATH} PYTHONPATH=/root/deepracer_ws/aws-deepracer-launcher/install/webserver_pkg/lib/python3.8/site-packages:/root/deepracer_ws/aws-deepracer-launcher/install/deepracer_systems_pkg/lib/python3.8/site-packages:/root/deepracer_ws/aws-deepracer-launcher/install/usb_monitor_pkg/lib/python3.8/site-packages:/root/deepracer_ws/aws-deepracer-launcher/install/status_led_pkg/lib/python3.8/site-packages:/root/deepracer_ws/aws-deepracer-launcher/install/model_optimizer_pkg/lib/python3.8/site-packages:/root/deepracer_ws/aws-deepracer-launcher/install/device_info_pkg/lib/python3.8/site-packages:/root/deepracer_ws/aws-deepracer-launcher/install/deepracer_navigation_pkg/lib/python3.8/site-packages:/root/deepracer_ws/aws-deepracer-launcher/install/deepracer_interfaces_pkg/lib/python3.8/site-packages:${PYTHONPATH} /usr/bin/python3 setup.py egg_info --egg-base ../../build/webserver_pkg build --build-base /root/deepracer_ws/aws-deepracer-launcher/build/webserver_pkg/build install --prefix /root/deepracer_ws/aws-deepracer-launcher/install/webserver_pkg --record /root/deepracer_ws/aws-deepracer-launcher/build/webserver_pkg/install.log --single-version-externally-managed
