[3.296s] Invoking command in '/root/deepracer_ws/aws-deepracer-launcher/aws-deepracer-navigation-pkg/deepracer_navigation_pkg': AMENT_PREFIX_PATH=/root/deepracer_ws/aws-deepracer-launcher/install/deepracer_interfaces_pkg:${AMENT_PREFIX_PATH} CMAKE_PREFIX_PATH=/root/deepracer_ws/aws-deepracer-launcher/install/deepracer_interfaces_pkg LD_LIBRARY_PATH=/root/deepracer_ws/aws-deepracer-launcher/install/deepracer_interfaces_pkg/lib:${LD_LIBRARY_PATH} PYTHONPATH=/root/deepracer_ws/aws-deepracer-launcher/install/deepracer_navigation_pkg/lib/python3.8/site-packages:/root/deepracer_ws/aws-deepracer-launcher/install/deepracer_interfaces_pkg/lib/python3.8/site-packages:${PYTHONPATH} /usr/bin/python3 setup.py egg_info --egg-base ../../build/deepracer_navigation_pkg build --build-base /root/deepracer_ws/aws-deepracer-launcher/build/deepracer_navigation_pkg/build install --prefix /root/deepracer_ws/aws-deepracer-launcher/install/deepracer_navigation_pkg --record /root/deepracer_ws/aws-deepracer-launcher/build/deepracer_navigation_pkg/install.log --single-version-externally-managed
[4.209s] running egg_info
[4.212s] creating ../../build/deepracer_navigation_pkg/deepracer_navigation_pkg.egg-info
[4.214s] writing ../../build/deepracer_navigation_pkg/deepracer_navigation_pkg.egg-info/PKG-INFO
[4.216s] writing dependency_links to ../../build/deepracer_navigation_pkg/deepracer_navigation_pkg.egg-info/dependency_links.txt
[4.217s] writing entry points to ../../build/deepracer_navigation_pkg/deepracer_navigation_pkg.egg-info/entry_points.txt
[4.218s] writing requirements to ../../build/deepracer_navigation_pkg/deepracer_navigation_pkg.egg-info/requires.txt
[4.219s] writing top-level names to ../../build/deepracer_navigation_pkg/deepracer_navigation_pkg.egg-info/top_level.txt
[4.225s] writing manifest file '../../build/deepracer_navigation_pkg/deepracer_navigation_pkg.egg-info/SOURCES.txt'
[4.357s] reading manifest file '../../build/deepracer_navigation_pkg/deepracer_navigation_pkg.egg-info/SOURCES.txt'
[4.360s] writing manifest file '../../build/deepracer_navigation_pkg/deepracer_navigation_pkg.egg-info/SOURCES.txt'
[4.361s] running build
[4.362s] running build_py
[4.363s] creating /root/deepracer_ws/aws-deepracer-launcher/build/deepracer_navigation_pkg/build
[4.364s] creating /root/deepracer_ws/aws-deepracer-launcher/build/deepracer_navigation_pkg/build/lib
[4.364s] creating /root/deepracer_ws/aws-deepracer-launcher/build/deepracer_navigation_pkg/build/lib/deepracer_navigation_pkg
[4.365s] copying deepracer_navigation_pkg/__init__.py -> /root/deepracer_ws/aws-deepracer-launcher/build/deepracer_navigation_pkg/build/lib/deepracer_navigation_pkg
[4.367s] copying deepracer_navigation_pkg/constants.py -> /root/deepracer_ws/aws-deepracer-launcher/build/deepracer_navigation_pkg/build/lib/deepracer_navigation_pkg
[4.368s] copying deepracer_navigation_pkg/deepracer_navigation_node.py -> /root/deepracer_ws/aws-deepracer-launcher/build/deepracer_navigation_pkg/build/lib/deepracer_navigation_pkg
[4.370s] running install
[4.374s] running install_lib
[4.378s] creating /root/deepracer_ws/aws-deepracer-launcher/install/deepracer_navigation_pkg/lib/python3.8/site-packages/deepracer_navigation_pkg
[4.379s] copying /root/deepracer_ws/aws-deepracer-launcher/build/deepracer_navigation_pkg/build/lib/deepracer_navigation_pkg/__init__.py -> /root/deepracer_ws/aws-deepracer-launcher/install/deepracer_navigation_pkg/lib/python3.8/site-packages/deepracer_navigation_pkg
[4.380s] copying /root/deepracer_ws/aws-deepracer-launcher/build/deepracer_navigation_pkg/build/lib/deepracer_navigation_pkg/constants.py -> /root/deepracer_ws/aws-deepracer-launcher/install/deepracer_navigation_pkg/lib/python3.8/site-packages/deepracer_navigation_pkg
[4.381s] copying /root/deepracer_ws/aws-deepracer-launcher/build/deepracer_navigation_pkg/build/lib/deepracer_navigation_pkg/deepracer_navigation_node.py -> /root/deepracer_ws/aws-deepracer-launcher/install/deepracer_navigation_pkg/lib/python3.8/site-packages/deepracer_navigation_pkg
[4.384s] byte-compiling /root/deepracer_ws/aws-deepracer-launcher/install/deepracer_navigation_pkg/lib/python3.8/site-packages/deepracer_navigation_pkg/__init__.py to __init__.cpython-38.pyc
[4.390s] byte-compiling /root/deepracer_ws/aws-deepracer-launcher/install/deepracer_navigation_pkg/lib/python3.8/site-packages/deepracer_navigation_pkg/constants.py to constants.cpython-38.pyc
[4.392s] byte-compiling /root/deepracer_ws/aws-deepracer-launcher/install/deepracer_navigation_pkg/lib/python3.8/site-packages/deepracer_navigation_pkg/deepracer_navigation_node.py to deepracer_navigation_node.cpython-38.pyc
[4.399s] running install_data
[4.401s] creating /root/deepracer_ws/aws-deepracer-launcher/install/deepracer_navigation_pkg/share/ament_index
[4.401s] creating /root/deepracer_ws/aws-deepracer-launcher/install/deepracer_navigation_pkg/share/ament_index/resource_index
[4.402s] creating /root/deepracer_ws/aws-deepracer-launcher/install/deepracer_navigation_pkg/share/ament_index/resource_index/packages
[4.403s] copying resource/deepracer_navigation_pkg -> /root/deepracer_ws/aws-deepracer-launcher/install/deepracer_navigation_pkg/share/ament_index/resource_index/packages
[4.404s] copying package.xml -> /root/deepracer_ws/aws-deepracer-launcher/install/deepracer_navigation_pkg/share/deepracer_navigation_pkg
[4.406s] copying launch/deepracer_navigation_pkg_launch.py -> /root/deepracer_ws/aws-deepracer-launcher/install/deepracer_navigation_pkg/share/deepracer_navigation_pkg
[4.407s] running install_egg_info
[4.414s] Copying ../../build/deepracer_navigation_pkg/deepracer_navigation_pkg.egg-info to /root/deepracer_ws/aws-deepracer-launcher/install/deepracer_navigation_pkg/lib/python3.8/site-packages/deepracer_navigation_pkg-0.0.1-py3.8.egg-info
[4.418s] running install_scripts
[4.483s] Installing deepracer_navigation_node script to /root/deepracer_ws/aws-deepracer-launcher/install/deepracer_navigation_pkg/lib/deepracer_navigation_pkg
[4.485s] writing list of installed files to '/root/deepracer_ws/aws-deepracer-launcher/build/deepracer_navigation_pkg/install.log'
[4.569s] Invoked command in '/root/deepracer_ws/aws-deepracer-launcher/aws-deepracer-navigation-pkg/deepracer_navigation_pkg' returned '0': AMENT_PREFIX_PATH=/root/deepracer_ws/aws-deepracer-launcher/install/deepracer_interfaces_pkg:${AMENT_PREFIX_PATH} CMAKE_PREFIX_PATH=/root/deepracer_ws/aws-deepracer-launcher/install/deepracer_interfaces_pkg LD_LIBRARY_PATH=/root/deepracer_ws/aws-deepracer-launcher/install/deepracer_interfaces_pkg/lib:${LD_LIBRARY_PATH} PYTHONPATH=/root/deepracer_ws/aws-deepracer-launcher/install/deepracer_navigation_pkg/lib/python3.8/site-packages:/root/deepracer_ws/aws-deepracer-launcher/install/deepracer_interfaces_pkg/lib/python3.8/site-packages:${PYTHONPATH} /usr/bin/python3 setup.py egg_info --egg-base ../../build/deepracer_navigation_pkg build --build-base /root/deepracer_ws/aws-deepracer-launcher/build/deepracer_navigation_pkg/build install --prefix /root/deepracer_ws/aws-deepracer-launcher/install/deepracer_navigation_pkg --record /root/deepracer_ws/aws-deepracer-launcher/build/deepracer_navigation_pkg/install.log --single-version-externally-managed
