[2.865s] Invoking command in '/root/deepracer_ws/aws-deepracer-launcher/aws-deepracer-webserver-pkg/webserver_pkg': AMENT_PREFIX_PATH=/root/deepracer_ws/aws-deepracer-launcher/install/deepracer_systems_pkg:/root/deepracer_ws/aws-deepracer-launcher/install/ctrl_pkg:/root/deepracer_ws/aws-deepracer-launcher/install/usb_monitor_pkg:/root/deepracer_ws/aws-deepracer-launcher/install/status_led_pkg:/root/deepracer_ws/aws-deepracer-launcher/install/servo_pkg:/root/deepracer_ws/aws-deepracer-launcher/install/sensor_fusion_pkg:/root/deepracer_ws/aws-deepracer-launcher/install/model_optimizer_pkg:/root/deepracer_ws/aws-deepracer-launcher/install/inference_pkg:/root/deepracer_ws/aws-deepracer-launcher/install/i2c_pkg:/root/deepracer_ws/aws-deepracer-launcher/install/device_info_pkg:/root/deepracer_ws/aws-deepracer-launcher/install/deepracer_navigation_pkg:/root/deepracer_ws/aws-deepracer-launcher/install/camera_pkg:/root/deepracer_ws/aws-deepracer-launcher/install/deepracer_interfaces_pkg:${AMENT_PREFIX_PATH} CMAKE_PREFIX_PATH=/root/deepracer_ws/aws-deepracer-launcher/install/ctrl_pkg:/root/deepracer_ws/aws-deepracer-launcher/install/servo_pkg:/root/deepracer_ws/aws-deepracer-launcher/install/sensor_fusion_pkg:/root/deepracer_ws/aws-deepracer-launcher/install/inference_pkg:/root/deepracer_ws/aws-deepracer-launcher/install/i2c_pkg:/root/deepracer_ws/aws-deepracer-launcher/install/camera_pkg:/root/deepracer_ws/aws-deepracer-launcher/install/deepracer_interfaces_pkg LD_LIBRARY_PATH=/root/deepracer_ws/aws-deepracer-launcher/install/deepracer_interfaces_pkg/lib:${LD_LIBRARY_PATH} PYTHONPATH=/root/deepracer_ws/aws-deepracer-launcher/install/webserver_pkg/lib/python3.8/site-packages:/root/deepracer_ws/aws-deepracer-launcher/install/deepracer_systems_pkg/lib/python3.8/site-packages:/root/deepracer_ws/aws-deepracer-launcher/install/usb_monitor_pkg/lib/python3.8/site-packages:/root/deepracer_ws/aws-deepracer-launcher/install/status_led_pkg/lib/python3.8/site-packages:/root/deepracer_ws/aws-deepracer-launcher/install/model_optimizer_pkg/lib/python3.8/site-packages:/root/deepracer_ws/aws-deepracer-launcher/install/device_info_pkg/lib/python3.8/site-packages:/root/deepracer_ws/aws-deepracer-launcher/install/deepracer_navigation_pkg/lib/python3.8/site-packages:/root/deepracer_ws/aws-deepracer-launcher/install/deepracer_interfaces_pkg/lib/python3.8/site-packages:${PYTHONPATH} /usr/bin/python3 setup.py egg_info --egg-base ../../build/webserver_pkg build --build-base /root/deepracer_ws/aws-deepracer-launcher/build/webserver_pkg/build install --prefix /root/deepracer_ws/aws-deepracer-launcher/install/webserver_pkg --record /root/deepracer_ws/aws-deepracer-launcher/build/webserver_pkg/install.log --single-version-externally-managed
[3.758s] running egg_info
[3.760s] creating ../../build/webserver_pkg/webserver_pkg.egg-info
[3.761s] writing ../../build/webserver_pkg/webserver_pkg.egg-info/PKG-INFO
[3.763s] writing dependency_links to ../../build/webserver_pkg/webserver_pkg.egg-info/dependency_links.txt
[3.764s] writing entry points to ../../build/webserver_pkg/webserver_pkg.egg-info/entry_points.txt
[3.764s] writing requirements to ../../build/webserver_pkg/webserver_pkg.egg-info/requires.txt
[3.764s] writing top-level names to ../../build/webserver_pkg/webserver_pkg.egg-info/top_level.txt
[3.769s] writing manifest file '../../build/webserver_pkg/webserver_pkg.egg-info/SOURCES.txt'
[3.892s] reading manifest file '../../build/webserver_pkg/webserver_pkg.egg-info/SOURCES.txt'
[3.895s] writing manifest file '../../build/webserver_pkg/webserver_pkg.egg-info/SOURCES.txt'
[3.896s] running build
[3.896s] running build_py
[3.897s] creating /root/deepracer_ws/aws-deepracer-launcher/build/webserver_pkg/build
[3.897s] creating /root/deepracer_ws/aws-deepracer-launcher/build/webserver_pkg/build/lib
[3.898s] creating /root/deepracer_ws/aws-deepracer-launcher/build/webserver_pkg/build/lib/webserver_pkg
[3.898s] copying webserver_pkg/__init__.py -> /root/deepracer_ws/aws-deepracer-launcher/build/webserver_pkg/build/lib/webserver_pkg
[3.898s] copying webserver_pkg/calibration.py -> /root/deepracer_ws/aws-deepracer-launcher/build/webserver_pkg/build/lib/webserver_pkg
[4.056s] copying webserver_pkg/constants.py -> /root/deepracer_ws/aws-deepracer-launcher/build/webserver_pkg/build/lib/webserver_pkg
[4.056s] copying webserver_pkg/device_info_api.py -> /root/deepracer_ws/aws-deepracer-launcher/build/webserver_pkg/build/lib/webserver_pkg
[4.058s] copying webserver_pkg/led_api.py -> /root/deepracer_ws/aws-deepracer-launcher/build/webserver_pkg/build/lib/webserver_pkg
[4.060s] copying webserver_pkg/login.py -> /root/deepracer_ws/aws-deepracer-launcher/build/webserver_pkg/build/lib/webserver_pkg
[4.060s] copying webserver_pkg/models.py -> /root/deepracer_ws/aws-deepracer-launcher/build/webserver_pkg/build/lib/webserver_pkg
[4.063s] copying webserver_pkg/software_update.py -> /root/deepracer_ws/aws-deepracer-launcher/build/webserver_pkg/build/lib/webserver_pkg
[4.064s] copying webserver_pkg/ssh_api.py -> /root/deepracer_ws/aws-deepracer-launcher/build/webserver_pkg/build/lib/webserver_pkg
[4.066s] copying webserver_pkg/utility.py -> /root/deepracer_ws/aws-deepracer-launcher/build/webserver_pkg/build/lib/webserver_pkg
[4.066s] copying webserver_pkg/vehicle_control.py -> /root/deepracer_ws/aws-deepracer-launcher/build/webserver_pkg/build/lib/webserver_pkg
[4.068s] copying webserver_pkg/vehicle_logs.py -> /root/deepracer_ws/aws-deepracer-launcher/build/webserver_pkg/build/lib/webserver_pkg
[4.069s] copying webserver_pkg/webserver.py -> /root/deepracer_ws/aws-deepracer-launcher/build/webserver_pkg/build/lib/webserver_pkg
[4.070s] copying webserver_pkg/webserver_publisher_node.py -> /root/deepracer_ws/aws-deepracer-launcher/build/webserver_pkg/build/lib/webserver_pkg
[4.072s] copying webserver_pkg/wifi_settings.py -> /root/deepracer_ws/aws-deepracer-launcher/build/webserver_pkg/build/lib/webserver_pkg
[4.074s] running install
[4.077s] running install_lib
[4.080s] creating /root/deepracer_ws/aws-deepracer-launcher/install/webserver_pkg/lib/python3.8/site-packages/webserver_pkg
[4.081s] copying /root/deepracer_ws/aws-deepracer-launcher/build/webserver_pkg/build/lib/webserver_pkg/__init__.py -> /root/deepracer_ws/aws-deepracer-launcher/install/webserver_pkg/lib/python3.8/site-packages/webserver_pkg
[4.081s] copying /root/deepracer_ws/aws-deepracer-launcher/build/webserver_pkg/build/lib/webserver_pkg/calibration.py -> /root/deepracer_ws/aws-deepracer-launcher/install/webserver_pkg/lib/python3.8/site-packages/webserver_pkg
[4.082s] copying /root/deepracer_ws/aws-deepracer-launcher/build/webserver_pkg/build/lib/webserver_pkg/constants.py -> /root/deepracer_ws/aws-deepracer-launcher/install/webserver_pkg/lib/python3.8/site-packages/webserver_pkg
[4.082s] copying /root/deepracer_ws/aws-deepracer-launcher/build/webserver_pkg/build/lib/webserver_pkg/device_info_api.py -> /root/deepracer_ws/aws-deepracer-launcher/install/webserver_pkg/lib/python3.8/site-packages/webserver_pkg
[4.083s] copying /root/deepracer_ws/aws-deepracer-launcher/build/webserver_pkg/build/lib/webserver_pkg/led_api.py -> /root/deepracer_ws/aws-deepracer-launcher/install/webserver_pkg/lib/python3.8/site-packages/webserver_pkg
[4.084s] copying /root/deepracer_ws/aws-deepracer-launcher/build/webserver_pkg/build/lib/webserver_pkg/login.py -> /root/deepracer_ws/aws-deepracer-launcher/install/webserver_pkg/lib/python3.8/site-packages/webserver_pkg
[4.085s] copying /root/deepracer_ws/aws-deepracer-launcher/build/webserver_pkg/build/lib/webserver_pkg/models.py -> /root/deepracer_ws/aws-deepracer-launcher/install/webserver_pkg/lib/python3.8/site-packages/webserver_pkg
[4.086s] copying /root/deepracer_ws/aws-deepracer-launcher/build/webserver_pkg/build/lib/webserver_pkg/software_update.py -> /root/deepracer_ws/aws-deepracer-launcher/install/webserver_pkg/lib/python3.8/site-packages/webserver_pkg
[4.086s] copying /root/deepracer_ws/aws-deepracer-launcher/build/webserver_pkg/build/lib/webserver_pkg/ssh_api.py -> /root/deepracer_ws/aws-deepracer-launcher/install/webserver_pkg/lib/python3.8/site-packages/webserver_pkg
[4.086s] copying /root/deepracer_ws/aws-deepracer-launcher/build/webserver_pkg/build/lib/webserver_pkg/utility.py -> /root/deepracer_ws/aws-deepracer-launcher/install/webserver_pkg/lib/python3.8/site-packages/webserver_pkg
[4.087s] copying /root/deepracer_ws/aws-deepracer-launcher/build/webserver_pkg/build/lib/webserver_pkg/vehicle_control.py -> /root/deepracer_ws/aws-deepracer-launcher/install/webserver_pkg/lib/python3.8/site-packages/webserver_pkg
[4.087s] copying /root/deepracer_ws/aws-deepracer-launcher/build/webserver_pkg/build/lib/webserver_pkg/vehicle_logs.py -> /root/deepracer_ws/aws-deepracer-launcher/install/webserver_pkg/lib/python3.8/site-packages/webserver_pkg
[4.087s] copying /root/deepracer_ws/aws-deepracer-launcher/build/webserver_pkg/build/lib/webserver_pkg/webserver.py -> /root/deepracer_ws/aws-deepracer-launcher/install/webserver_pkg/lib/python3.8/site-packages/webserver_pkg
[4.088s] copying /root/deepracer_ws/aws-deepracer-launcher/build/webserver_pkg/build/lib/webserver_pkg/webserver_publisher_node.py -> /root/deepracer_ws/aws-deepracer-launcher/install/webserver_pkg/lib/python3.8/site-packages/webserver_pkg
[4.088s] copying /root/deepracer_ws/aws-deepracer-launcher/build/webserver_pkg/build/lib/webserver_pkg/wifi_settings.py -> /root/deepracer_ws/aws-deepracer-launcher/install/webserver_pkg/lib/python3.8/site-packages/webserver_pkg
[4.088s] byte-compiling /root/deepracer_ws/aws-deepracer-launcher/install/webserver_pkg/lib/python3.8/site-packages/webserver_pkg/__init__.py to __init__.cpython-38.pyc
[4.093s] byte-compiling /root/deepracer_ws/aws-deepracer-launcher/install/webserver_pkg/lib/python3.8/site-packages/webserver_pkg/calibration.py to calibration.cpython-38.pyc
[4.097s] byte-compiling /root/deepracer_ws/aws-deepracer-launcher/install/webserver_pkg/lib/python3.8/site-packages/webserver_pkg/constants.py to constants.cpython-38.pyc
[4.100s] byte-compiling /root/deepracer_ws/aws-deepracer-launcher/install/webserver_pkg/lib/python3.8/site-packages/webserver_pkg/device_info_api.py to device_info_api.cpython-38.pyc
[4.103s] byte-compiling /root/deepracer_ws/aws-deepracer-launcher/install/webserver_pkg/lib/python3.8/site-packages/webserver_pkg/led_api.py to led_api.cpython-38.pyc
[4.105s] byte-compiling /root/deepracer_ws/aws-deepracer-launcher/install/webserver_pkg/lib/python3.8/site-packages/webserver_pkg/login.py to login.cpython-38.pyc
[4.108s] byte-compiling /root/deepracer_ws/aws-deepracer-launcher/install/webserver_pkg/lib/python3.8/site-packages/webserver_pkg/models.py to models.cpython-38.pyc
[4.119s] byte-compiling /root/deepracer_ws/aws-deepracer-launcher/install/webserver_pkg/lib/python3.8/site-packages/webserver_pkg/software_update.py to software_update.cpython-38.pyc
[4.122s] byte-compiling /root/deepracer_ws/aws-deepracer-launcher/install/webserver_pkg/lib/python3.8/site-packages/webserver_pkg/ssh_api.py to ssh_api.cpython-38.pyc
[4.125s] byte-compiling /root/deepracer_ws/aws-deepracer-launcher/install/webserver_pkg/lib/python3.8/site-packages/webserver_pkg/utility.py to utility.cpython-38.pyc
[4.128s] byte-compiling /root/deepracer_ws/aws-deepracer-launcher/install/webserver_pkg/lib/python3.8/site-packages/webserver_pkg/vehicle_control.py to vehicle_control.cpython-38.pyc
[4.132s] byte-compiling /root/deepracer_ws/aws-deepracer-launcher/install/webserver_pkg/lib/python3.8/site-packages/webserver_pkg/vehicle_logs.py to vehicle_logs.cpython-38.pyc
[4.134s] byte-compiling /root/deepracer_ws/aws-deepracer-launcher/install/webserver_pkg/lib/python3.8/site-packages/webserver_pkg/webserver.py to webserver.cpython-38.pyc
[4.135s] byte-compiling /root/deepracer_ws/aws-deepracer-launcher/install/webserver_pkg/lib/python3.8/site-packages/webserver_pkg/webserver_publisher_node.py to webserver_publisher_node.cpython-38.pyc
[4.140s] byte-compiling /root/deepracer_ws/aws-deepracer-launcher/install/webserver_pkg/lib/python3.8/site-packages/webserver_pkg/wifi_settings.py to wifi_settings.cpython-38.pyc
[4.143s] running install_data
[4.145s] creating /root/deepracer_ws/aws-deepracer-launcher/install/webserver_pkg/share/ament_index
[4.145s] creating /root/deepracer_ws/aws-deepracer-launcher/install/webserver_pkg/share/ament_index/resource_index
[4.146s] creating /root/deepracer_ws/aws-deepracer-launcher/install/webserver_pkg/share/ament_index/resource_index/packages
[4.146s] copying resource/webserver_pkg -> /root/deepracer_ws/aws-deepracer-launcher/install/webserver_pkg/share/ament_index/resource_index/packages
[4.146s] copying package.xml -> /root/deepracer_ws/aws-deepracer-launcher/install/webserver_pkg/share/webserver_pkg
[4.148s] copying launch/webserver_pkg_launch.py -> /root/deepracer_ws/aws-deepracer-launcher/install/webserver_pkg/share/webserver_pkg
[4.149s] running install_egg_info
[4.155s] Copying ../../build/webserver_pkg/webserver_pkg.egg-info to /root/deepracer_ws/aws-deepracer-launcher/install/webserver_pkg/lib/python3.8/site-packages/webserver_pkg-0.0.1-py3.8.egg-info
[4.160s] running install_scripts
[4.224s] Installing webserver_publisher_node script to /root/deepracer_ws/aws-deepracer-launcher/install/webserver_pkg/lib/webserver_pkg
[4.226s] writing list of installed files to '/root/deepracer_ws/aws-deepracer-launcher/build/webserver_pkg/install.log'
[4.308s] Invoked command in '/root/deepracer_ws/aws-deepracer-launcher/aws-deepracer-webserver-pkg/webserver_pkg' returned '0': AMENT_PREFIX_PATH=/root/deepracer_ws/aws-deepracer-launcher/install/deepracer_systems_pkg:/root/deepracer_ws/aws-deepracer-launcher/install/ctrl_pkg:/root/deepracer_ws/aws-deepracer-launcher/install/usb_monitor_pkg:/root/deepracer_ws/aws-deepracer-launcher/install/status_led_pkg:/root/deepracer_ws/aws-deepracer-launcher/install/servo_pkg:/root/deepracer_ws/aws-deepracer-launcher/install/sensor_fusion_pkg:/root/deepracer_ws/aws-deepracer-launcher/install/model_optimizer_pkg:/root/deepracer_ws/aws-deepracer-launcher/install/inference_pkg:/root/deepracer_ws/aws-deepracer-launcher/install/i2c_pkg:/root/deepracer_ws/aws-deepracer-launcher/install/device_info_pkg:/root/deepracer_ws/aws-deepracer-launcher/install/deepracer_navigation_pkg:/root/deepracer_ws/aws-deepracer-launcher/install/camera_pkg:/root/deepracer_ws/aws-deepracer-launcher/install/deepracer_interfaces_pkg:${AMENT_PREFIX_PATH} CMAKE_PREFIX_PATH=/root/deepracer_ws/aws-deepracer-launcher/install/ctrl_pkg:/root/deepracer_ws/aws-deepracer-launcher/install/servo_pkg:/root/deepracer_ws/aws-deepracer-launcher/install/sensor_fusion_pkg:/root/deepracer_ws/aws-deepracer-launcher/install/inference_pkg:/root/deepracer_ws/aws-deepracer-launcher/install/i2c_pkg:/root/deepracer_ws/aws-deepracer-launcher/install/camera_pkg:/root/deepracer_ws/aws-deepracer-launcher/install/deepracer_interfaces_pkg LD_LIBRARY_PATH=/root/deepracer_ws/aws-deepracer-launcher/install/deepracer_interfaces_pkg/lib:${LD_LIBRARY_PATH} PYTHONPATH=/root/deepracer_ws/aws-deepracer-launcher/install/webserver_pkg/lib/python3.8/site-packages:/root/deepracer_ws/aws-deepracer-launcher/install/deepracer_systems_pkg/lib/python3.8/site-packages:/root/deepracer_ws/aws-deepracer-launcher/install/usb_monitor_pkg/lib/python3.8/site-packages:/root/deepracer_ws/aws-deepracer-launcher/install/status_led_pkg/lib/python3.8/site-packages:/root/deepracer_ws/aws-deepracer-launcher/install/model_optimizer_pkg/lib/python3.8/site-packages:/root/deepracer_ws/aws-deepracer-launcher/install/device_info_pkg/lib/python3.8/site-packages:/root/deepracer_ws/aws-deepracer-launcher/install/deepracer_navigation_pkg/lib/python3.8/site-packages:/root/deepracer_ws/aws-deepracer-launcher/install/deepracer_interfaces_pkg/lib/python3.8/site-packages:${PYTHONPATH} /usr/bin/python3 setup.py egg_info --egg-base ../../build/webserver_pkg build --build-base /root/deepracer_ws/aws-deepracer-launcher/build/webserver_pkg/build install --prefix /root/deepracer_ws/aws-deepracer-launcher/install/webserver_pkg --record /root/deepracer_ws/aws-deepracer-launcher/build/webserver_pkg/install.log --single-version-externally-managed
